Warning	03-08-2019 09:24:23	rt640x64	1	None	Realtek PCIe FE Family Controller is disconnected from network.
Information	03-08-2019 09:24:22	Microsoft-Windows-Kernel-General	1	(5)	"The system time has changed to ‎2019‎-‎08‎-‎03T03:54:22.500000000Z from ‎2019‎-‎07‎-‎31T04:48:06.627435800Z.

Change Reason: System time synchronized with the hardware clock."
Information	31-07-2019 10:18:06	Microsoft-Windows-Kernel-Power	107	(102)	The system has resumed from sleep.
Information	03-08-2019 09:24:23	EventLog	6013	None	The system uptime is 1078317 seconds.
Information	31-07-2019 10:18:01	Microsoft-Windows-Kernel-Power	42	(64)	"The system is entering sleep.

Sleep Reason: Application API"
Information	31-07-2019 10:17:48	Microsoft-Windows-Winlogon	7002	(1102)	User Logoff Notification for Customer Experience Improvement Program
Information	31-07-2019 10:14:14	Microsoft-Windows-Kernel-General	16	None	The access history in hive \??\C:\ProgramData\Microsoft\Provisioning\Microsoft-Desktop-Provisioning-Sequence.dat was cleared updating 0 keys and creating 0 modified pages.
Warning	31-07-2019 10:08:41	Microsoft-Windows-WHEA-Logger	17	None	"A corrected hardware error has occurred.

Component: PCI Express Root Port
Error Source: Advanced Error Reporting (PCI Express)

Bus:Device:Function: 0x0:0x1C:0x0
Vendor ID:Device ID: 0x8086:0x9D14
Class Code: 0x30400

The details view of this entry contains further information."
Warning	31-07-2019 10:03:37	Microsoft-Windows-WHEA-Logger	17	None	"A corrected hardware error has occurred.

Component: PCI Express Root Port
Error Source: Advanced Error Reporting (PCI Express)

Bus:Device:Function: 0x0:0x1C:0x0
Vendor ID:Device ID: 0x8086:0x9D14
Class Code: 0x30400

The details view of this entry contains further information."
Warning	31-07-2019 10:00:35	Microsoft-Windows-WHEA-Logger	17	None	"A corrected hardware error has occurred.

Component: PCI Express Root Port
Error Source: Advanced Error Reporting (PCI Express)

Bus:Device:Function: 0x0:0x1C:0x0
Vendor ID:Device ID: 0x8086:0x9D14
Class Code: 0x30400

The details view of this entry contains further information."
Warning	31-07-2019 10:00:10	Microsoft-Windows-WHEA-Logger	17	None	"A corrected hardware error has occurred.

Component: PCI Express Root Port
Error Source: Advanced Error Reporting (PCI Express)

Bus:Device:Function: 0x0:0x1C:0x0
Vendor ID:Device ID: 0x8086:0x9D14
Class Code: 0x30400

The details view of this entry contains further information."
Warning	31-07-2019 09:59:20	Microsoft-Windows-WHEA-Logger	17	None	"A corrected hardware error has occurred.

Component: PCI Express Root Port
Error Source: Advanced Error Reporting (PCI Express)

Bus:Device:Function: 0x0:0x1C:0x0
Vendor ID:Device ID: 0x8086:0x9D14
Class Code: 0x30400

The details view of this entry contains further information."
Warning	31-07-2019 09:59:15	Microsoft-Windows-WHEA-Logger	17	None	"A corrected hardware error has occurred.

Component: PCI Express Root Port
Error Source: Advanced Error Reporting (PCI Express)

Bus:Device:Function: 0x0:0x1C:0x0
Vendor ID:Device ID: 0x8086:0x9D14
Class Code: 0x30400

The details view of this entry contains further information."
Warning	31-07-2019 09:58:51	Microsoft-Windows-WHEA-Logger	17	None	"A corrected hardware error has occurred.

Component: PCI Express Root Port
Error Source: Advanced Error Reporting (PCI Express)

Bus:Device:Function: 0x0:0x1C:0x0
Vendor ID:Device ID: 0x8086:0x9D14
Class Code: 0x30400

The details view of this entry contains further information."
Warning	31-07-2019 09:56:09	Microsoft-Windows-WHEA-Logger	17	None	"A corrected hardware error has occurred.

Component: PCI Express Root Port
Error Source: Advanced Error Reporting (PCI Express)

Bus:Device:Function: 0x0:0x1C:0x0
Vendor ID:Device ID: 0x8086:0x9D14
Class Code: 0x30400

The details view of this entry contains further information."
Warning	31-07-2019 09:55:00	Microsoft-Windows-WHEA-Logger	17	None	"A corrected hardware error has occurred.

Component: PCI Express Root Port
Error Source: Advanced Error Reporting (PCI Express)

Bus:Device:Function: 0x0:0x1C:0x0
Vendor ID:Device ID: 0x8086:0x9D14
Class Code: 0x30400

The details view of this entry contains further information."
Warning	31-07-2019 09:54:27	Microsoft-Windows-WHEA-Logger	17	None	"A corrected hardware error has occurred.

Component: PCI Express Root Port
Error Source: Advanced Error Reporting (PCI Express)

Bus:Device:Function: 0x0:0x1C:0x0
Vendor ID:Device ID: 0x8086:0x9D14
Class Code: 0x30400

The details view of this entry contains further information."
Warning	31-07-2019 09:41:58	Microsoft-Windows-WHEA-Logger	17	None	"A corrected hardware error has occurred.

Component: PCI Express Root Port
Error Source: Advanced Error Reporting (PCI Express)

Bus:Device:Function: 0x0:0x1C:0x0
Vendor ID:Device ID: 0x8086:0x9D14
Class Code: 0x30400

The details view of this entry contains further information."
Warning	31-07-2019 09:36:27	Microsoft-Windows-WHEA-Logger	17	None	"A corrected hardware error has occurred.

Component: PCI Express Root Port
Error Source: Advanced Error Reporting (PCI Express)

Bus:Device:Function: 0x0:0x1C:0x0
Vendor ID:Device ID: 0x8086:0x9D14
Class Code: 0x30400

The details view of this entry contains further information."
Warning	31-07-2019 09:34:52	Microsoft-Windows-WHEA-Logger	17	None	"A corrected hardware error has occurred.

Component: PCI Express Root Port
Error Source: Advanced Error Reporting (PCI Express)

Bus:Device:Function: 0x0:0x1C:0x0
Vendor ID:Device ID: 0x8086:0x9D14
Class Code: 0x30400

The details view of this entry contains further information."
Warning	31-07-2019 09:34:34	Microsoft-Windows-WHEA-Logger	17	None	"A corrected hardware error has occurred.

Component: PCI Express Root Port
Error Source: Advanced Error Reporting (PCI Express)

Bus:Device:Function: 0x0:0x1C:0x0
Vendor ID:Device ID: 0x8086:0x9D14
Class Code: 0x30400

The details view of this entry contains further information."
Warning	31-07-2019 09:31:22	Microsoft-Windows-WHEA-Logger	17	None	"A corrected hardware error has occurred.

Component: PCI Express Root Port
Error Source: Advanced Error Reporting (PCI Express)

Bus:Device:Function: 0x0:0x1C:0x0
Vendor ID:Device ID: 0x8086:0x9D14
Class Code: 0x30400

The details view of this entry contains further information."
Warning	31-07-2019 09:31:14	Microsoft-Windows-WHEA-Logger	17	None	"A corrected hardware error has occurred.

Component: PCI Express Root Port
Error Source: Advanced Error Reporting (PCI Express)

Bus:Device:Function: 0x0:0x1C:0x0
Vendor ID:Device ID: 0x8086:0x9D14
Class Code: 0x30400

The details view of this entry contains further information."
Warning	31-07-2019 09:20:19	Microsoft-Windows-WHEA-Logger	17	None	"A corrected hardware error has occurred.

Component: PCI Express Root Port
Error Source: Advanced Error Reporting (PCI Express)

Bus:Device:Function: 0x0:0x1C:0x0
Vendor ID:Device ID: 0x8086:0x9D14
Class Code: 0x30400

The details view of this entry contains further information."
Warning	31-07-2019 09:01:46	Microsoft-Windows-WHEA-Logger	17	None	"A corrected hardware error has occurred.

Component: PCI Express Root Port
Error Source: Advanced Error Reporting (PCI Express)

Bus:Device:Function: 0x0:0x1C:0x0
Vendor ID:Device ID: 0x8086:0x9D14
Class Code: 0x30400

The details view of this entry contains further information."
Warning	31-07-2019 09:01:10	Microsoft-Windows-WHEA-Logger	17	None	"A corrected hardware error has occurred.

Component: PCI Express Root Port
Error Source: Advanced Error Reporting (PCI Express)

Bus:Device:Function: 0x0:0x1C:0x0
Vendor ID:Device ID: 0x8086:0x9D14
Class Code: 0x30400

The details view of this entry contains further information."
Warning	31-07-2019 09:00:59	Microsoft-Windows-WHEA-Logger	17	None	"A corrected hardware error has occurred.

Component: PCI Express Root Port
Error Source: Advanced Error Reporting (PCI Express)

Bus:Device:Function: 0x0:0x1C:0x0
Vendor ID:Device ID: 0x8086:0x9D14
Class Code: 0x30400

The details view of this entry contains further information."
Warning	31-07-2019 09:00:59	Microsoft-Windows-WHEA-Logger	17	None	"A corrected hardware error has occurred.

Component: PCI Express Root Port
Error Source: Advanced Error Reporting (PCI Express)

Bus:Device:Function: 0x0:0x1C:0x0
Vendor ID:Device ID: 0x8086:0x9D14
Class Code: 0x30400

The details view of this entry contains further information."
Warning	31-07-2019 09:00:55	Microsoft-Windows-WHEA-Logger	17	None	"A corrected hardware error has occurred.

Component: PCI Express Root Port
Error Source: Advanced Error Reporting (PCI Express)

Bus:Device:Function: 0x0:0x1C:0x0
Vendor ID:Device ID: 0x8086:0x9D14
Class Code: 0x30400

The details view of this entry contains further information."
Warning	31-07-2019 09:00:19	Microsoft-Windows-WHEA-Logger	17	None	"A corrected hardware error has occurred.

Component: PCI Express Root Port
Error Source: Advanced Error Reporting (PCI Express)

Bus:Device:Function: 0x0:0x1C:0x0
Vendor ID:Device ID: 0x8086:0x9D14
Class Code: 0x30400

The details view of this entry contains further information."
Warning	31-07-2019 09:00:19	Microsoft-Windows-WHEA-Logger	17	None	"A corrected hardware error has occurred.

Component: PCI Express Root Port
Error Source: Advanced Error Reporting (PCI Express)

Bus:Device:Function: 0x0:0x1C:0x0
Vendor ID:Device ID: 0x8086:0x9D14
Class Code: 0x30400

The details view of this entry contains further information."
Warning	31-07-2019 09:00:18	Microsoft-Windows-WHEA-Logger	17	None	"A corrected hardware error has occurred.

Component: PCI Express Root Port
Error Source: Advanced Error Reporting (PCI Express)

Bus:Device:Function: 0x0:0x1C:0x0
Vendor ID:Device ID: 0x8086:0x9D14
Class Code: 0x30400

The details view of this entry contains further information."
Information	31-07-2019 09:00:17	Microsoft-Windows-Kernel-General	16	None	The access history in hive \??\C:\Users\karthikeyaram\AppData\Local\Packages\DellInc.DellCustomerConnect_htrsf667h5kn2\Settings\settings.dat was cleared updating 3 keys and creating 1 modified pages.
Error	31-07-2019 08:59:20	Microsoft-Windows-DistributedCOM	10016	None	"The application-specific permission settings do not grant Local Activation permission for the COM Server application with CLSID 
{8BC3F05E-D86B-11D0-A075-00C04FB68820}
 and APPID 
{8BC3F05E-D86B-11D0-A075-00C04FB68820}
 to the user DESKTOP-HNCA8IM\karthikeyaram SID (S-1-5-21-2479648021-1448410262-2704196919-1001) from address LocalHost (Using LRPC) running in the application container Microsoft.Windows.ContentDeliveryManager_10.0.17134.1_neutral_neutral_cw5n1h2txyewy SID (S-1-15-2-350187224-1905355452-1037786396-3028148496-2624191407-3283318427-1255436723). This security permission can be modified using the Component Services administrative tool."
Warning	31-07-2019 08:59:08	Microsoft-Windows-WHEA-Logger	17	None	"A corrected hardware error has occurred.

Component: PCI Express Root Port
Error Source: Advanced Error Reporting (PCI Express)

Bus:Device:Function: 0x0:0x1C:0x0
Vendor ID:Device ID: 0x8086:0x9D14
Class Code: 0x30400

The details view of this entry contains further information."
Warning	31-07-2019 08:59:02	Microsoft-Windows-WHEA-Logger	17	None	"A corrected hardware error has occurred.

Component: PCI Express Root Port
Error Source: Advanced Error Reporting (PCI Express)

Bus:Device:Function: 0x0:0x1C:0x0
Vendor ID:Device ID: 0x8086:0x9D14
Class Code: 0x30400

The details view of this entry contains further information."
Information	31-07-2019 08:58:46	Microsoft-Windows-Kernel-General	16	None	The access history in hive \??\C:\Users\karthikeyaram\AppData\Local\Packages\Microsoft.OneConnect_8wekyb3d8bbwe\Settings\settings.dat was cleared updating 3 keys and creating 1 modified pages.
Information	31-07-2019 08:57:38	Microsoft-Windows-Kernel-General	16	None	The access history in hive \??\C:\Users\karthikeyaram\AppData\Local\Packages\Microsoft.LockApp_cw5n1h2txyewy\Settings\settings.dat was cleared updating 2 keys and creating 1 modified pages.
Error	31-07-2019 08:56:59	Microsoft-Windows-DistributedCOM	10016	None	"The application-specific permission settings do not grant Local Activation permission for the COM Server application with CLSID 
{D63B10C5-BB46-4990-A94F-E40B9D520160}
 and APPID 
{9CA88EE3-ACB7-47C8-AFC4-AB702511C276}
 to the user NT AUTHORITY\LOCAL SERVICE SID (S-1-5-19) from address LocalHost (Using LRPC) running in the application container Unavailable SID (Unavailable). This security permission can be modified using the Component Services administrative tool."
Error	31-07-2019 08:56:57	Microsoft-Windows-DistributedCOM	10016	None	"The application-specific permission settings do not grant Local Activation permission for the COM Server application with CLSID 
{6B3B8D23-FA8D-40B9-8DBD-B950333E2C52}
 and APPID 
{4839DDB7-58C2-48F5-8283-E1D1807D0D7D}
 to the user NT AUTHORITY\LOCAL SERVICE SID (S-1-5-19) from address LocalHost (Using LRPC) running in the application container Unavailable SID (Unavailable). This security permission can be modified using the Component Services administrative tool."
Error	31-07-2019 08:56:57	Microsoft-Windows-DistributedCOM	10016	None	"The application-specific permission settings do not grant Local Activation permission for the COM Server application with CLSID 
{6B3B8D23-FA8D-40B9-8DBD-B950333E2C52}
 and APPID 
{4839DDB7-58C2-48F5-8283-E1D1807D0D7D}
 to the user NT AUTHORITY\LOCAL SERVICE SID (S-1-5-19) from address LocalHost (Using LRPC) running in the application container Unavailable SID (Unavailable). This security permission can be modified using the Component Services administrative tool."
Information	31-07-2019 08:56:38	Microsoft-Windows-Ntfs	98	None	Volume E: (\Device\HarddiskVolume6) is healthy.  No action is needed.
Information	31-07-2019 08:56:38	Microsoft-Windows-Winlogon	7001	(1101)	User Logon Notification for Customer Experience Improvement Program
Information	31-07-2019 08:56:35	Microsoft-Windows-Ntfs	98	None	Volume D: (\Device\HarddiskVolume5) is healthy.  No action is needed.
Information	31-07-2019 08:56:25	Microsoft-Windows-Power-Troubleshooter	1	None	"The system has returned from a low power state.

Sleep Time: ‎2019‎-‎07‎-‎30T17:29:23.499166200Z
Wake Time: ‎2019‎-‎07‎-‎31T03:26:22.515051500Z

Wake Source: Unknown"
Warning	31-07-2019 08:56:22	Microsoft-Windows-WHEA-Logger	17	None	"A corrected hardware error has occurred.

Component: PCI Express Root Port
Error Source: Advanced Error Reporting (PCI Express)

Bus:Device:Function: 0x0:0x1C:0x0
Vendor ID:Device ID: 0x8086:0x9D14
Class Code: 0x30400

The details view of this entry contains further information."
Warning	31-07-2019 08:56:22	Microsoft-Windows-WHEA-Logger	17	None	"A corrected hardware error has occurred.

Component: PCI Express Root Port
Error Source: Advanced Error Reporting (PCI Express)

Bus:Device:Function: 0x0:0x1C:0x0
Vendor ID:Device ID: 0x8086:0x9D14
Class Code: 0x30400

The details view of this entry contains further information."
Warning	31-07-2019 08:56:22	Microsoft-Windows-WHEA-Logger	17	None	"A corrected hardware error has occurred.

Component: PCI Express Root Port
Error Source: Advanced Error Reporting (PCI Express)

Bus:Device:Function: 0x0:0x1C:0x0
Vendor ID:Device ID: 0x8086:0x9D14
Class Code: 0x30400

The details view of this entry contains further information."
Warning	31-07-2019 08:56:22	Microsoft-Windows-WHEA-Logger	17	None	"A corrected hardware error has occurred.

Component: PCI Express Root Port
Error Source: Advanced Error Reporting (PCI Express)

Bus:Device:Function: 0x0:0x1C:0x0
Vendor ID:Device ID: 0x8086:0x9D14
Class Code: 0x30400

The details view of this entry contains further information."
Error	31-07-2019 08:56:22	BTHUSB	5	None	The Bluetooth driver expected an HCI event with a certain size but did not receive it.
Information	31-07-2019 08:56:22	BTHUSB	18	None	Windows cannot store Bluetooth authentication codes (link keys) on the local adapter. Bluetooth keyboards might not work in the system BIOS during startup.
Information	31-07-2019 08:56:21	Microsoft-Windows-Kernel-Boot	27	(33)	The boot type was 0x1.
Information	31-07-2019 08:56:21	Microsoft-Windows-Kernel-Boot	25	(32)	The boot menu policy was 0x1.
Information	31-07-2019 08:56:21	Microsoft-Windows-Kernel-Boot	32	(58)	The bootmgr spent 0 ms waiting for user input.
Information	31-07-2019 08:56:21	Microsoft-Windows-Kernel-Boot	18	(57)	There are 0x1 boot options on this system.
Information	31-07-2019 08:56:21	Microsoft-Windows-Kernel-Boot	30	(21)	The firmware reported boot metrics.
Warning	31-07-2019 08:56:21	rt640x64	1	None	Realtek PCIe FE Family Controller is disconnected from network.
Information	31-07-2019 08:56:20	Microsoft-Windows-Kernel-General	1	(5)	"The system time has changed to ‎2019‎-‎07‎-‎31T03:26:20.500000000Z from ‎2019‎-‎07‎-‎30T17:29:32.529159000Z.

Change Reason: System time synchronized with the hardware clock."
Information	30-07-2019 22:59:32	Microsoft-Windows-Kernel-Power	107	(102)	The system has resumed from sleep.
Information	30-07-2019 22:59:26	Microsoft-Windows-Kernel-Power	42	(64)	"The system is entering sleep.

Sleep Reason: Application API"
Information	30-07-2019 22:59:22	Microsoft-Windows-Winlogon	7002	(1102)	User Logoff Notification for Customer Experience Improvement Program
Error	30-07-2019 22:22:45	Microsoft-Windows-DistributedCOM	10016	None	"The application-specific permission settings do not grant Local Activation permission for the COM Server application with CLSID 
{6B3B8D23-FA8D-40B9-8DBD-B950333E2C52}
 and APPID 
{4839DDB7-58C2-48F5-8283-E1D1807D0D7D}
 to the user NT AUTHORITY\LOCAL SERVICE SID (S-1-5-19) from address LocalHost (Using LRPC) running in the application container Unavailable SID (Unavailable). This security permission can be modified using the Component Services administrative tool."
Error	30-07-2019 22:22:45	Microsoft-Windows-DistributedCOM	10016	None	"The application-specific permission settings do not grant Local Activation permission for the COM Server application with CLSID 
{6B3B8D23-FA8D-40B9-8DBD-B950333E2C52}
 and APPID 
{4839DDB7-58C2-48F5-8283-E1D1807D0D7D}
 to the user NT AUTHORITY\LOCAL SERVICE SID (S-1-5-19) from address LocalHost (Using LRPC) running in the application container Unavailable SID (Unavailable). This security permission can be modified using the Component Services administrative tool."
Error	30-07-2019 22:22:41	Microsoft-Windows-DistributedCOM	10016	None	"The application-specific permission settings do not grant Local Activation permission for the COM Server application with CLSID 
{D63B10C5-BB46-4990-A94F-E40B9D520160}
 and APPID 
{9CA88EE3-ACB7-47C8-AFC4-AB702511C276}
 to the user NT AUTHORITY\LOCAL SERVICE SID (S-1-5-19) from address LocalHost (Using LRPC) running in the application container Unavailable SID (Unavailable). This security permission can be modified using the Component Services administrative tool."
Information	30-07-2019 22:22:31	Microsoft-Windows-Winlogon	7001	(1101)	User Logon Notification for Customer Experience Improvement Program
Information	30-07-2019 22:22:27	Microsoft-Windows-Ntfs	98	None	Volume E: (\Device\HarddiskVolume6) is healthy.  No action is needed.
Information	30-07-2019 22:22:26	Microsoft-Windows-Ntfs	98	None	Volume D: (\Device\HarddiskVolume5) is healthy.  No action is needed.
Information	30-07-2019 22:22:19	Microsoft-Windows-Power-Troubleshooter	1	None	"The system has returned from a low power state.

Sleep Time: ‎2019‎-‎07‎-‎30T04:13:45.814385800Z
Wake Time: ‎2019‎-‎07‎-‎30T16:52:15.921789600Z

Wake Source: Unknown"
Information	30-07-2019 22:22:15	Microsoft-Windows-Kernel-Boot	27	(33)	The boot type was 0x1.
Information	30-07-2019 22:22:15	Microsoft-Windows-Kernel-Boot	25	(32)	The boot menu policy was 0x1.
Information	30-07-2019 22:22:15	Microsoft-Windows-Kernel-Boot	32	(58)	The bootmgr spent 0 ms waiting for user input.
Information	30-07-2019 22:22:15	Microsoft-Windows-Kernel-Boot	18	(57)	There are 0x1 boot options on this system.
Information	30-07-2019 22:22:15	Microsoft-Windows-Kernel-Boot	30	(21)	The firmware reported boot metrics.
Warning	30-07-2019 22:22:13	Microsoft-Windows-WHEA-Logger	17	None	"A corrected hardware error has occurred.

Component: PCI Express Root Port
Error Source: Advanced Error Reporting (PCI Express)

Bus:Device:Function: 0x0:0x1C:0x0
Vendor ID:Device ID: 0x8086:0x9D14
Class Code: 0x30400

The details view of this entry contains further information."
Error	30-07-2019 22:22:12	BTHUSB	5	None	The Bluetooth driver expected an HCI event with a certain size but did not receive it.
Information	30-07-2019 22:22:12	BTHUSB	18	None	Windows cannot store Bluetooth authentication codes (link keys) on the local adapter. Bluetooth keyboards might not work in the system BIOS during startup.
Warning	30-07-2019 22:22:11	rt640x64	1	None	Realtek PCIe FE Family Controller is disconnected from network.
Information	30-07-2019 22:22:10	Microsoft-Windows-Kernel-General	1	(5)	"The system time has changed to ‎2019‎-‎07‎-‎30T16:52:10.500000000Z from ‎2019‎-‎07‎-‎30T04:14:06.379794300Z.

Change Reason: System time synchronized with the hardware clock."
Information	30-07-2019 09:44:06	Microsoft-Windows-Kernel-Power	107	(102)	The system has resumed from sleep.
Information	30-07-2019 22:22:11	EventLog	6013	None	The system uptime is 779385 seconds.
Information	30-07-2019 09:43:59	Microsoft-Windows-Kernel-Power	42	(64)	"The system is entering sleep.

Sleep Reason: Application API"
Information	30-07-2019 09:43:44	Microsoft-Windows-Winlogon	7002	(1102)	User Logoff Notification for Customer Experience Improvement Program
Information	30-07-2019 09:32:29	Microsoft-Windows-Kernel-Power	105	(100)	Power source change.
Warning	30-07-2019 09:29:07	Microsoft-Windows-WHEA-Logger	17	None	"A corrected hardware error has occurred.

Component: PCI Express Root Port
Error Source: Advanced Error Reporting (PCI Express)

Bus:Device:Function: 0x0:0x1C:0x0
Vendor ID:Device ID: 0x8086:0x9D14
Class Code: 0x30400

The details view of this entry contains further information."
Warning	30-07-2019 09:25:23	Microsoft-Windows-WHEA-Logger	17	None	"A corrected hardware error has occurred.

Component: PCI Express Root Port
Error Source: Advanced Error Reporting (PCI Express)

Bus:Device:Function: 0x0:0x1C:0x0
Vendor ID:Device ID: 0x8086:0x9D14
Class Code: 0x30400

The details view of this entry contains further information."
Warning	30-07-2019 09:25:23	Microsoft-Windows-WHEA-Logger	17	None	"A corrected hardware error has occurred.

Component: PCI Express Root Port
Error Source: Advanced Error Reporting (PCI Express)

Bus:Device:Function: 0x0:0x1C:0x0
Vendor ID:Device ID: 0x8086:0x9D14
Class Code: 0x30400

The details view of this entry contains further information."
Warning	30-07-2019 09:24:17	Microsoft-Windows-WHEA-Logger	17	None	"A corrected hardware error has occurred.

Component: PCI Express Root Port
Error Source: Advanced Error Reporting (PCI Express)

Bus:Device:Function: 0x0:0x1C:0x0
Vendor ID:Device ID: 0x8086:0x9D14
Class Code: 0x30400

The details view of this entry contains further information."
Warning	30-07-2019 09:24:04	Microsoft-Windows-WHEA-Logger	17	None	"A corrected hardware error has occurred.

Component: PCI Express Root Port
Error Source: Advanced Error Reporting (PCI Express)

Bus:Device:Function: 0x0:0x1C:0x0
Vendor ID:Device ID: 0x8086:0x9D14
Class Code: 0x30400

The details view of this entry contains further information."
Warning	30-07-2019 09:23:37	Microsoft-Windows-WHEA-Logger	17	None	"A corrected hardware error has occurred.

Component: PCI Express Root Port
Error Source: Advanced Error Reporting (PCI Express)

Bus:Device:Function: 0x0:0x1C:0x0
Vendor ID:Device ID: 0x8086:0x9D14
Class Code: 0x30400

The details view of this entry contains further information."
Warning	30-07-2019 09:22:39	Microsoft-Windows-WHEA-Logger	17	None	"A corrected hardware error has occurred.

Component: PCI Express Root Port
Error Source: Advanced Error Reporting (PCI Express)

Bus:Device:Function: 0x0:0x1C:0x0
Vendor ID:Device ID: 0x8086:0x9D14
Class Code: 0x30400

The details view of this entry contains further information."
Warning	30-07-2019 09:22:28	Microsoft-Windows-WHEA-Logger	17	None	"A corrected hardware error has occurred.

Component: PCI Express Root Port
Error Source: Advanced Error Reporting (PCI Express)

Bus:Device:Function: 0x0:0x1C:0x0
Vendor ID:Device ID: 0x8086:0x9D14
Class Code: 0x30400

The details view of this entry contains further information."
Warning	30-07-2019 09:22:17	Microsoft-Windows-WHEA-Logger	17	None	"A corrected hardware error has occurred.

Component: PCI Express Root Port
Error Source: Advanced Error Reporting (PCI Express)

Bus:Device:Function: 0x0:0x1C:0x0
Vendor ID:Device ID: 0x8086:0x9D14
Class Code: 0x30400

The details view of this entry contains further information."
Warning	30-07-2019 09:22:17	Microsoft-Windows-WHEA-Logger	17	None	"A corrected hardware error has occurred.

Component: PCI Express Root Port
Error Source: Advanced Error Reporting (PCI Express)

Bus:Device:Function: 0x0:0x1C:0x0
Vendor ID:Device ID: 0x8086:0x9D14
Class Code: 0x30400

The details view of this entry contains further information."
Warning	30-07-2019 09:20:13	Microsoft-Windows-WHEA-Logger	17	None	"A corrected hardware error has occurred.

Component: PCI Express Root Port
Error Source: Advanced Error Reporting (PCI Express)

Bus:Device:Function: 0x0:0x1C:0x0
Vendor ID:Device ID: 0x8086:0x9D14
Class Code: 0x30400

The details view of this entry contains further information."
Warning	30-07-2019 09:18:30	Microsoft-Windows-WHEA-Logger	17	None	"A corrected hardware error has occurred.

Component: PCI Express Root Port
Error Source: Advanced Error Reporting (PCI Express)

Bus:Device:Function: 0x0:0x1C:0x0
Vendor ID:Device ID: 0x8086:0x9D14
Class Code: 0x30400

The details view of this entry contains further information."
Error	30-07-2019 09:17:56	Microsoft-Windows-DistributedCOM	10016	None	"The application-specific permission settings do not grant Local Activation permission for the COM Server application with CLSID 
{D63B10C5-BB46-4990-A94F-E40B9D520160}
 and APPID 
{9CA88EE3-ACB7-47C8-AFC4-AB702511C276}
 to the user NT AUTHORITY\LOCAL SERVICE SID (S-1-5-19) from address LocalHost (Using LRPC) running in the application container Unavailable SID (Unavailable). This security permission can be modified using the Component Services administrative tool."
Warning	30-07-2019 09:17:02	Microsoft-Windows-WHEA-Logger	17	None	"A corrected hardware error has occurred.

Component: PCI Express Root Port
Error Source: Advanced Error Reporting (PCI Express)

Bus:Device:Function: 0x0:0x1C:0x0
Vendor ID:Device ID: 0x8086:0x9D14
Class Code: 0x30400

The details view of this entry contains further information."
Warning	30-07-2019 09:16:44	Microsoft-Windows-WHEA-Logger	17	None	"A corrected hardware error has occurred.

Component: PCI Express Root Port
Error Source: Advanced Error Reporting (PCI Express)

Bus:Device:Function: 0x0:0x1C:0x0
Vendor ID:Device ID: 0x8086:0x9D14
Class Code: 0x30400

The details view of this entry contains further information."
Warning	30-07-2019 09:14:48	Microsoft-Windows-WHEA-Logger	17	None	"A corrected hardware error has occurred.

Component: PCI Express Root Port
Error Source: Advanced Error Reporting (PCI Express)

Bus:Device:Function: 0x0:0x1C:0x0
Vendor ID:Device ID: 0x8086:0x9D14
Class Code: 0x30400

The details view of this entry contains further information."
Warning	30-07-2019 09:12:00	Microsoft-Windows-WHEA-Logger	17	None	"A corrected hardware error has occurred.

Component: PCI Express Root Port
Error Source: Advanced Error Reporting (PCI Express)

Bus:Device:Function: 0x0:0x1C:0x0
Vendor ID:Device ID: 0x8086:0x9D14
Class Code: 0x30400

The details view of this entry contains further information."
Warning	30-07-2019 09:06:59	Microsoft-Windows-WHEA-Logger	17	None	"A corrected hardware error has occurred.

Component: PCI Express Root Port
Error Source: Advanced Error Reporting (PCI Express)

Bus:Device:Function: 0x0:0x1C:0x0
Vendor ID:Device ID: 0x8086:0x9D14
Class Code: 0x30400

The details view of this entry contains further information."
Information	30-07-2019 09:06:02	Microsoft-Windows-WindowsUpdateClient	19	Windows Update Agent	Installation Successful: Windows successfully installed the following update: 9NBLGGH18846-KING.COM.CANDYCRUSHSAGA
Information	30-07-2019 09:05:45	Microsoft-Windows-WindowsUpdateClient	43	Windows Update Agent	Installation Started: Windows has started installing the following update: 9NBLGGH18846-KING.COM.CANDYCRUSHSAGA
Warning	30-07-2019 09:05:26	Microsoft-Windows-WHEA-Logger	17	None	"A corrected hardware error has occurred.

Component: PCI Express Root Port
Error Source: Advanced Error Reporting (PCI Express)

Bus:Device:Function: 0x0:0x1C:0x0
Vendor ID:Device ID: 0x8086:0x9D14
Class Code: 0x30400

The details view of this entry contains further information."
Information	30-07-2019 09:04:52	Microsoft-Windows-Kernel-General	16	None	The access history in hive \??\C:\ProgramData\Microsoft\Windows\AppRepository\Packages\king.com.CandyCrushSaga_1.1550.4.0_x86__kgqvnymyfvs32\ActivationStore.dat was cleared updating 0 keys and creating 0 modified pages.
Warning	30-07-2019 09:04:51	Microsoft-Windows-WHEA-Logger	17	None	"A corrected hardware error has occurred.

Component: PCI Express Root Port
Error Source: Advanced Error Reporting (PCI Express)

Bus:Device:Function: 0x0:0x1C:0x0
Vendor ID:Device ID: 0x8086:0x9D14
Class Code: 0x30400

The details view of this entry contains further information."
Warning	30-07-2019 09:04:33	Microsoft-Windows-WHEA-Logger	17	None	"A corrected hardware error has occurred.

Component: PCI Express Root Port
Error Source: Advanced Error Reporting (PCI Express)

Bus:Device:Function: 0x0:0x1C:0x0
Vendor ID:Device ID: 0x8086:0x9D14
Class Code: 0x30400

The details view of this entry contains further information."
Information	30-07-2019 09:04:11	Microsoft-Windows-WindowsUpdateClient	19	Windows Update Agent	Installation Successful: Windows successfully installed the following update: 9PL3B0VQLQQ8-king.com.CandyCrushFriends
Information	30-07-2019 09:03:51	Microsoft-Windows-WindowsUpdateClient	43	Windows Update Agent	Installation Started: Windows has started installing the following update: 9PL3B0VQLQQ8-king.com.CandyCrushFriends
Information	30-07-2019 09:03:09	Microsoft-Windows-Kernel-General	16	None	The access history in hive \??\C:\ProgramData\Microsoft\Windows\AppRepository\Packages\king.com.CandyCrushFriends_1.15.13.0_x86__kgqvnymyfvs32\ActivationStore.dat was cleared updating 0 keys and creating 0 modified pages.
Warning	30-07-2019 09:00:58	Microsoft-Windows-WHEA-Logger	17	None	"A corrected hardware error has occurred.

Component: PCI Express Root Port
Error Source: Advanced Error Reporting (PCI Express)

Bus:Device:Function: 0x0:0x1C:0x0
Vendor ID:Device ID: 0x8086:0x9D14
Class Code: 0x30400

The details view of this entry contains further information."
Warning	30-07-2019 09:00:37	Microsoft-Windows-WHEA-Logger	17	None	"A corrected hardware error has occurred.

Component: PCI Express Root Port
Error Source: Advanced Error Reporting (PCI Express)

Bus:Device:Function: 0x0:0x1C:0x0
Vendor ID:Device ID: 0x8086:0x9D14
Class Code: 0x30400

The details view of this entry contains further information."
Warning	30-07-2019 08:58:17	Microsoft-Windows-WHEA-Logger	17	None	"A corrected hardware error has occurred.

Component: PCI Express Root Port
Error Source: Advanced Error Reporting (PCI Express)

Bus:Device:Function: 0x0:0x1C:0x0
Vendor ID:Device ID: 0x8086:0x9D14
Class Code: 0x30400

The details view of this entry contains further information."
Information	30-07-2019 08:57:48	Microsoft-Windows-WindowsUpdateClient	19	Windows Update Agent	Installation Successful: Windows successfully installed the following update: 9NCBCSZSJRSB-SpotifyAB.SpotifyMusic
Warning	30-07-2019 08:57:44	Microsoft-Windows-WHEA-Logger	17	None	"A corrected hardware error has occurred.

Component: PCI Express Root Port
Error Source: Advanced Error Reporting (PCI Express)

Bus:Device:Function: 0x0:0x1C:0x0
Vendor ID:Device ID: 0x8086:0x9D14
Class Code: 0x30400

The details view of this entry contains further information."
Information	30-07-2019 08:57:41	Microsoft-Windows-WindowsUpdateClient	43	Windows Update Agent	Installation Started: Windows has started installing the following update: 9NCBCSZSJRSB-SpotifyAB.SpotifyMusic
Information	30-07-2019 08:57:33	Microsoft-Windows-Kernel-General	16	None	The access history in hive \??\C:\ProgramData\Microsoft\Windows\AppRepository\Packages\SpotifyAB.SpotifyMusic_1.110.540.0_x86__zpdnekdrzrea0\ActivationStore.dat was cleared updating 0 keys and creating 0 modified pages.
Information	30-07-2019 08:55:11	Microsoft-Windows-WindowsUpdateClient	44	Windows Update Agent	Windows Update started downloading an update.
Information	30-07-2019 08:55:01	Microsoft-Windows-WindowsUpdateClient	19	Windows Update Agent	Installation Successful: Windows successfully installed the following update: 9WZDNCRFHVFW-Microsoft.BingNews
Information	30-07-2019 08:55:01	Microsoft-Windows-WindowsUpdateClient	44	Windows Update Agent	Windows Update started downloading an update.
Information	30-07-2019 08:55:01	Microsoft-Windows-WindowsUpdateClient	43	Windows Update Agent	Installation Started: Windows has started installing the following update: 9WZDNCRFHVFW-Microsoft.BingNews
Warning	30-07-2019 08:54:55	Microsoft-Windows-WHEA-Logger	17	None	"A corrected hardware error has occurred.

Component: PCI Express Root Port
Error Source: Advanced Error Reporting (PCI Express)

Bus:Device:Function: 0x0:0x1C:0x0
Vendor ID:Device ID: 0x8086:0x9D14
Class Code: 0x30400

The details view of this entry contains further information."
Information	30-07-2019 08:54:49	Microsoft-Windows-WindowsUpdateClient	19	Windows Update Agent	Installation Successful: Windows successfully installed the following update: 9WZDNCRFHVN5-MICROSOFT.WINDOWSCALCULATOR
Information	30-07-2019 08:54:47	Microsoft-Windows-Kernel-General	16	None	The access history in hive \??\C:\ProgramData\Microsoft\Windows\AppRepository\Packages\Microsoft.BingNews_4.31.11905.0_x64__8wekyb3d8bbwe\ActivationStore.dat was cleared updating 0 keys and creating 0 modified pages.
Information	30-07-2019 08:54:43	Microsoft-Windows-WindowsUpdateClient	44	Windows Update Agent	Windows Update started downloading an update.
Information	30-07-2019 08:54:43	Microsoft-Windows-WindowsUpdateClient	43	Windows Update Agent	Installation Started: Windows has started installing the following update: 9WZDNCRFHVN5-MICROSOFT.WINDOWSCALCULATOR
Information	30-07-2019 08:54:43	Microsoft-Windows-WindowsUpdateClient	19	Windows Update Agent	Installation Successful: Windows successfully installed the following update: 9WZDNCRFJBBG-MICROSOFT.WINDOWSCAMERA
Warning	30-07-2019 08:54:39	Microsoft-Windows-WHEA-Logger	17	None	"A corrected hardware error has occurred.

Component: PCI Express Root Port
Error Source: Advanced Error Reporting (PCI Express)

Bus:Device:Function: 0x0:0x1C:0x0
Vendor ID:Device ID: 0x8086:0x9D14
Class Code: 0x30400

The details view of this entry contains further information."
Information	30-07-2019 08:54:35	Microsoft-Windows-WindowsUpdateClient	43	Windows Update Agent	Installation Started: Windows has started installing the following update: 9WZDNCRFJBBG-MICROSOFT.WINDOWSCAMERA
Warning	30-07-2019 08:54:25	Microsoft-Windows-WHEA-Logger	17	None	"A corrected hardware error has occurred.

Component: PCI Express Root Port
Error Source: Advanced Error Reporting (PCI Express)

Bus:Device:Function: 0x0:0x1C:0x0
Vendor ID:Device ID: 0x8086:0x9D14
Class Code: 0x30400

The details view of this entry contains further information."
Information	30-07-2019 08:54:24	Microsoft-Windows-Kernel-General	16	None	The access history in hive \??\C:\ProgramData\Microsoft\Windows\AppRepository\Packages\Microsoft.WindowsCalculator_10.1905.30.0_x64__8wekyb3d8bbwe\ActivationStore.dat was cleared updating 0 keys and creating 0 modified pages.
Information	30-07-2019 08:54:24	Microsoft-Windows-Kernel-General	16	None	The access history in hive \??\C:\ProgramData\Microsoft\Windows\AppRepository\Packages\Microsoft.WindowsCamera_2019.425.30.0_x64__8wekyb3d8bbwe\ActivationStore.dat was cleared updating 0 keys and creating 0 modified pages.
Information	30-07-2019 08:54:23	Microsoft-Windows-WindowsUpdateClient	44	Windows Update Agent	Windows Update started downloading an update.
Information	30-07-2019 08:54:23	Microsoft-Windows-WindowsUpdateClient	19	Windows Update Agent	Installation Successful: Windows successfully installed the following update: 9NBLGGH10PG8-MICROSOFT.PEOPLE
Information	30-07-2019 08:54:12	Microsoft-Windows-WindowsUpdateClient	43	Windows Update Agent	Installation Started: Windows has started installing the following update: 9NBLGGH10PG8-MICROSOFT.PEOPLE
Information	30-07-2019 08:54:04	Microsoft-Windows-Kernel-General	16	None	The access history in hive \??\C:\ProgramData\Microsoft\Windows\AppRepository\Packages\Microsoft.People_10.1902.633.0_x64__8wekyb3d8bbwe\ActivationStore.dat was cleared updating 0 keys and creating 0 modified pages.
Information	30-07-2019 08:53:57	Microsoft-Windows-WindowsUpdateClient	44	Windows Update Agent	Windows Update started downloading an update.
Information	30-07-2019 08:53:51	Microsoft-Windows-WindowsUpdateClient	44	Windows Update Agent	Windows Update started downloading an update.
Information	30-07-2019 08:53:51	Microsoft-Windows-WindowsUpdateClient	44	Windows Update Agent	Windows Update started downloading an update.
Information	30-07-2019 08:53:51	Microsoft-Windows-WindowsUpdateClient	19	Windows Update Agent	Installation Successful: Windows successfully installed the following update: 9NBLGGH537C2-Microsoft.XboxGameOverlay
Information	30-07-2019 08:53:44	Microsoft-Windows-WindowsUpdateClient	44	Windows Update Agent	Windows Update started downloading an update.
Information	30-07-2019 08:53:44	Microsoft-Windows-WindowsUpdateClient	43	Windows Update Agent	Installation Started: Windows has started installing the following update: 9NBLGGH537C2-Microsoft.XboxGameOverlay
Information	30-07-2019 08:53:44	Microsoft-Windows-WindowsUpdateClient	19	Windows Update Agent	Installation Successful: Windows successfully installed the following update: 9NBLGGH4QGHW-Microsoft.MicrosoftStickyNotes
Information	30-07-2019 08:53:30	Microsoft-Windows-WindowsUpdateClient	44	Windows Update Agent	Windows Update started downloading an update.
Information	30-07-2019 08:53:28	Microsoft-Windows-WindowsUpdateClient	43	Windows Update Agent	Installation Started: Windows has started installing the following update: 9NBLGGH4QGHW-Microsoft.MicrosoftStickyNotes
Information	30-07-2019 08:53:28	Microsoft-Windows-WindowsUpdateClient	19	Windows Update Agent	Installation Successful: Windows successfully installed the following update: 9N5TDP8VCMHS-Microsoft.WebMediaExtensions
Information	30-07-2019 08:53:23	Microsoft-Windows-Kernel-General	16	None	The access history in hive \??\C:\ProgramData\Microsoft\Windows\AppRepository\Packages\Microsoft.XboxGameOverlay_1.43.26001.0_x64__8wekyb3d8bbwe\ActivationStore.dat was cleared updating 0 keys and creating 0 modified pages.
Information	30-07-2019 08:53:19	Microsoft-Windows-Kernel-General	16	None	The access history in hive \??\C:\ProgramData\Microsoft\Windows\AppRepository\Packages\Microsoft.MicrosoftStickyNotes_3.6.76.0_x64__8wekyb3d8bbwe\ActivationStore.dat was cleared updating 0 keys and creating 0 modified pages.
Information	30-07-2019 08:53:17	Microsoft-Windows-WindowsUpdateClient	43	Windows Update Agent	Installation Started: Windows has started installing the following update: 9N5TDP8VCMHS-Microsoft.WebMediaExtensions
Information	30-07-2019 08:53:10	Microsoft-Windows-Kernel-General	16	None	The access history in hive \??\C:\ProgramData\Microsoft\Windows\AppRepository\Packages\Microsoft.WebMediaExtensions_1.0.13321.0_x64__8wekyb3d8bbwe\ActivationStore.dat was cleared updating 0 keys and creating 0 modified pages.
Warning	30-07-2019 08:53:09	Microsoft-Windows-WHEA-Logger	17	None	"A corrected hardware error has occurred.

Component: PCI Express Root Port
Error Source: Advanced Error Reporting (PCI Express)

Bus:Device:Function: 0x0:0x1C:0x0
Vendor ID:Device ID: 0x8086:0x9D14
Class Code: 0x30400

The details view of this entry contains further information."
Information	30-07-2019 08:53:07	Microsoft-Windows-WindowsUpdateClient	44	Windows Update Agent	Windows Update started downloading an update.
Information	30-07-2019 08:53:07	Microsoft-Windows-WindowsUpdateClient	19	Windows Update Agent	Installation Successful: Windows successfully installed the following update: 9WZDNCRFHWKN-MICROSOFT.WINDOWSSOUNDRECORDER
Information	30-07-2019 08:52:51	Microsoft-Windows-WindowsUpdateClient	43	Windows Update Agent	Installation Started: Windows has started installing the following update: 9WZDNCRFHWKN-MICROSOFT.WINDOWSSOUNDRECORDER
Information	30-07-2019 08:52:41	Microsoft-Windows-Kernel-General	16	None	The access history in hive \??\C:\ProgramData\Microsoft\Windows\AppRepository\Packages\Microsoft.WindowsSoundRecorder_10.1902.633.0_x64__8wekyb3d8bbwe\ActivationStore.dat was cleared updating 0 keys and creating 0 modified pages.
Information	30-07-2019 08:52:39	Microsoft-Windows-WindowsUpdateClient	44	Windows Update Agent	Windows Update started downloading an update.
Information	30-07-2019 08:52:39	Microsoft-Windows-WindowsUpdateClient	19	Windows Update Agent	Installation Successful: Windows successfully installed the following update: 9WZDNCRDTBVB-MICROSOFT.WINDOWSMAPS
Information	30-07-2019 08:52:32	Microsoft-Windows-WindowsUpdateClient	44	Windows Update Agent	Windows Update started downloading an update.
Information	30-07-2019 08:52:32	Microsoft-Windows-WindowsUpdateClient	43	Windows Update Agent	Installation Started: Windows has started installing the following update: 9WZDNCRDTBVB-MICROSOFT.WINDOWSMAPS
Information	30-07-2019 08:52:32	Microsoft-Windows-WindowsUpdateClient	19	Windows Update Agent	Installation Successful: Windows successfully installed the following update: 9NZKPSTSNW4P-Microsoft.XboxGamingOverlay
Information	30-07-2019 08:52:21	Microsoft-Windows-WindowsUpdateClient	44	Windows Update Agent	Windows Update started downloading an update.
Information	30-07-2019 08:52:21	Microsoft-Windows-WindowsUpdateClient	43	Windows Update Agent	Installation Started: Windows has started installing the following update: 9NZKPSTSNW4P-Microsoft.XboxGamingOverlay
Information	30-07-2019 08:52:21	Microsoft-Windows-WindowsUpdateClient	19	Windows Update Agent	Installation Successful: Windows successfully installed the following update: 9NBLGGH5PNB1-Microsoft.OneConnect
Information	30-07-2019 08:52:14	Microsoft-Windows-Kernel-General	16	None	The access history in hive \??\C:\ProgramData\Microsoft\Windows\AppRepository\Packages\Microsoft.WindowsMaps_5.1902.843.0_x64__8wekyb3d8bbwe\ActivationStore.dat was cleared updating 0 keys and creating 0 modified pages.
Information	30-07-2019 08:52:10	Microsoft-Windows-WindowsUpdateClient	43	Windows Update Agent	Installation Started: Windows has started installing the following update: 9NBLGGH5PNB1-Microsoft.OneConnect
Information	30-07-2019 08:52:02	Microsoft-Windows-Kernel-General	16	None	The access history in hive \??\C:\ProgramData\Microsoft\Windows\AppRepository\Packages\Microsoft.XboxGamingOverlay_1.16.1012.0_x64__8wekyb3d8bbwe\ActivationStore.dat was cleared updating 0 keys and creating 0 modified pages.
Information	30-07-2019 08:52:01	Microsoft-Windows-Kernel-General	16	None	The access history in hive \??\C:\ProgramData\Microsoft\Windows\AppRepository\Packages\Microsoft.OneConnect_5.1906.1791.0_x64__8wekyb3d8bbwe\ActivationStore.dat was cleared updating 0 keys and creating 0 modified pages.
Information	30-07-2019 08:51:48	Microsoft-Windows-WindowsUpdateClient	44	Windows Update Agent	Windows Update started downloading an update.
Information	30-07-2019 08:51:45	Microsoft-Windows-WindowsUpdateClient	19	Windows Update Agent	Installation Successful: Windows successfully installed the following update: 9WZDNCRFJ364-MICROSOFT.SKYPEAPP
Warning	30-07-2019 08:51:24	Microsoft-Windows-WHEA-Logger	17	None	"A corrected hardware error has occurred.

Component: PCI Express Root Port
Error Source: Advanced Error Reporting (PCI Express)

Bus:Device:Function: 0x0:0x1C:0x0
Vendor ID:Device ID: 0x8086:0x9D14
Class Code: 0x30400

The details view of this entry contains further information."
Information	30-07-2019 08:51:22	Microsoft-Windows-WindowsUpdateClient	44	Windows Update Agent	Windows Update started downloading an update.
Information	30-07-2019 08:51:22	Microsoft-Windows-WindowsUpdateClient	43	Windows Update Agent	Installation Started: Windows has started installing the following update: 9WZDNCRFJ364-MICROSOFT.SKYPEAPP
Information	30-07-2019 08:51:22	Microsoft-Windows-WindowsUpdateClient	19	Windows Update Agent	Installation Successful: Windows successfully installed the following update: 9WZDNCRFJBH4-Microsoft.Windows.Photos
Warning	30-07-2019 08:51:19	Microsoft-Windows-WHEA-Logger	17	None	"A corrected hardware error has occurred.

Component: PCI Express Root Port
Error Source: Advanced Error Reporting (PCI Express)

Bus:Device:Function: 0x0:0x1C:0x0
Vendor ID:Device ID: 0x8086:0x9D14
Class Code: 0x30400

The details view of this entry contains further information."
Information	30-07-2019 08:51:07	Microsoft-Windows-WindowsUpdateClient	44	Windows Update Agent	Windows Update started downloading an update.
Information	30-07-2019 08:51:07	Microsoft-Windows-WindowsUpdateClient	43	Windows Update Agent	Installation Started: Windows has started installing the following update: 9WZDNCRFJBH4-Microsoft.Windows.Photos
Information	30-07-2019 08:51:07	Microsoft-Windows-WindowsUpdateClient	19	Windows Update Agent	Installation Successful: Windows successfully installed the following update: 9WZDNCRFJBMP-MICROSOFT.WINDOWSSTORE
Information	30-07-2019 08:51:03	Microsoft-Windows-Kernel-General	16	None	The access history in hive \??\C:\ProgramData\Microsoft\Windows\AppRepository\Packages\Microsoft.SkypeApp_14.50.38.0_x64__kzf8qxf38zg5c\ActivationStore.dat was cleared updating 0 keys and creating 0 modified pages.
Information	30-07-2019 08:50:57	Microsoft-Windows-WindowsUpdateClient	43	Windows Update Agent	Installation Started: Windows has started installing the following update: 9WZDNCRFJBMP-MICROSOFT.WINDOWSSTORE
Information	30-07-2019 08:50:55	Microsoft-Windows-Kernel-General	16	None	The access history in hive \??\C:\ProgramData\Microsoft\Windows\AppRepository\Packages\Microsoft.Windows.Photos_2019.19051.16210.0_x64__8wekyb3d8bbwe\ActivationStore.dat was cleared updating 0 keys and creating 0 modified pages.
Information	30-07-2019 08:50:49	Microsoft-Windows-Kernel-General	16	None	The access history in hive \??\C:\ProgramData\Microsoft\Windows\AppRepository\Packages\Microsoft.WindowsStore_11906.1001.18.0_x64__8wekyb3d8bbwe\ActivationStore.dat was cleared updating 0 keys and creating 0 modified pages.
Information	30-07-2019 08:49:48	Microsoft-Windows-WindowsUpdateClient	44	Windows Update Agent	Windows Update started downloading an update.
Information	30-07-2019 08:49:48	Microsoft-Windows-WindowsUpdateClient	19	Windows Update Agent	Installation Successful: Windows successfully installed the following update: 9WZDNCRFJ3PR-MICROSOFT.WINDOWSALARMS
Information	30-07-2019 08:49:26	Microsoft-Windows-WindowsUpdateClient	43	Windows Update Agent	Installation Started: Windows has started installing the following update: 9WZDNCRFJ3PR-MICROSOFT.WINDOWSALARMS
Information	30-07-2019 08:49:26	Microsoft-Windows-WindowsUpdateClient	19	Windows Update Agent	Installation Successful: Windows successfully installed the following update: 9NBNPFNSWTGB-Microsoft.UI.Xaml.2.1
Information	30-07-2019 08:49:21	Microsoft-Windows-WindowsUpdateClient	43	Windows Update Agent	Installation Started: Windows has started installing the following update: 9NBNPFNSWTGB-Microsoft.UI.Xaml.2.1
Information	30-07-2019 08:49:14	Microsoft-Windows-Kernel-General	16	None	The access history in hive \??\C:\ProgramData\Microsoft\Windows\AppRepository\Packages\Microsoft.WindowsAlarms_10.1903.1006.0_x64__8wekyb3d8bbwe\ActivationStore.dat was cleared updating 0 keys and creating 0 modified pages.
Information	30-07-2019 08:48:27	Microsoft-Windows-WindowsUpdateClient	44	Windows Update Agent	Windows Update started downloading an update.
Information	30-07-2019 08:48:27	Microsoft-Windows-WindowsUpdateClient	19	Windows Update Agent	Installation Successful: Windows successfully installed the following update: 9NBLGGH4LS1F-Microsoft.StorePurchaseApp
Information	30-07-2019 08:48:20	Microsoft-Windows-WindowsUpdateClient	44	Windows Update Agent	Windows Update started downloading an update.
Information	30-07-2019 08:48:14	Microsoft-Windows-WindowsUpdateClient	44	Windows Update Agent	Windows Update started downloading an update.
Information	30-07-2019 08:48:14	Microsoft-Windows-WindowsUpdateClient	44	Windows Update Agent	Windows Update started downloading an update.
Information	30-07-2019 08:48:14	Microsoft-Windows-WindowsUpdateClient	44	Windows Update Agent	Windows Update started downloading an update.
