Information	21-07-2019 22:00:01	Microsoft-Windows-Kernel-General	16	None	The access history in hive \??\C:\ProgramData\Microsoft\Windows\AppRepository\Packages\Microsoft.Windows.PeopleExperienceHost_10.0.17134.1_neutral_neutral_cw5n1h2txyewy\ActivationStore.dat was cleared updating 0 keys and creating 0 modified pages.
Information	21-07-2019 21:59:59	Microsoft-Windows-Kernel-General	16	None	The access history in hive \??\C:\ProgramData\Microsoft\Windows\AppRepository\Packages\Microsoft.Windows.ParentalControls_1000.17134.1.0_neutral_neutral_cw5n1h2txyewy\ActivationStore.dat was cleared updating 0 keys and creating 0 modified pages.
Information	21-07-2019 21:59:58	Microsoft-Windows-Kernel-General	16	None	The access history in hive \??\C:\ProgramData\Microsoft\Windows\AppRepository\Packages\Microsoft.Windows.OOBENetworkConnectionFlow_10.0.17134.1_neutral__cw5n1h2txyewy\ActivationStore.dat was cleared updating 0 keys and creating 0 modified pages.
Information	21-07-2019 21:59:57	Microsoft-Windows-Kernel-General	16	None	The access history in hive \??\C:\ProgramData\Microsoft\Windows\AppRepository\Packages\Microsoft.Windows.OOBENetworkCaptivePortal_10.0.17134.1_neutral__cw5n1h2txyewy\ActivationStore.dat was cleared updating 0 keys and creating 0 modified pages.
Information	21-07-2019 21:59:55	Microsoft-Windows-Kernel-General	16	None	The access history in hive \??\C:\ProgramData\Microsoft\Windows\AppRepository\Packages\Microsoft.Windows.HolographicFirstRun_10.0.17134.1_neutral_neutral_cw5n1h2txyewy\ActivationStore.dat was cleared updating 0 keys and creating 0 modified pages.
Information	21-07-2019 21:59:53	Microsoft-Windows-Kernel-General	16	None	The access history in hive \??\C:\ProgramData\Microsoft\Windows\AppRepository\Packages\Microsoft.Windows.Cortana_1.10.8.17134_neutral_neutral_cw5n1h2txyewy\ActivationStore.dat was cleared updating 0 keys and creating 0 modified pages.
Information	21-07-2019 21:59:51	Microsoft-Windows-Kernel-General	16	None	The access history in hive \??\C:\ProgramData\Microsoft\Windows\AppRepository\Packages\Microsoft.Windows.ContentDeliveryManager_10.0.17134.1_neutral_neutral_cw5n1h2txyewy\ActivationStore.dat was cleared updating 0 keys and creating 0 modified pages.
Information	21-07-2019 21:59:50	Microsoft-Windows-Kernel-General	16	None	The access history in hive \??\C:\ProgramData\Microsoft\Windows\AppRepository\Packages\Microsoft.Windows.CloudExperienceHost_10.0.17134.1_neutral_neutral_cw5n1h2txyewy\ActivationStore.dat was cleared updating 0 keys and creating 0 modified pages.
Information	21-07-2019 21:59:49	Microsoft-Windows-Kernel-General	16	None	The access history in hive \??\C:\ProgramData\Microsoft\Windows\AppRepository\Packages\Microsoft.Windows.CapturePicker_10.0.17134.1_neutral__cw5n1h2txyewy\ActivationStore.dat was cleared updating 0 keys and creating 0 modified pages.
Information	21-07-2019 21:59:47	Microsoft-Windows-Kernel-General	16	None	The access history in hive \??\C:\ProgramData\Microsoft\Windows\AppRepository\Packages\Microsoft.Windows.Apprep.ChxApp_1000.17134.1.0_neutral_neutral_cw5n1h2txyewy\ActivationStore.dat was cleared updating 0 keys and creating 0 modified pages.
Information	21-07-2019 21:59:46	Microsoft-Windows-Kernel-General	16	None	The access history in hive \??\C:\ProgramData\Microsoft\Windows\AppRepository\Packages\Microsoft.Win32WebViewHost_10.0.17134.1_neutral_neutral_cw5n1h2txyewy\ActivationStore.dat was cleared updating 0 keys and creating 0 modified pages.
Information	21-07-2019 21:59:44	Microsoft-Windows-Kernel-General	16	None	The access history in hive \??\C:\ProgramData\Microsoft\Windows\AppRepository\Packages\Microsoft.PPIProjection_10.0.17134.1_neutral_neutral_cw5n1h2txyewy\ActivationStore.dat was cleared updating 0 keys and creating 0 modified pages.
Information	21-07-2019 21:59:42	Microsoft-Windows-Kernel-General	16	None	The access history in hive \??\C:\ProgramData\Microsoft\Windows\AppRepository\Packages\Microsoft.MicrosoftEdge_42.17134.1.0_neutral__8wekyb3d8bbwe\ActivationStore.dat was cleared updating 0 keys and creating 0 modified pages.
Information	21-07-2019 21:59:40	Microsoft-Windows-Kernel-General	16	None	The access history in hive \??\C:\ProgramData\Microsoft\Windows\AppRepository\Packages\Microsoft.MicrosoftEdgeDevToolsClient_1000.17134.556.0_neutral_neutral_8wekyb3d8bbwe\ActivationStore.dat was cleared updating 0 keys and creating 0 modified pages.
Information	21-07-2019 21:59:39	Microsoft-Windows-Kernel-General	16	None	The access history in hive \??\C:\ProgramData\Microsoft\Windows\AppRepository\Packages\Microsoft.LockApp_10.0.17134.1_neutral__cw5n1h2txyewy\ActivationStore.dat was cleared updating 0 keys and creating 0 modified pages.
Information	21-07-2019 21:59:37	Microsoft-Windows-Kernel-General	16	None	The access history in hive \??\C:\ProgramData\Microsoft\Windows\AppRepository\Packages\Microsoft.ECApp_10.0.17134.1_neutral__8wekyb3d8bbwe\ActivationStore.dat was cleared updating 0 keys and creating 0 modified pages.
Information	21-07-2019 21:59:36	Microsoft-Windows-Kernel-General	16	None	The access history in hive \??\C:\ProgramData\Microsoft\Windows\AppRepository\Packages\Microsoft.CredDialogHost_10.0.17134.1_neutral__cw5n1h2txyewy\ActivationStore.dat was cleared updating 0 keys and creating 0 modified pages.
Information	21-07-2019 21:59:35	Microsoft-Windows-Kernel-General	16	None	The access history in hive \??\C:\ProgramData\Microsoft\Windows\AppRepository\Packages\Microsoft.BioEnrollment_10.0.17134.1_neutral__cw5n1h2txyewy\ActivationStore.dat was cleared updating 0 keys and creating 0 modified pages.
Information	21-07-2019 21:59:33	Microsoft-Windows-Kernel-General	16	None	The access history in hive \??\C:\ProgramData\Microsoft\Windows\AppRepository\Packages\Microsoft.AsyncTextService_10.0.17134.1_neutral__8wekyb3d8bbwe\ActivationStore.dat was cleared updating 0 keys and creating 0 modified pages.
Information	21-07-2019 21:59:32	Microsoft-Windows-Kernel-General	16	None	The access history in hive \??\C:\ProgramData\Microsoft\Windows\AppRepository\Packages\Microsoft.AccountsControl_10.0.17134.1_neutral__cw5n1h2txyewy\ActivationStore.dat was cleared updating 0 keys and creating 0 modified pages.
Information	21-07-2019 21:59:31	Microsoft-Windows-Kernel-General	16	None	The access history in hive \??\C:\ProgramData\Microsoft\Windows\AppRepository\Packages\Microsoft.AAD.BrokerPlugin_1000.17134.1.0_neutral_neutral_cw5n1h2txyewy\ActivationStore.dat was cleared updating 0 keys and creating 0 modified pages.
Information	21-07-2019 21:59:29	Microsoft-Windows-Kernel-General	16	None	The access history in hive \??\C:\ProgramData\Microsoft\Windows\AppRepository\Packages\InputApp_1000.17134.1.0_neutral_neutral_cw5n1h2txyewy\ActivationStore.dat was cleared updating 0 keys and creating 0 modified pages.
Information	21-07-2019 21:59:28	Microsoft-Windows-Kernel-General	16	None	The access history in hive \??\C:\ProgramData\Microsoft\Windows\AppRepository\Packages\F46D4000-FD22-4DB4-AC8E-4E1DDDE828FE_10.0.17134.1_neutral_neutral_cw5n1h2txyewy\ActivationStore.dat was cleared updating 0 keys and creating 0 modified pages.
Information	21-07-2019 21:59:27	Microsoft-Windows-Kernel-General	16	None	The access history in hive \??\C:\ProgramData\Microsoft\Windows\AppRepository\Packages\E2A4F912-2574-4A75-9BB0-0D023378592B_10.0.17134.1_neutral_neutral_cw5n1h2txyewy\ActivationStore.dat was cleared updating 0 keys and creating 0 modified pages.
Information	21-07-2019 21:59:25	Microsoft-Windows-Kernel-General	16	None	The access history in hive \??\C:\ProgramData\Microsoft\Windows\AppRepository\Packages\c5e2524a-ea46-4f67-841f-6a9465d9d515_10.0.17134.1_neutral_neutral_cw5n1h2txyewy\ActivationStore.dat was cleared updating 0 keys and creating 0 modified pages.
Information	21-07-2019 21:59:23	Microsoft-Windows-Kernel-General	16	None	The access history in hive \??\C:\ProgramData\Microsoft\Windows\AppRepository\Packages\1527c705-839a-4832-9118-54d4Bd6a0c89_10.0.17134.1_neutral_neutral_cw5n1h2txyewy\ActivationStore.dat was cleared updating 0 keys and creating 0 modified pages.
Information	21-07-2019 21:59:16	Service Control Manager	7040	None	The start type of the Remote Access IP ARP Driver service was changed from demand start to auto start.
Information	21-07-2019 21:59:03	Microsoft-Windows-WLAN-AutoConfig	4000	None	"WLAN AutoConfig service has successfully started.
"
Information	21-07-2019 21:59:01	Service Control Manager	7040	None	The start type of the Distributed Transaction Coordinator service was changed from auto start to demand start.
Information	21-07-2019 21:58:49	Service Control Manager	7040	None	The start type of the Distributed Transaction Coordinator service was changed from demand start to auto start.
Information	21-07-2019 21:58:31	Microsoft-Windows-WLAN-AutoConfig	4001	None	"WLAN AutoConfig service has successfully stopped.
"
Information	21-07-2019 21:58:25	Microsoft-Windows-HttpEvent	15007	None	Reservation for namespace identified by URL prefix http://127.0.0.1:8884:127.0.0.1/ was successfully added.
Information	21-07-2019 21:58:25	Microsoft-Windows-HttpEvent	15008	None	Reservation for namespace identified by URL prefix http://127.0.0.1:8884:127.0.0.1/ was successfully deleted.
Information	21-07-2019 21:58:08	McAfee Service Controller	1	None	The protectedmodulehostservice MMS Service entered the running state.
Information	21-07-2019 21:58:08	McAfee Service Controller	7	None	"A service was created with MFEMMS:  Service Name: protectedmodulehostservice Service BinaryPath: ""C:\\Program Files\\Common Files\\McAfee\ModuleCore\\ProtectedModuleHost.exe"" Service Type: SERVICE_TYPE_MMS Service Power Profile: POWERPROFILE_NORMAL Service Depends On:  Service Restart Period: 300 Service Restart Count: 5 Service Restart Delay: 5 Service Group Account: LocalSystem Service Startup Profile: SERVICE_START_EARLY"
Information	21-07-2019 21:58:08	McAfee Service Controller	9	None	The protectedmodulehostservice MMS service was deleted.
Information	21-07-2019 21:58:07	McAfee Service Controller	2	None	The protectedmodulehostservice MMS Service entered the stopped state.
Information	21-07-2019 21:58:05	McAfee Service Controller	1	None	The mfeavsvc MMS Service entered the running state.
Information	21-07-2019 21:58:04	McAfee Service Controller	2	None	The mfeavsvc MMS Service entered the stopped state.
Information	21-07-2019 21:58:03	Service Control Manager	7040	None	The start type of the McAfee AP Service service was changed from disabled to auto start.
Information	21-07-2019 21:58:03	Service Control Manager	7040	None	The start type of the McAfee Activation Service service was changed from disabled to demand start.
Information	21-07-2019 21:58:01	Service Control Manager	7040	None	The start type of the McAfee Firewall Core Service service was changed from disabled to demand start.
Information	21-07-2019 21:58:00	McAfee Service Controller	1	None	The protectedmodulehostservice MMS Service entered the running state.
Information	21-07-2019 21:57:59	McAfee Service Controller	1	None	The msk80service MMS Service entered the running state.
Information	21-07-2019 21:57:58	McAfee Service Controller	1	None	The mmscom MMS Service entered the running state.
Information	21-07-2019 21:57:57	McAfee Service Controller	1	None	The mcproxy MMS Service entered the running state.
Information	21-07-2019 21:57:56	McAfee Service Controller	1	None	The mcpltsvc MMS Service entered the running state.
Information	21-07-2019 21:57:55	McAfee Service Controller	1	None	The mcbootdelaystartsvc MMS Service entered the running state.
Information	21-07-2019 21:57:54	Service Control Manager	7040	None	The start type of the McAfee Validation Trust Protection Service service was changed from disabled to demand start.
Information	21-07-2019 21:57:55	McAfee Service Controller	1	None	The homenetsvc MMS Service entered the running state.
Information	21-07-2019 21:57:52	McAfee Service Controller	1	None	The mfefire MMS Service entered the running state.
Information	21-07-2019 21:57:52	McAfee Service Controller	1	None	The mfecore MMS Service entered the running state.
Information	21-07-2019 21:57:51	McAfee Service Controller	1	None	The mfeavsvc MMS Service entered the running state.
Information	21-07-2019 21:57:50	McAfee Service Controller	1	None	The mfevtp MMS Service entered the running state.
Error	21-07-2019 21:57:19	Service Control Manager	7000	None	"The Dell Hardware Support service failed to start due to the following error: 
The service did not respond to the start or control request in a timely fashion."
Error	21-07-2019 21:57:19	Service Control Manager	7009	None	A timeout was reached (30000 milliseconds) while waiting for the Dell Hardware Support service to connect.
Information	21-07-2019 21:56:35	Service Control Manager	7040	None	The start type of the McAfee Service Controller service was changed from disabled to auto start.
Information	21-07-2019 21:56:34	Service Control Manager	7045	None	"A service was installed in the system.

Service Name:  McAfee Temporary Installer Service
Service File Name:  ""C:\Program Files\Common Files\McAfee\VSCore_19_3\VSC5CC7.tmp\VSCore\mfehidin.exe"" -service mfemms
Service Type:  user mode service
Service Start Type:  auto start
Service Account:  LocalSystem"
Information	21-07-2019 21:56:34	Service Control Manager	7040	None	The start type of the McAfee Service Controller service was changed from auto start to disabled.
Information	21-07-2019 21:56:16	Service Control Manager	7040	None	The start type of the McAfee Validation Trust Protection Service service was changed from demand start to disabled.
Information	21-07-2019 21:56:16	Service Control Manager	7040	None	The start type of the McAfee Activation Service service was changed from demand start to disabled.
Information	21-07-2019 21:56:16	Service Control Manager	7040	None	The start type of the McAfee Firewall Core Service service was changed from demand start to disabled.
Information	21-07-2019 21:56:16	McAfee Service Controller	2	None	The mfevtp MMS Service entered the stopped state.
Information	21-07-2019 21:56:16	McAfee Service Controller	2	None	The mfevtp MMS Service entered the stopped state.
Information	21-07-2019 21:56:16	McAfee Service Controller	2	None	The mfevtp MMS Service entered the stopped state.
Information	21-07-2019 21:56:14	McAfee Service Controller	2	None	The protectedmodulehostservice MMS Service entered the stopped state.
Information	21-07-2019 21:56:13	McAfee Service Controller	2	None	The msk80service MMS Service entered the stopped state.
Information	21-07-2019 21:56:13	McAfee Service Controller	2	None	The mmscom MMS Service entered the stopped state.
Information	21-07-2019 21:56:12	McAfee Service Controller	2	None	The mfefire MMS Service entered the stopped state.
Information	21-07-2019 21:56:12	McAfee Service Controller	2	None	The mfefire MMS Service entered the stopped state.
Information	21-07-2019 21:56:12	McAfee Service Controller	2	None	The mfeavsvc MMS Service entered the stopped state.
Information	21-07-2019 21:56:10	McAfee Service Controller	2	None	The mcproxy MMS Service entered the stopped state.
Information	21-07-2019 21:56:09	McAfee Service Controller	2	None	The mcpltsvc MMS Service entered the stopped state.
Information	21-07-2019 21:56:08	McAfee Service Controller	2	None	The mcbootdelaystartsvc MMS Service entered the stopped state.
Information	21-07-2019 21:56:07	McAfee Service Controller	2	None	The homenetsvc MMS Service entered the stopped state.
Information	21-07-2019 21:56:05	Service Control Manager	7040	None	The start type of the McAfee AP Service service was changed from auto start to disabled.
Information	21-07-2019 21:56:03	McAfee Service Controller	2	None	The mfecore MMS Service entered the stopped state.
Information	21-07-2019 21:56:03	McAfee Service Controller	1	None	The homenetsvc MMS Service entered the running state.
Information	21-07-2019 21:56:02	McAfee Service Controller	1	None	The mcpltsvc MMS Service entered the running state.
Information	21-07-2019 21:56:02	McAfee Service Controller	1	None	The msk80service MMS Service entered the running state.
Information	21-07-2019 21:55:04	Service Control Manager	7040	None	The start type of the Distributed Transaction Coordinator service was changed from auto start to demand start.
Information	21-07-2019 21:54:58	Service Control Manager	7040	None	The start type of the Distributed Transaction Coordinator service was changed from demand start to auto start.
Information	21-07-2019 21:54:27	Service Control Manager	7040	None	The start type of the Background Intelligent Transfer Service service was changed from demand start to auto start.
Information	21-07-2019 21:54:19	McAfee Service Controller	1	None	The mfecore MMS Service entered the running state.
Information	21-07-2019 21:54:16	TPM	18	None	This event triggers the Trusted Platform Module (TPM) provisioning/status check to run.
Information	21-07-2019 21:54:16	Service Control Manager	7026	None	"The following boot-start or system-start driver(s) did not load: 
dam"
Error	21-07-2019 21:54:16	Service Control Manager	7000	None	"The RNDBWM service failed to start due to the following error: 
The service did not respond to the start or control request in a timely fashion."
Error	21-07-2019 21:54:16	Service Control Manager	7009	None	A timeout was reached (30000 milliseconds) while waiting for the RNDBWM service to connect.
Information	21-07-2019 21:54:16	McAfee Service Controller	1	None	The mfeavsvc MMS Service entered the running state.
Information	21-07-2019 21:54:14	McAfee Service Controller	1	None	The mcproxy MMS Service entered the running state.
Information	21-07-2019 21:54:12	McAfee Service Controller	1	None	The mmscom MMS Service entered the running state.
Information	21-07-2019 21:54:12	McAfee Service Controller	1	None	The mcbootdelaystartsvc MMS Service entered the running state.
Information	21-07-2019 21:54:12	McAfee Service Controller	1	None	The protectedmodulehostservice MMS Service entered the running state.
Information	21-07-2019 21:54:11	McAfee Service Controller	1	None	The mfefire MMS Service entered the running state.
Information	21-07-2019 21:54:04	McAfee Service Controller	1	None	The mfevtp MMS Service entered the running state.
Information	21-07-2019 21:53:58	SmartByte Network Service	16	(1)	"The description for Event ID 16 from source SmartByte Network Service cannot be found. Either the component that raises this event is not installed on your local computer or the installation is corrupted. You can install or repair the component on the local computer.

If the event originated on another computer, the display information had to be saved with the event.

The following information was included with the event: 

Service Starting

The message resource is present but the message was not found in the message table
"
Information	21-07-2019 21:53:58	SmartByte Network Service	0	None	"The description for Event ID 0 from source SmartByte Network Service cannot be found. Either the component that raises this event is not installed on your local computer or the installation is corrupted. You can install or repair the component on the local computer.

If the event originated on another computer, the display information had to be saved with the event.

The following information was included with the event: 

Service started/resumed

The message resource is present but the message was not found in the message table
"
Information	21-07-2019 21:53:49	Service Control Manager	7040	None	The start type of the cphs service was changed from auto start to demand start.
Warning	21-07-2019 21:53:47	Microsoft-Windows-Kernel-Processor-Power	37	(7)	The speed of processor 3 in group 0 is being limited by system firmware. The processor has been in this reduced performance state for 17 seconds since the last report.
Warning	21-07-2019 21:53:47	Microsoft-Windows-Kernel-Processor-Power	37	(7)	The speed of processor 0 in group 0 is being limited by system firmware. The processor has been in this reduced performance state for 16 seconds since the last report.
Warning	21-07-2019 21:53:47	Microsoft-Windows-Kernel-Processor-Power	37	(7)	The speed of processor 1 in group 0 is being limited by system firmware. The processor has been in this reduced performance state for 16 seconds since the last report.
Warning	21-07-2019 21:53:47	Microsoft-Windows-Kernel-Processor-Power	37	(7)	The speed of processor 2 in group 0 is being limited by system firmware. The processor has been in this reduced performance state for 16 seconds since the last report.
Information	21-07-2019 21:53:42	Microsoft-Windows-WLAN-AutoConfig	4000	None	"WLAN AutoConfig service has successfully started.
"
Information	21-07-2019 21:53:26	Microsoft-Windows-FilterManager	6	None	File System Filter 'storqosflt' (10.0, ‎2027‎-‎11‎-‎11T21:41:39.000000000Z) has successfully loaded and registered with Filter Manager.
Information	21-07-2019 21:53:26	Microsoft-Windows-FilterManager	6	None	File System Filter 'CldFlt' (10.0, ‎2055‎-‎06‎-‎16T02:37:10.000000000Z) has successfully loaded and registered with Filter Manager.
Information	21-07-2019 21:53:26	Microsoft-Windows-FilterManager	1	None	File System Filter 'CldFlt' (Version 10.0, ‎2055‎-‎06‎-‎16T02:37:10.000000000Z) unloaded successfully.
Information	21-07-2019 21:53:26	Microsoft-Windows-FilterManager	6	None	File System Filter 'CldFlt' (10.0, ‎2055‎-‎06‎-‎16T02:37:10.000000000Z) has successfully loaded and registered with Filter Manager.
Information	21-07-2019 21:53:26	Microsoft-Windows-FilterManager	6	None	File System Filter 'luafv' (10.0, ‎2024‎-‎04‎-‎14T10:40:21.000000000Z) has successfully loaded and registered with Filter Manager.
Information	21-07-2019 21:53:24	Microsoft-Windows-DHCPv6-Client	51046	Service State Event	DHCPv6 client service is started
Information	21-07-2019 21:53:24	Microsoft-Windows-Dhcp-Client	50103	Service State Event	DHCPv4 client registered for shutdown notification
Information	21-07-2019 21:53:24	Microsoft-Windows-Dhcp-Client	50036	Service State Event	DHCPv4 client service is started
Information	21-07-2019 21:53:21	Microsoft-Windows-FilterManager	6	None	File System Filter 'wcifs' (10.0, ‎2004‎-‎12‎-‎04T07:01:13.000000000Z) has successfully loaded and registered with Filter Manager.
Information	21-07-2019 21:53:05	Microsoft-Windows-UserModePowerService	12	(10)	Process C:\Windows\System32\WUDFHost.exe (process ID:624) reset policy scheme from {49EF8FC0-BB7F-488E-B6A0-F1FC77EC649B} to {49EF8FC0-BB7F-488E-B6A0-F1FC77EC649B}
Information	21-07-2019 21:52:58	Microsoft-Windows-UserModePowerService	12	(10)	Process C:\Windows\System32\WUDFHost.exe (process ID:624) reset policy scheme from {49EF8FC0-BB7F-488E-B6A0-F1FC77EC649B} to {49EF8FC0-BB7F-488E-B6A0-F1FC77EC649B}
Information	21-07-2019 21:52:58	Microsoft-Windows-UserModePowerService	12	(10)	Process C:\Windows\System32\WUDFHost.exe (process ID:624) reset policy scheme from {49EF8FC0-BB7F-488E-B6A0-F1FC77EC649B} to {49EF8FC0-BB7F-488E-B6A0-F1FC77EC649B}
Information	21-07-2019 21:52:58	Microsoft-Windows-UserModePowerService	12	(10)	Process C:\Windows\System32\WUDFHost.exe (process ID:624) reset policy scheme from {49EF8FC0-BB7F-488E-B6A0-F1FC77EC649B} to {49EF8FC0-BB7F-488E-B6A0-F1FC77EC649B}
Information	21-07-2019 21:52:53	Microsoft-Windows-Directory-Services-SAM	16403	None	"The error ""The specified account already exists.
"" occurred when trying to create the well known account Device Owners. Please contact PSS to recover."
Information	21-07-2019 21:52:52	Microsoft-Windows-Directory-Services-SAM	16962	None	"Remote calls to the SAM database are being restricted using the default security descriptor: O:SYG:SYD:(A;;RC;;;BA).
For more information please see http://go.microsoft.com/fwlink/?LinkId=787651."
Information	21-07-2019 21:52:50	Microsoft-Windows-Wininit	14	None	Credential Guard (LsaIso.exe) configuration: 0x0, 0
Information	21-07-2019 21:52:41	Microsoft-Windows-Ntfs	98	None	Volume \\?\Volume{95c669f6-da48-46c1-8919-85b16e4f7733} (\Device\HarddiskVolume4) is healthy.  No action is needed.
Error	21-07-2019 21:52:40	BTHUSB	5	None	The Bluetooth driver expected an HCI event with a certain size but did not receive it.
Information	21-07-2019 21:52:40	BTHUSB	18	None	Windows cannot store Bluetooth authentication codes (link keys) on the local adapter. Bluetooth keyboards might not work in the system BIOS during startup.
Information	21-07-2019 21:52:40	Microsoft-Windows-Ntfs	98	None	Volume \\?\Volume{63a575af-8a39-4cd1-b27e-7d51c09f397e} (\Device\HarddiskVolume9) is healthy.  No action is needed.
Information	21-07-2019 21:52:39	Microsoft-Windows-Ntfs	98	None	Volume \\?\Volume{724896b8-88c6-45f4-9950-4c354cad8cdf} (\Device\HarddiskVolume8) is healthy.  No action is needed.
Information	21-07-2019 21:52:38	Microsoft-Windows-Ntfs	98	None	Volume \\?\Volume{d64d8e01-5445-42ad-9f34-915eb5fc966f} (\Device\HarddiskVolume7) is healthy.  No action is needed.
Warning	21-07-2019 21:52:37	rt640x64	1	None	Realtek PCIe FE Family Controller is disconnected from network.
Information	21-07-2019 21:52:37	Microsoft-Windows-Kernel-Power	521	(220)	Active battery count change.
Information	21-07-2019 21:52:37	Microsoft-Windows-Kernel-Power	105	(100)	Power source change.
Information	21-07-2019 21:52:37	MEIx64	2	None	Intel(R) Management Engine Interface driver has started successfully.
Information	21-07-2019 21:52:36	Microsoft-Windows-Kernel-Power	521	(220)	Active battery count change.
Information	21-07-2019 21:52:36	Microsoft-Windows-Kernel-Processor-Power	55	(47)	"Processor 3 in group 0 exposes the following power management capabilities:

Idle state type: ACPI Idle (C) States (3 state(s))

Performance state type: ACPI Performance (P) / Throttle (T) States
Nominal Frequency (MHz): 2300
Maximum performance percentage: 100
Minimum performance percentage: 17
Minimum throttle percentage: 17"
Information	21-07-2019 21:52:36	Microsoft-Windows-Kernel-Processor-Power	55	(47)	"Processor 1 in group 0 exposes the following power management capabilities:

Idle state type: ACPI Idle (C) States (3 state(s))

Performance state type: ACPI Performance (P) / Throttle (T) States
Nominal Frequency (MHz): 2300
Maximum performance percentage: 100
Minimum performance percentage: 17
Minimum throttle percentage: 17"
Information	21-07-2019 21:52:36	Microsoft-Windows-Kernel-Processor-Power	55	(47)	"Processor 2 in group 0 exposes the following power management capabilities:

Idle state type: ACPI Idle (C) States (3 state(s))

Performance state type: ACPI Performance (P) / Throttle (T) States
Nominal Frequency (MHz): 2300
Maximum performance percentage: 100
Minimum performance percentage: 17
Minimum throttle percentage: 17"
Information	21-07-2019 21:52:36	Microsoft-Windows-Kernel-Processor-Power	55	(47)	"Processor 0 in group 0 exposes the following power management capabilities:

Idle state type: ACPI Idle (C) States (3 state(s))

Performance state type: ACPI Performance (P) / Throttle (T) States
Nominal Frequency (MHz): 2300
Maximum performance percentage: 100
Minimum performance percentage: 17
Minimum throttle percentage: 17"
Warning	21-07-2019 21:52:35	Microsoft-Windows-Kernel-PnP	219	(212)	The driver \Driver\WUDFRd failed to load for the device ACPI\INT3400\2&daba3ff&0.
