Information	30-07-2019 08:48:14	Microsoft-Windows-WindowsUpdateClient	44	Windows Update Agent	Windows Update started downloading an update.
Information	30-07-2019 08:48:11	Microsoft-Windows-WindowsUpdateClient	43	Windows Update Agent	Installation Started: Windows has started installing the following update: 9NBLGGH4LS1F-Microsoft.StorePurchaseApp
Information	30-07-2019 08:48:11	Microsoft-Windows-WindowsUpdateClient	19	Windows Update Agent	Installation Successful: Windows successfully installed the following update: ApplicationSet-CFQ7TTC0K56C-Microsoft.Office.Desktop
Warning	30-07-2019 08:47:48	Microsoft-Windows-WHEA-Logger	17	None	"A corrected hardware error has occurred.

Component: PCI Express Root Port
Error Source: Advanced Error Reporting (PCI Express)

Bus:Device:Function: 0x0:0x1C:0x0
Vendor ID:Device ID: 0x8086:0x9D14
Class Code: 0x30400

The details view of this entry contains further information."
Warning	30-07-2019 08:47:45	Microsoft-Windows-WHEA-Logger	17	None	"A corrected hardware error has occurred.

Component: PCI Express Root Port
Error Source: Advanced Error Reporting (PCI Express)

Bus:Device:Function: 0x0:0x1C:0x0
Vendor ID:Device ID: 0x8086:0x9D14
Class Code: 0x30400

The details view of this entry contains further information."
Warning	30-07-2019 08:47:42	Microsoft-Windows-WHEA-Logger	17	None	"A corrected hardware error has occurred.

Component: PCI Express Root Port
Error Source: Advanced Error Reporting (PCI Express)

Bus:Device:Function: 0x0:0x1C:0x0
Vendor ID:Device ID: 0x8086:0x9D14
Class Code: 0x30400

The details view of this entry contains further information."
Information	30-07-2019 08:47:33	Microsoft-Windows-WindowsUpdateClient	43	Windows Update Agent	Installation Started: Windows has started installing the following update: ApplicationSet-CFQ7TTC0K56C-Microsoft.Office.Desktop
Information	30-07-2019 08:47:30	Microsoft-Windows-Kernel-General	16	None	The access history in hive \??\C:\ProgramData\Microsoft\Windows\AppRepository\Packages\Microsoft.StorePurchaseApp_11906.1001.16.0_x64__8wekyb3d8bbwe\ActivationStore.dat was cleared updating 0 keys and creating 0 modified pages.
Information	30-07-2019 08:47:21	Microsoft-Windows-WindowsUpdateClient	44	Windows Update Agent	Windows Update started downloading an update.
Information	30-07-2019 08:47:20	Microsoft-Windows-Kernel-General	16	None	The access history in hive \??\C:\ProgramData\Microsoft\Windows\AppRepository\Packages\Microsoft.Office.Desktop.Excel_16051.11727.20244.0_x86__8wekyb3d8bbwe\ActivationStore.dat was cleared updating 0 keys and creating 0 modified pages.
Information	30-07-2019 08:47:14	Microsoft-Windows-Kernel-General	16	None	The access history in hive \??\C:\ProgramData\Microsoft\Windows\AppRepository\Packages\Microsoft.UI.Xaml.2.1_2.11906.6001.0_x86__8wekyb3d8bbwe\ActivationStore.dat was cleared updating 0 keys and creating 0 modified pages.
Information	30-07-2019 08:46:59	Microsoft-Windows-Kernel-General	16	None	The access history in hive \??\C:\ProgramData\Microsoft\Windows\AppRepository\Packages\Microsoft.UI.Xaml.2.1_2.11906.6001.0_x64__8wekyb3d8bbwe\ActivationStore.dat was cleared updating 0 keys and creating 0 modified pages.
Information	30-07-2019 08:46:22	Microsoft-Windows-Kernel-General	16	None	The access history in hive \??\C:\ProgramData\Microsoft\Windows\AppRepository\Packages\Microsoft.Office.Desktop.Publisher_16051.11727.20244.0_x86__8wekyb3d8bbwe\ActivationStore.dat was cleared updating 0 keys and creating 0 modified pages.
Information	30-07-2019 08:44:15	Microsoft-Windows-Kernel-General	16	None	The access history in hive \??\C:\ProgramData\Microsoft\Windows\AppRepository\Packages\Microsoft.Office.Desktop_16051.11727.20244.0_x86__8wekyb3d8bbwe\ActivationStore.dat was cleared updating 0 keys and creating 0 modified pages.
Information	30-07-2019 08:42:46	Microsoft-Windows-Kernel-General	16	None	The access history in hive \??\C:\ProgramData\Microsoft\Windows\AppRepository\Packages\Microsoft.Wallet_2.2.18065.0_x64__8wekyb3d8bbwe\ActivationStore.dat was cleared updating 0 keys and creating 0 modified pages.
Warning	30-07-2019 08:41:51	Microsoft-Windows-WHEA-Logger	17	None	"A corrected hardware error has occurred.

Component: PCI Express Root Port
Error Source: Advanced Error Reporting (PCI Express)

Bus:Device:Function: 0x0:0x1C:0x0
Vendor ID:Device ID: 0x8086:0x9D14
Class Code: 0x30400

The details view of this entry contains further information."
Information	30-07-2019 08:41:19	Microsoft-Windows-WindowsUpdateClient	44	Windows Update Agent	Windows Update started downloading an update.
Information	30-07-2019 08:41:19	Microsoft-Windows-WindowsUpdateClient	19	Windows Update Agent	Installation Successful: Windows successfully installed the following update: 9WZDNCRFJBD8-Microsoft.XboxApp
Warning	30-07-2019 08:41:13	Microsoft-Windows-WHEA-Logger	17	None	"A corrected hardware error has occurred.

Component: PCI Express Root Port
Error Source: Advanced Error Reporting (PCI Express)

Bus:Device:Function: 0x0:0x1C:0x0
Vendor ID:Device ID: 0x8086:0x9D14
Class Code: 0x30400

The details view of this entry contains further information."
Information	30-07-2019 08:41:07	Microsoft-Windows-WindowsUpdateClient	43	Windows Update Agent	Installation Started: Windows has started installing the following update: 9WZDNCRFJBD8-Microsoft.XboxApp
Information	30-07-2019 08:40:53	Microsoft-Windows-Kernel-General	16	None	The access history in hive \??\C:\ProgramData\Microsoft\Windows\AppRepository\Packages\Microsoft.XboxApp_48.55.24001.0_x64__8wekyb3d8bbwe\ActivationStore.dat was cleared updating 0 keys and creating 0 modified pages.
Information	30-07-2019 08:40:52	Microsoft-Windows-Kernel-General	16	None	The access history in hive \??\C:\ProgramData\Microsoft\Windows\AppRepository\Packages\Microsoft.Office.Desktop.Access_16051.11727.20244.0_x86__8wekyb3d8bbwe\ActivationStore.dat was cleared updating 0 keys and creating 0 modified pages.
Warning	30-07-2019 08:40:47	Microsoft-Windows-WHEA-Logger	17	None	"A corrected hardware error has occurred.

Component: PCI Express Root Port
Error Source: Advanced Error Reporting (PCI Express)

Bus:Device:Function: 0x0:0x1C:0x0
Vendor ID:Device ID: 0x8086:0x9D14
Class Code: 0x30400

The details view of this entry contains further information."
Information	30-07-2019 08:40:14	Microsoft-Windows-Kernel-General	16	None	The access history in hive \??\C:\ProgramData\Microsoft\Windows\AppRepository\Packages\Microsoft.Office.Desktop.Outlook_16051.11727.20244.0_x86__8wekyb3d8bbwe\ActivationStore.dat was cleared updating 0 keys and creating 0 modified pages.
Information	30-07-2019 08:39:42	Microsoft-Windows-Kernel-General	16	None	The access history in hive \??\C:\ProgramData\Microsoft\Windows\AppRepository\Packages\Microsoft.Office.Desktop.PowerPoint_16051.11727.20244.0_x86__8wekyb3d8bbwe\ActivationStore.dat was cleared updating 0 keys and creating 0 modified pages.
Information	30-07-2019 08:37:43	Microsoft-Windows-Kernel-General	16	None	The access history in hive \??\C:\ProgramData\Microsoft\Windows\AppRepository\Packages\Microsoft.Office.Desktop.Word_16051.11727.20244.0_x86__8wekyb3d8bbwe\ActivationStore.dat was cleared updating 0 keys and creating 0 modified pages.
Warning	30-07-2019 08:37:08	Microsoft-Windows-WHEA-Logger	17	None	"A corrected hardware error has occurred.

Component: PCI Express Root Port
Error Source: Advanced Error Reporting (PCI Express)

Bus:Device:Function: 0x0:0x1C:0x0
Vendor ID:Device ID: 0x8086:0x9D14
Class Code: 0x30400

The details view of this entry contains further information."
Warning	30-07-2019 08:36:41	Microsoft-Windows-WHEA-Logger	17	None	"A corrected hardware error has occurred.

Component: PCI Express Root Port
Error Source: Advanced Error Reporting (PCI Express)

Bus:Device:Function: 0x0:0x1C:0x0
Vendor ID:Device ID: 0x8086:0x9D14
Class Code: 0x30400

The details view of this entry contains further information."
Warning	30-07-2019 08:35:36	Microsoft-Windows-WHEA-Logger	17	None	"A corrected hardware error has occurred.

Component: PCI Express Root Port
Error Source: Advanced Error Reporting (PCI Express)

Bus:Device:Function: 0x0:0x1C:0x0
Vendor ID:Device ID: 0x8086:0x9D14
Class Code: 0x30400

The details view of this entry contains further information."
Warning	30-07-2019 08:34:59	Microsoft-Windows-WHEA-Logger	17	None	"A corrected hardware error has occurred.

Component: PCI Express Root Port
Error Source: Advanced Error Reporting (PCI Express)

Bus:Device:Function: 0x0:0x1C:0x0
Vendor ID:Device ID: 0x8086:0x9D14
Class Code: 0x30400

The details view of this entry contains further information."
Warning	30-07-2019 08:34:24	Microsoft-Windows-WHEA-Logger	17	None	"A corrected hardware error has occurred.

Component: PCI Express Root Port
Error Source: Advanced Error Reporting (PCI Express)

Bus:Device:Function: 0x0:0x1C:0x0
Vendor ID:Device ID: 0x8086:0x9D14
Class Code: 0x30400

The details view of this entry contains further information."
Information	30-07-2019 08:30:46	McAfee Service Controller	1	None	The mmscom MMS Service entered the running state.
Information	30-07-2019 08:30:46	McAfee Service Controller	1	None	The mcproxy MMS Service entered the running state.
Information	30-07-2019 08:30:46	McAfee Service Controller	1	None	The mcpltsvc MMS Service entered the running state.
Information	30-07-2019 08:30:46	McAfee Service Controller	1	None	The mcbootdelaystartsvc MMS Service entered the running state.
Information	30-07-2019 08:30:46	McAfee Service Controller	1	None	The homenetsvc MMS Service entered the running state.
Information	30-07-2019 08:30:45	McAfee Service Controller	2	None	The msk80service MMS Service entered the stopped state.
Information	30-07-2019 08:30:45	McAfee Service Controller	1	None	The msk80service MMS Service entered the running state.
Information	30-07-2019 08:30:31	Microsoft-Windows-Kernel-General	16	None	The access history in hive \??\C:\Users\karthikeyaram\AppData\Local\Packages\dellinc.dellsupportassistforpcs_htrsf667h5kn2\AC\GEH\POF.dat was cleared updating 5 keys and creating 1 modified pages.
Information	30-07-2019 08:30:12	McAfee Service Controller	1	None	The mfecore MMS Service entered the running state.
Information	30-07-2019 08:30:11	McAfee Service Controller	1	None	The mfeavsvc MMS Service entered the running state.
Information	30-07-2019 08:30:11	McAfee Service Controller	7	None	"A service was created with MFEMMS:  Service Name: mfeavsvc Service BinaryPath: ""C:\Program Files\McAfee\MfeAV\MFEAvSvc.exe"" Service Type: SERVICE_TYPE_MMS Service Power Profile: POWERPROFILE_NORMAL Service Depends On: mfevtp  Service Restart Period: 1800 Service Restart Count: 5 Service Restart Delay: 5 Service Group Account: LocalSystem Service Startup Profile: SERVICE_START_EARLY"
Information	30-07-2019 08:30:10	McAfee Service Controller	2	None	The mfecore MMS Service entered the stopped state.
Warning	30-07-2019 08:30:03	Microsoft-Windows-DNS-Client	1014	(1014)	Name resolution for the name ssl.gstatic.com timed out after none of the configured DNS servers responded.
Information	30-07-2019 08:29:58	McAfee Service Controller	9	None	The mfeavsvc MMS service was deleted.
Information	30-07-2019 08:29:58	McAfee Service Controller	2	None	The mfeavsvc MMS Service entered the stopped state.
Information	30-07-2019 08:29:53	McAfee Service Controller	1	None	The mfecore MMS Service entered the running state.
Information	30-07-2019 08:29:52	McAfee Service Controller	2	None	The mfecore MMS Service entered the stopped state.
Information	30-07-2019 08:29:28	McAfee Service Controller	2	None	The homenetsvc MMS Service entered the stopped state.
Information	30-07-2019 08:29:28	McAfee Service Controller	1	None	The homenetsvc MMS Service entered the running state.
Information	30-07-2019 08:29:25	McAfee Service Controller	1	None	The mfecore MMS Service entered the running state.
Information	30-07-2019 08:29:17	McAfee Service Controller	7	None	"A service was created with MFEMMS:  Service Name: mfecore Service BinaryPath: ""C:\Program Files\Common Files\McAfee\AMCore\mcshield.exe"" Service Type: SERVICE_TYPE_MMS Service Power Profile: POWERPROFILE_UNDEFINED Service Depends On: mfevtp  Service Restart Period: 1800 Service Restart Count: 2 Service Restart Delay: 5 Service Group Account: LocalSystem Service Startup Profile: SERVICE_START_EARLY"
Information	30-07-2019 08:29:12	McAfee Service Controller	9	None	The mfecore MMS service was deleted.
Information	30-07-2019 08:29:12	McAfee Service Controller	2	None	The mfecore MMS Service entered the stopped state.
Information	30-07-2019 08:27:32	Service Control Manager	7045	None	"A service was installed in the system.

Service Name:  McAfee PEF Service
Service File Name:  ""C:\Program Files\Common Files\McAfee\PEF\CORE\PEFService.exe""
Service Type:  user mode service
Service Start Type:  auto start
Service Account:  LocalSystem"
Information	30-07-2019 08:27:24	Service Control Manager	7040	None	The start type of the McAfee CSP Service service was changed from disabled to auto start.
Information	30-07-2019 08:27:22	Service Control Manager	7040	None	The start type of the McAfee CSP Service service was changed from auto start to disabled.
Information	30-07-2019 08:26:53	Microsoft-Windows-WindowsUpdateClient	44	Windows Update Agent	Windows Update started downloading an update.
Information	30-07-2019 08:26:52	Microsoft-Windows-WindowsUpdateClient	44	Windows Update Agent	Windows Update started downloading an update.
Information	30-07-2019 08:26:50	Microsoft-Windows-WindowsUpdateClient	44	Windows Update Agent	Windows Update started downloading an update.
Information	30-07-2019 08:26:05	McAfee Service Controller	1	None	The protectedmodulehostservice MMS Service entered the running state.
Information	30-07-2019 08:26:05	McAfee Service Controller	7	None	"A service was created with MFEMMS:  Service Name: protectedmodulehostservice Service BinaryPath: ""C:\\Program Files\\Common Files\\McAfee\ModuleCore\\ProtectedModuleHost.exe"" Service Type: SERVICE_TYPE_MMS Service Power Profile: POWERPROFILE_NORMAL Service Depends On:  Service Restart Period: 300 Service Restart Count: 5 Service Restart Delay: 5 Service Group Account: LocalSystem Service Startup Profile: SERVICE_START_EARLY"
Information	30-07-2019 08:26:05	McAfee Service Controller	9	None	The protectedmodulehostservice MMS service was deleted.
Information	30-07-2019 08:26:04	McAfee Service Controller	2	None	The protectedmodulehostservice MMS Service entered the stopped state.
Information	30-07-2019 08:26:03	McAfee Service Controller	1	None	The mfeavsvc MMS Service entered the running state.
Information	30-07-2019 08:26:02	McAfee Service Controller	2	None	The mfeavsvc MMS Service entered the stopped state.
Information	30-07-2019 08:25:59	Service Control Manager	7040	None	The start type of the McAfee AP Service service was changed from disabled to auto start.
Information	30-07-2019 08:25:56	Service Control Manager	7040	None	The start type of the McAfee Activation Service service was changed from disabled to demand start.
Information	30-07-2019 08:25:53	Service Control Manager	7040	None	The start type of the McAfee Firewall Core Service service was changed from disabled to demand start.
Information	30-07-2019 08:25:52	McAfee Service Controller	1	None	The protectedmodulehostservice MMS Service entered the running state.
Information	30-07-2019 08:25:51	McAfee Service Controller	2	None	The msk80service MMS Service entered the stopped state.
Information	30-07-2019 08:25:51	McAfee Service Controller	1	None	The msk80service MMS Service entered the running state.
Information	30-07-2019 08:25:50	McAfee Service Controller	2	None	The mmscom MMS Service entered the stopped state.
Information	30-07-2019 08:25:50	McAfee Service Controller	1	None	The mmscom MMS Service entered the running state.
Information	30-07-2019 08:25:49	McAfee Service Controller	2	None	The mcproxy MMS Service entered the stopped state.
Information	30-07-2019 08:25:49	McAfee Service Controller	1	None	The mcproxy MMS Service entered the running state.
Information	30-07-2019 08:25:48	McAfee Service Controller	2	None	The mcpltsvc MMS Service entered the stopped state.
Information	30-07-2019 08:25:48	McAfee Service Controller	1	None	The mcpltsvc MMS Service entered the running state.
Information	30-07-2019 08:25:47	McAfee Service Controller	2	None	The mcbootdelaystartsvc MMS Service entered the stopped state.
Information	30-07-2019 08:25:47	McAfee Service Controller	1	None	The mcbootdelaystartsvc MMS Service entered the running state.
Information	30-07-2019 08:25:43	McAfee Service Controller	2	None	The homenetsvc MMS Service entered the stopped state.
Information	30-07-2019 08:25:43	McAfee Service Controller	1	None	The homenetsvc MMS Service entered the running state.
Information	30-07-2019 08:25:42	Service Control Manager	7040	None	The start type of the McAfee Validation Trust Protection Service service was changed from disabled to demand start.
Information	30-07-2019 08:25:36	McAfee Service Controller	1	None	The mfefire MMS Service entered the running state.
Information	30-07-2019 08:25:35	McAfee Service Controller	1	None	The mfecore MMS Service entered the running state.
Information	30-07-2019 08:25:34	McAfee Service Controller	1	None	The mfeavsvc MMS Service entered the running state.
Information	30-07-2019 08:25:24	McAfee Service Controller	1	None	The mfevtp MMS Service entered the running state.
Information	30-07-2019 08:23:25	Service Control Manager	7040	None	The start type of the McAfee Service Controller service was changed from disabled to auto start.
Information	30-07-2019 08:23:24	Service Control Manager	7045	None	"A service was installed in the system.

Service Name:  McAfee Temporary Installer Service
Service File Name:  ""C:\Program Files\Common Files\McAfee\VSCore_19_5\VSC2EE4.tmp\VSCore\mfehidin.exe"" -service mfemms
Service Type:  user mode service
Service Start Type:  auto start
Service Account:  LocalSystem"
Information	30-07-2019 08:23:24	Service Control Manager	7040	None	The start type of the McAfee Service Controller service was changed from auto start to disabled.
Information	30-07-2019 08:23:23	Microsoft-Windows-FilterManager	6	None	File System Filter 'mfehidk01' (0.0, ‎2019‎-‎04‎-‎26T08:39:33.000000000Z) has successfully loaded and registered with Filter Manager.
Information	30-07-2019 08:23:06	McAfee Service Controller	2	None	The mfevtp MMS Service entered the stopped state.
Information	30-07-2019 08:23:06	McAfee Service Controller	2	None	The mfevtp MMS Service entered the stopped state.
Information	30-07-2019 08:23:06	McAfee Service Controller	2	None	The mfevtp MMS Service entered the stopped state.
Information	30-07-2019 08:23:05	Service Control Manager	7040	None	The start type of the McAfee Validation Trust Protection Service service was changed from demand start to disabled.
Information	30-07-2019 08:23:05	Service Control Manager	7040	None	The start type of the McAfee Activation Service service was changed from demand start to disabled.
Information	30-07-2019 08:23:04	Service Control Manager	7040	None	The start type of the McAfee Firewall Core Service service was changed from demand start to disabled.
Information	30-07-2019 08:23:03	McAfee Service Controller	2	None	The protectedmodulehostservice MMS Service entered the stopped state.
Information	30-07-2019 08:23:02	McAfee Service Controller	2	None	The mfefire MMS Service entered the stopped state.
Information	30-07-2019 08:23:02	McAfee Service Controller	2	None	The mfefire MMS Service entered the stopped state.
Information	30-07-2019 08:22:59	Service Control Manager	7040	None	The start type of the McAfee AP Service service was changed from auto start to disabled.
Information	30-07-2019 08:22:57	McAfee Service Controller	2	None	The mfecore MMS Service entered the stopped state.
Information	30-07-2019 08:22:20	Service Control Manager	7045	None	"A service was installed in the system.

Service Name:  McAfee PEF Service
Service File Name:  ""C:\Program Files\Common Files\McAfee\PEF\CORE\PEFService.exe""
Service Type:  user mode service
Service Start Type:  auto start
Service Account:  LocalSystem"
Warning	30-07-2019 08:22:06	Microsoft-Windows-WHEA-Logger	17	None	"A corrected hardware error has occurred.

Component: PCI Express Root Port
Error Source: Advanced Error Reporting (PCI Express)

Bus:Device:Function: 0x0:0x1C:0x0
Vendor ID:Device ID: 0x8086:0x9D14
Class Code: 0x30400

The details view of this entry contains further information."
Warning	30-07-2019 08:21:53	Microsoft-Windows-WHEA-Logger	17	None	"A corrected hardware error has occurred.

Component: PCI Express Root Port
Error Source: Advanced Error Reporting (PCI Express)

Bus:Device:Function: 0x0:0x1C:0x0
Vendor ID:Device ID: 0x8086:0x9D14
Class Code: 0x30400

The details view of this entry contains further information."
Information	30-07-2019 08:21:50	Microsoft-Windows-Kernel-General	16	None	The access history in hive \??\C:\Users\karthikeyaram\AppData\Local\Packages\windows.immersivecontrolpanel_cw5n1h2txyewy\Settings\settings.dat was cleared updating 1 keys and creating 1 modified pages.
Information	30-07-2019 08:21:49	Microsoft-Windows-Kernel-General	16	None	The access history in hive \??\C:\Users\karthikeyaram\AppData\Local\Packages\Microsoft.XboxIdentityProvider_8wekyb3d8bbwe\Settings\settings.dat was cleared updating 1 keys and creating 1 modified pages.
Information	30-07-2019 08:21:48	Microsoft-Windows-Kernel-General	16	None	The access history in hive \??\C:\Users\karthikeyaram\AppData\Local\Packages\Microsoft.WindowsStore_8wekyb3d8bbwe\Settings\settings.dat was cleared updating 13 keys and creating 2 modified pages.
Information	30-07-2019 08:21:48	Service Control Manager	7040	None	The start type of the McAfee Module Core Service service was changed from disabled to auto start.
Information	30-07-2019 08:21:49	McAfee Service Controller	1	None	The protectedmodulehostservice MMS Service entered the running state.
Information	30-07-2019 08:21:46	Microsoft-Windows-Kernel-General	16	None	The access history in hive \??\C:\Users\karthikeyaram\AppData\Local\Packages\Microsoft.WindowsCamera_8wekyb3d8bbwe\Settings\settings.dat was cleared updating 2 keys and creating 1 modified pages.
Information	30-07-2019 08:21:46	McAfee Service Controller	2	None	The protectedmodulehostservice MMS Service entered the stopped state.
Information	30-07-2019 08:21:45	Microsoft-Windows-Kernel-General	16	None	The access history in hive \??\C:\Users\karthikeyaram\AppData\Local\Packages\Microsoft.Windows.Photos_8wekyb3d8bbwe\Settings\settings.dat was cleared updating 23 keys and creating 6 modified pages.
Error	30-07-2019 08:21:43	Microsoft-Windows-DistributedCOM	10016	None	"The application-specific permission settings do not grant Local Activation permission for the COM Server application with CLSID 
{8BC3F05E-D86B-11D0-A075-00C04FB68820}
 and APPID 
{8BC3F05E-D86B-11D0-A075-00C04FB68820}
 to the user DESKTOP-HNCA8IM\karthikeyaram SID (S-1-5-21-2479648021-1448410262-2704196919-1001) from address LocalHost (Using LRPC) running in the application container Microsoft.Windows.ContentDeliveryManager_10.0.17134.1_neutral_neutral_cw5n1h2txyewy SID (S-1-15-2-350187224-1905355452-1037786396-3028148496-2624191407-3283318427-1255436723). This security permission can be modified using the Component Services administrative tool."
Information	30-07-2019 08:21:42	Microsoft-Windows-Kernel-General	16	None	The access history in hive \??\C:\Users\karthikeyaram\AppData\Local\Packages\Microsoft.Office.Desktop.Word_8wekyb3d8bbwe\Settings\settings.dat was cleared updating 1 keys and creating 1 modified pages.
Information	30-07-2019 08:21:41	Microsoft-Windows-Kernel-General	16	None	The access history in hive \??\C:\Users\karthikeyaram\AppData\Local\Packages\Microsoft.Office.Desktop.Publisher_8wekyb3d8bbwe\Settings\settings.dat was cleared updating 1 keys and creating 1 modified pages.
Warning	30-07-2019 08:21:40	Microsoft-Windows-WHEA-Logger	17	None	"A corrected hardware error has occurred.

Component: PCI Express Root Port
Error Source: Advanced Error Reporting (PCI Express)

Bus:Device:Function: 0x0:0x1C:0x0
Vendor ID:Device ID: 0x8086:0x9D14
Class Code: 0x30400

The details view of this entry contains further information."
Information	30-07-2019 08:21:39	Microsoft-Windows-Kernel-General	16	None	The access history in hive \??\C:\Users\karthikeyaram\AppData\Local\Packages\Microsoft.Office.Desktop.PowerPoint_8wekyb3d8bbwe\Settings\settings.dat was cleared updating 1 keys and creating 1 modified pages.
Information	30-07-2019 08:21:39	Service Control Manager	7040	None	The start type of the McAfee Module Core Service service was changed from auto start to disabled.
Information	30-07-2019 08:21:38	Microsoft-Windows-Kernel-General	16	None	The access history in hive \??\C:\Users\karthikeyaram\AppData\Local\Packages\Microsoft.Office.Desktop.Outlook_8wekyb3d8bbwe\Settings\settings.dat was cleared updating 1 keys and creating 1 modified pages.
Information	30-07-2019 08:21:36	Microsoft-Windows-Kernel-General	16	None	The access history in hive \??\C:\Users\karthikeyaram\AppData\Local\Packages\Microsoft.Office.Desktop.Excel_8wekyb3d8bbwe\Settings\settings.dat was cleared updating 1 keys and creating 1 modified pages.
Information	30-07-2019 08:21:35	Microsoft-Windows-Kernel-General	16	None	The access history in hive \??\C:\Users\karthikeyaram\AppData\Local\Packages\Microsoft.Office.Desktop.Access_8wekyb3d8bbwe\Settings\settings.dat was cleared updating 1 keys and creating 1 modified pages.
Warning	30-07-2019 08:21:32	Microsoft-Windows-WHEA-Logger	17	None	"A corrected hardware error has occurred.

Component: PCI Express Root Port
Error Source: Advanced Error Reporting (PCI Express)

Bus:Device:Function: 0x0:0x1C:0x0
Vendor ID:Device ID: 0x8086:0x9D14
Class Code: 0x30400

The details view of this entry contains further information."
Information	30-07-2019 08:21:27	Microsoft-Windows-Kernel-General	16	None	The access history in hive \??\C:\Users\karthikeyaram\AppData\Local\Packages\DellInc.DellProductRegistration_htrsf667h5kn2\Settings\settings.dat was cleared updating 1 keys and creating 1 modified pages.
Information	30-07-2019 08:21:26	Service Control Manager	7040	None	The start type of the McAfee CSP Service service was changed from disabled to auto start.
Information	30-07-2019 08:21:14	Service Control Manager	7040	None	The start type of the McAfee CSP Service service was changed from auto start to disabled.
Information	30-07-2019 08:21:04	Microsoft-Windows-Kernel-General	16	None	The access history in hive \Device\HarddiskVolume3\WINDOWS\System32\config\ELAM was cleared updating 1 keys and creating 1 modified pages.
Information	30-07-2019 08:20:42	Microsoft-Windows-Kernel-General	15	None	Hive \??\C:\WINDOWS\System32\config\COMPONENTS was reorganized with a starting size of 47091712 bytes and an ending size of 47271936 bytes.
Error	30-07-2019 08:20:29	Microsoft-Windows-DistributedCOM	10016	None	"The application-specific permission settings do not grant Local Activation permission for the COM Server application with CLSID 
{8BC3F05E-D86B-11D0-A075-00C04FB68820}
 and APPID 
{8BC3F05E-D86B-11D0-A075-00C04FB68820}
 to the user DESKTOP-HNCA8IM\karthikeyaram SID (S-1-5-21-2479648021-1448410262-2704196919-1001) from address LocalHost (Using LRPC) running in the application container Microsoft.Windows.ContentDeliveryManager_10.0.17134.1_neutral_neutral_cw5n1h2txyewy SID (S-1-15-2-350187224-1905355452-1037786396-3028148496-2624191407-3283318427-1255436723). This security permission can be modified using the Component Services administrative tool."
Error	30-07-2019 08:20:25	Microsoft-Windows-DistributedCOM	10010	None	The server {209500FC-6B45-4693-8871-6296C4843751} did not register with DCOM within the required timeout.
Information	30-07-2019 08:19:56	McAfee Service Controller	2	None	The mmscom MMS Service entered the stopped state.
Information	30-07-2019 08:19:56	McAfee Service Controller	2	None	The mcproxy MMS Service entered the stopped state.
Information	30-07-2019 08:19:55	McAfee Service Controller	2	None	The mcpltsvc MMS Service entered the stopped state.
Information	30-07-2019 08:19:55	McAfee Service Controller	2	None	The mcbootdelaystartsvc MMS Service entered the stopped state.
Information	30-07-2019 08:19:55	McAfee Service Controller	2	None	The homenetsvc MMS Service entered the stopped state.
Information	30-07-2019 08:19:23	McAfee Service Controller	2	None	The msk80service MMS Service entered the stopped state.
Information	30-07-2019 08:19:22	McAfee Service Controller	2	None	The mfeavsvc MMS Service entered the stopped state.
Information	30-07-2019 08:17:32	Microsoft-Windows-Kernel-General	16	None	The access history in hive \??\C:\Users\karthikeyaram\AppData\Local\Packages\Windows.CBSPreview_cw5n1h2txyewy\Settings\settings.dat was cleared updating 3 keys and creating 1 modified pages.
Information	30-07-2019 08:17:31	Microsoft-Windows-Kernel-General	16	None	The access history in hive \??\C:\Users\karthikeyaram\AppData\Local\Packages\ScreenovateTechnologies.DellMobileConnect_0vhbc3ng4wbp0\Settings\settings.dat was cleared updating 1 keys and creating 1 modified pages.
Information	30-07-2019 08:17:30	Microsoft-Windows-Kernel-General	16	None	The access history in hive \??\C:\Users\karthikeyaram\AppData\Local\Packages\RivetNetworks.SmartByte_rh07ty8m5nkag\Settings\settings.dat was cleared updating 1 keys and creating 1 modified pages.
Information	30-07-2019 08:17:29	Microsoft-Windows-Kernel-General	16	None	The access history in hive \??\C:\Users\karthikeyaram\AppData\Local\Packages\Microsoft.ZuneVideo_8wekyb3d8bbwe\Settings\settings.dat was cleared updating 1 keys and creating 1 modified pages.
Information	30-07-2019 08:17:27	Microsoft-Windows-Kernel-General	16	None	The access history in hive \??\C:\Users\karthikeyaram\AppData\Local\Packages\Microsoft.ZuneMusic_8wekyb3d8bbwe\Settings\settings.dat was cleared updating 1 keys and creating 1 modified pages.
Information	30-07-2019 08:17:27	Microsoft-Windows-Kernel-General	16	None	The access history in hive \??\C:\Users\karthikeyaram\AppData\Local\Packages\Microsoft.XboxSpeechToTextOverlay_8wekyb3d8bbwe\Settings\settings.dat was cleared updating 1 keys and creating 1 modified pages.
Information	30-07-2019 08:17:26	Microsoft-Windows-Kernel-General	16	None	The access history in hive \??\C:\Users\karthikeyaram\AppData\Local\Packages\Microsoft.XboxGamingOverlay_8wekyb3d8bbwe\Settings\settings.dat was cleared updating 3 keys and creating 1 modified pages.
Information	30-07-2019 08:17:26	Microsoft-Windows-Kernel-General	16	None	The access history in hive \??\C:\Users\karthikeyaram\AppData\Local\Packages\Microsoft.XboxGameOverlay_8wekyb3d8bbwe\Settings\settings.dat was cleared updating 1 keys and creating 1 modified pages.
Information	30-07-2019 08:17:25	Microsoft-Windows-Kernel-General	16	None	The access history in hive \??\C:\Users\karthikeyaram\AppData\Local\Packages\Microsoft.XboxApp_8wekyb3d8bbwe\Settings\settings.dat was cleared updating 2 keys and creating 1 modified pages.
Information	30-07-2019 08:17:24	Microsoft-Windows-Kernel-General	16	None	The access history in hive \??\C:\Users\karthikeyaram\AppData\Local\Packages\Microsoft.Xbox.TCUI_8wekyb3d8bbwe\Settings\settings.dat was cleared updating 1 keys and creating 1 modified pages.
Information	30-07-2019 08:17:23	Microsoft-Windows-Kernel-General	16	None	The access history in hive \??\C:\Users\karthikeyaram\AppData\Local\Packages\Microsoft.WindowsSoundRecorder_8wekyb3d8bbwe\Settings\settings.dat was cleared updating 1 keys and creating 1 modified pages.
Information	30-07-2019 08:17:23	Microsoft-Windows-Kernel-General	16	None	The access history in hive \??\C:\Users\karthikeyaram\AppData\Local\Packages\Microsoft.WindowsMaps_8wekyb3d8bbwe\Settings\settings.dat was cleared updating 1 keys and creating 1 modified pages.
Information	30-07-2019 08:17:22	Microsoft-Windows-Kernel-General	16	None	The access history in hive \??\C:\Users\karthikeyaram\AppData\Local\Packages\Microsoft.WindowsFeedbackHub_8wekyb3d8bbwe\Settings\settings.dat was cleared updating 2 keys and creating 1 modified pages.
Error	30-07-2019 08:17:12	Microsoft-Windows-DistributedCOM	10010	None	The server {58598185-CF77-4407-B011-0C8282EF681F} did not register with DCOM within the required timeout.
Information	30-07-2019 08:17:11	Microsoft-Windows-Kernel-General	16	None	The access history in hive \??\C:\Users\karthikeyaram\AppData\Local\Packages\Microsoft.WindowsCalculator_8wekyb3d8bbwe\Settings\settings.dat was cleared updating 3 keys and creating 1 modified pages.
Information	30-07-2019 08:17:11	Microsoft-Windows-Kernel-General	16	None	The access history in hive \??\C:\Users\karthikeyaram\AppData\Local\Packages\Microsoft.WindowsAlarms_8wekyb3d8bbwe\Settings\settings.dat was cleared updating 7 keys and creating 1 modified pages.
Information	30-07-2019 08:17:10	Microsoft-Windows-Kernel-General	16	None	The access history in hive \??\C:\Users\karthikeyaram\AppData\Local\Packages\Microsoft.Windows.SecHealthUI_cw5n1h2txyewy\Settings\settings.dat was cleared updating 1 keys and creating 1 modified pages.
Information	30-07-2019 08:17:06	Microsoft-Windows-Kernel-General	16	None	The access history in hive \??\C:\Users\karthikeyaram\AppData\Local\Packages\Microsoft.Windows.CapturePicker_cw5n1h2txyewy\Settings\settings.dat was cleared updating 3 keys and creating 1 modified pages.
Information	30-07-2019 08:17:05	Microsoft-Windows-Kernel-General	16	None	The access history in hive \??\C:\Users\karthikeyaram\AppData\Local\Packages\Microsoft.Win32WebViewHost_cw5n1h2txyewy\Settings\settings.dat was cleared updating 3 keys and creating 1 modified pages.
Information	30-07-2019 08:17:05	Microsoft-Windows-Kernel-General	16	None	The access history in hive \??\C:\Users\karthikeyaram\AppData\Local\Packages\Microsoft.WebMediaExtensions_8wekyb3d8bbwe\Settings\settings.dat was cleared updating 3 keys and creating 1 modified pages.
Information	30-07-2019 08:17:04	Microsoft-Windows-Kernel-General	16	None	The access history in hive \??\C:\Users\karthikeyaram\AppData\Local\Packages\Microsoft.Wallet_8wekyb3d8bbwe\Settings\settings.dat was cleared updating 1 keys and creating 1 modified pages.
Information	30-07-2019 08:17:04	Microsoft-Windows-Kernel-General	16	None	The access history in hive \??\C:\Users\karthikeyaram\AppData\Local\Packages\Microsoft.StorePurchaseApp_8wekyb3d8bbwe\Settings\settings.dat was cleared updating 1 keys and creating 1 modified pages.
Information	30-07-2019 08:17:03	Microsoft-Windows-Kernel-General	16	None	The access history in hive \??\C:\Users\karthikeyaram\AppData\Local\Packages\Microsoft.SkypeApp_kzf8qxf38zg5c\Settings\settings.dat was cleared updating 2 keys and creating 1 modified pages.
Information	30-07-2019 08:17:03	Microsoft-Windows-Kernel-General	16	None	The access history in hive \??\C:\Users\karthikeyaram\AppData\Local\Packages\Microsoft.Print3D_8wekyb3d8bbwe\Settings\settings.dat was cleared updating 1 keys and creating 1 modified pages.
Information	30-07-2019 08:17:00	Microsoft-Windows-Kernel-General	16	None	The access history in hive \??\C:\Users\karthikeyaram\AppData\Local\Packages\Microsoft.Office.OneNote_8wekyb3d8bbwe\Settings\settings.dat was cleared updating 1 keys and creating 1 modified pages.
Information	30-07-2019 08:17:00	Microsoft-Windows-Kernel-General	16	None	The access history in hive \??\C:\Users\karthikeyaram\AppData\Local\Packages\Microsoft.MSPaint_8wekyb3d8bbwe\Settings\settings.dat was cleared updating 1 keys and creating 1 modified pages.
Information	30-07-2019 08:16:59	Microsoft-Windows-Kernel-General	16	None	The access history in hive \??\C:\Users\karthikeyaram\AppData\Local\Packages\Microsoft.MPEG2VideoExtension_8wekyb3d8bbwe\Settings\settings.dat was cleared updating 1 keys and creating 1 modified pages.
Information	30-07-2019 08:16:59	Microsoft-Windows-Kernel-General	16	None	The access history in hive \??\C:\Users\karthikeyaram\AppData\Local\Packages\Microsoft.MicrosoftStickyNotes_8wekyb3d8bbwe\Settings\settings.dat was cleared updating 1 keys and creating 1 modified pages.
Information	30-07-2019 08:16:58	Microsoft-Windows-Kernel-General	16	None	The access history in hive \??\C:\Users\karthikeyaram\AppData\Local\Packages\Microsoft.MicrosoftSolitaireCollection_8wekyb3d8bbwe\Settings\settings.dat was cleared updating 1 keys and creating 1 modified pages.
Information	30-07-2019 08:16:58	Microsoft-Windows-Kernel-General	16	None	The access history in hive \??\C:\Users\karthikeyaram\AppData\Local\Packages\Microsoft.MicrosoftOfficeHub_8wekyb3d8bbwe\Settings\settings.dat was cleared updating 2 keys and creating 1 modified pages.
Information	30-07-2019 08:16:57	Microsoft-Windows-Kernel-General	16	None	The access history in hive \??\C:\Users\karthikeyaram\AppData\Local\Packages\Microsoft.MicrosoftEdgeDevToolsClient_8wekyb3d8bbwe\Settings\settings.dat was cleared updating 3 keys and creating 1 modified pages.
Information	30-07-2019 08:16:56	Microsoft-Windows-Kernel-General	16	None	The access history in hive \??\C:\Users\karthikeyaram\AppData\Local\Packages\Microsoft.Microsoft3DViewer_8wekyb3d8bbwe\Settings\settings.dat was cleared updating 1 keys and creating 1 modified pages.
Information	30-07-2019 08:16:55	Microsoft-Windows-Kernel-General	16	None	The access history in hive \??\C:\Users\karthikeyaram\AppData\Local\Packages\Microsoft.Messaging_8wekyb3d8bbwe\Settings\settings.dat was cleared updating 2 keys and creating 1 modified pages.
Information	30-07-2019 08:16:54	Microsoft-Windows-Kernel-General	16	None	The access history in hive \??\C:\Users\karthikeyaram\AppData\Local\Packages\Microsoft.HEVCVideoExtension_8wekyb3d8bbwe\Settings\settings.dat was cleared updating 1 keys and creating 1 modified pages.
Information	30-07-2019 08:16:54	Microsoft-Windows-Kernel-General	16	None	The access history in hive \??\C:\Users\karthikeyaram\AppData\Local\Packages\Microsoft.Getstarted_8wekyb3d8bbwe\Settings\settings.dat was cleared updating 1 keys and creating 1 modified pages.
Information	30-07-2019 08:16:53	Microsoft-Windows-Kernel-General	16	None	The access history in hive \??\C:\Users\karthikeyaram\AppData\Local\Packages\Microsoft.GetHelp_8wekyb3d8bbwe\Settings\settings.dat was cleared updating 1 keys and creating 1 modified pages.
Information	30-07-2019 08:16:51	Microsoft-Windows-Kernel-General	16	None	The access history in hive \??\C:\Users\karthikeyaram\AppData\Local\Packages\Microsoft.DesktopAppInstaller_8wekyb3d8bbwe\Settings\settings.dat was cleared updating 1 keys and creating 1 modified pages.
Information	30-07-2019 08:16:48	Microsoft-Windows-Kernel-General	16	None	The access history in hive \??\C:\Users\karthikeyaram\AppData\Local\Packages\Microsoft.BingWeather_8wekyb3d8bbwe\Settings\settings.dat was cleared updating 1 keys and creating 1 modified pages.
Information	30-07-2019 08:16:46	Microsoft-Windows-Kernel-General	16	None	The access history in hive \??\C:\Users\karthikeyaram\AppData\Local\Packages\Microsoft.BingTranslator_8wekyb3d8bbwe\Settings\settings.dat was cleared updating 1 keys and creating 1 modified pages.
Information	30-07-2019 08:16:44	Microsoft-Windows-Kernel-General	16	None	The access history in hive \??\C:\Users\karthikeyaram\AppData\Local\Packages\Microsoft.AsyncTextService_8wekyb3d8bbwe\Settings\settings.dat was cleared updating 3 keys and creating 1 modified pages.
Information	30-07-2019 08:16:37	Microsoft-Windows-Kernel-General	16	None	The access history in hive \??\C:\Users\karthikeyaram\AppData\Local\Packages\DellInc.DellSupportAssistforPCs_htrsf667h5kn2\Settings\settings.dat was cleared updating 1 keys and creating 1 modified pages.
Information	30-07-2019 08:16:36	Microsoft-Windows-Kernel-General	16	None	The access history in hive \??\C:\Users\karthikeyaram\AppData\Local\Packages\DellInc.DellHelpSupport_htrsf667h5kn2\Settings\settings.dat was cleared updating 3 keys and creating 1 modified pages.
Information	30-07-2019 08:16:33	Microsoft-Windows-Kernel-General	16	None	The access history in hive \??\C:\Users\karthikeyaram\AppData\Local\Packages\DB6EA5DB.PowerMediaPlayerforDell_mcezb6ze687jp\Settings\settings.dat was cleared updating 1 keys and creating 1 modified pages.
Information	30-07-2019 08:16:32	Microsoft-Windows-Kernel-General	16	None	The access history in hive \??\C:\Users\karthikeyaram\AppData\Local\Packages\DB6EA5DB.PowerDirectorforDell_mcezb6ze687jp\Settings\settings.dat was cleared updating 1 keys and creating 1 modified pages.
Information	30-07-2019 08:16:31	Microsoft-Windows-Kernel-General	16	None	The access history in hive \??\C:\Users\karthikeyaram\AppData\Local\Packages\DB6EA5DB.Power2GoforDell_mcezb6ze687jp\Settings\settings.dat was cleared updating 1 keys and creating 1 modified pages.
Information	30-07-2019 08:16:30	Microsoft-Windows-Kernel-General	16	None	The access history in hive \??\C:\Users\karthikeyaram\AppData\Local\Packages\DB6EA5DB.MediaSuiteEssentialsforDell_mcezb6ze687jp\Settings\settings.dat was cleared updating 1 keys and creating 1 modified pages.
Information	30-07-2019 08:16:27	Microsoft-Windows-Kernel-General	16	None	The access history in hive \??\C:\Users\karthikeyaram\AppData\Local\Packages\C27EB4BA.DropboxOEM_xbfy0k16fey96\Settings\settings.dat was cleared updating 3 keys and creating 1 modified pages.
Information	30-07-2019 08:16:25	Microsoft-Windows-Kernel-General	16	None	The access history in hive \??\C:\Users\karthikeyaram\AppData\Local\Packages\5A894077.McAfeeSecurity_wafk5atnkzcwy\Settings\settings.dat was cleared updating 1 keys and creating 1 modified pages.
Information	30-07-2019 08:16:22	Microsoft-Windows-Kernel-General	16	None	The access history in hive \??\C:\Users\karthikeyaram\AppData\Local\Packages\4DF9E0F8.Netflix_mcm4njqhnhss8\Settings\settings.dat was cleared updating 1 keys and creating 1 modified pages.
Information	30-07-2019 08:15:54	Service Control Manager	7045	None	"A service was installed in the system.

Service Name:  McAfee Application Installer Cleanup (0248671564454754)
Service File Name:  C:\ProgramData\McInstTemp0248671564454754\McInst.exe -cleanup -nolog
Service Type:  user mode service
Service Start Type:  auto start
Service Account:  LocalSystem"
Information	30-07-2019 08:13:26	Microsoft-Windows-BitLocker-Driver	24585	None	Auto-unlock enabled for volume D:.
Information	30-07-2019 08:13:22	Microsoft-Windows-BitLocker-Driver	24585	None	Auto-unlock enabled for volume E:.
Information	30-07-2019 08:13:20	Microsoft-Windows-Kernel-General	16	None	The access history in hive \??\C:\Users\karthikeyaram\AppData\Local\Packages\microsoft.windowscommunicationsapps_8wekyb3d8bbwe\Settings\settings.dat was cleared updating 42 keys and creating 9 modified pages.
Information	30-07-2019 08:13:15	Microsoft-Windows-Kernel-General	16	None	The access history in hive \??\C:\WINDOWS\system32\Microsoft\Protect\Recovery\Recovery.dat was cleared updating 0 keys and creating 0 modified pages.
Information	30-07-2019 08:12:45	Microsoft-Windows-Kernel-Power	105	(100)	Power source change.
Information	30-07-2019 08:12:42	Microsoft-Windows-Kernel-Power	105	(100)	Power source change.
Information	30-07-2019 08:12:10	Microsoft-Windows-Kernel-General	16	None	The access history in hive \??\C:\Users\karthikeyaram\AppData\Local\Packages\Microsoft.Windows.CloudExperienceHost_cw5n1h2txyewy\Settings\settings.dat was cleared updating 3 keys and creating 1 modified pages.
Information	30-07-2019 08:11:45	Microsoft-Windows-Kernel-General	16	None	The access history in hive \??\C:\Users\karthikeyaram\AppData\Local\Packages\Microsoft.Windows.ContentDeliveryManager_cw5n1h2txyewy\Settings\settings.dat was cleared updating 269 keys and creating 26 modified pages.
Information	30-07-2019 08:10:56	Microsoft-Windows-Kernel-General	16	None	The access history in hive \??\C:\Users\karthikeyaram\AppData\Local\Packages\Microsoft.AAD.BrokerPlugin_cw5n1h2txyewy\Settings\settings.dat was cleared updating 5 keys and creating 1 modified pages.
Information	30-07-2019 08:10:56	Microsoft-Windows-Kernel-Power	105	(100)	Power source change.
Information	30-07-2019 08:10:34	Microsoft-Windows-Kernel-General	16	None	The access history in hive \??\C:\ProgramData\Packages\5A894077.McAfeeSecurity_wafk5atnkzcwy\S-1-5-21-2479648021-1448410262-2704196919-1001\SystemAppData\Helium\Cache\149af0d46912958_COM15.dat was cleared updating 1 keys and creating 1 modified pages.
Information	30-07-2019 08:10:34	Microsoft-Windows-Kernel-General	16	None	The access history in hive \??\C:\ProgramData\Packages\5A894077.McAfeeSecurity_wafk5atnkzcwy\S-1-5-21-2479648021-1448410262-2704196919-1001\SystemAppData\Helium\UserClasses.dat was cleared updating 5 keys and creating 1 modified pages.
Information	30-07-2019 08:10:33	Microsoft-Windows-Kernel-General	16	None	The access history in hive \??\C:\ProgramData\Packages\5A894077.McAfeeSecurity_wafk5atnkzcwy\S-1-5-21-2479648021-1448410262-2704196919-1001\SystemAppData\Helium\User.dat was cleared updating 1 keys and creating 1 modified pages.
Information	30-07-2019 08:10:08	Microsoft-Windows-Kernel-General	15	None	Hive \SystemRoot\System32\config\DRIVERS was reorganized with a starting size of 5996544 bytes and an ending size of 5988352 bytes.
Information	30-07-2019 08:09:52	Microsoft-Windows-Kernel-General	16	None	The access history in hive \??\C:\Users\karthikeyaram\AppData\Local\Packages\Microsoft.MicrosoftEdge_8wekyb3d8bbwe\Settings\settings.dat was cleared updating 4 keys and creating 1 modified pages.
Information	30-07-2019 08:09:40	Microsoft-Windows-Kernel-General	16	None	The access history in hive \??\C:\Users\karthikeyaram\AppData\Local\Packages\Microsoft.Windows.Cortana_cw5n1h2txyewy\Settings\settings.dat was cleared updating 95 keys and creating 11 modified pages.
Information	30-07-2019 08:09:36	Microsoft-Windows-Kernel-General	16	None	The access history in hive \??\C:\Users\karthikeyaram\AppData\Local\Packages\Microsoft.Windows.ShellExperienceHost_cw5n1h2txyewy\Settings\settings.dat was cleared updating 4 keys and creating 1 modified pages.
Error	30-07-2019 08:08:54	Microsoft-Windows-DistributedCOM	10016	None	"The application-specific permission settings do not grant Local Activation permission for the COM Server application with CLSID 
{6B3B8D23-FA8D-40B9-8DBD-B950333E2C52}
 and APPID 
{4839DDB7-58C2-48F5-8283-E1D1807D0D7D}
 to the user NT AUTHORITY\LOCAL SERVICE SID (S-1-5-19) from address LocalHost (Using LRPC) running in the application container Unavailable SID (Unavailable). This security permission can be modified using the Component Services administrative tool."
Error	30-07-2019 08:08:54	Microsoft-Windows-DistributedCOM	10016	None	"The application-specific permission settings do not grant Local Activation permission for the COM Server application with CLSID 
{6B3B8D23-FA8D-40B9-8DBD-B950333E2C52}
 and APPID 
{4839DDB7-58C2-48F5-8283-E1D1807D0D7D}
 to the user NT AUTHORITY\LOCAL SERVICE SID (S-1-5-19) from address LocalHost (Using LRPC) running in the application container Unavailable SID (Unavailable). This security permission can be modified using the Component Services administrative tool."
Error	30-07-2019 08:08:50	Microsoft-Windows-DistributedCOM	10016	None	"The application-specific permission settings do not grant Local Activation permission for the COM Server application with CLSID 
{D63B10C5-BB46-4990-A94F-E40B9D520160}
 and APPID 
{9CA88EE3-ACB7-47C8-AFC4-AB702511C276}
 to the user NT AUTHORITY\LOCAL SERVICE SID (S-1-5-19) from address LocalHost (Using LRPC) running in the application container Unavailable SID (Unavailable). This security permission can be modified using the Component Services administrative tool."
Information	30-07-2019 08:08:43	Microsoft-Windows-Winlogon	7001	(1101)	User Logon Notification for Customer Experience Improvement Program
Information	30-07-2019 08:08:34	Microsoft-Windows-Ntfs	98	None	Volume E: (\Device\HarddiskVolume6) is healthy.  No action is needed.
Information	30-07-2019 08:08:28	Microsoft-Windows-Ntfs	98	None	Volume D: (\Device\HarddiskVolume5) is healthy.  No action is needed.
Information	30-07-2019 08:08:17	Microsoft-Windows-Power-Troubleshooter	1	None	"The system has returned from a low power state.

Sleep Time: ‎2019‎-‎07‎-‎24T00:39:02.073046300Z
Wake Time: ‎2019‎-‎07‎-‎30T02:38:13.631358900Z

Wake Source: Unknown"
Information	30-07-2019 08:08:16	Microsoft-Windows-Kernel-General	16	None	The access history in hive \Device\HarddiskVolume1\EFI\Microsoft\Boot\BCD was cleared updating 208 keys and creating 10 modified pages.
Error	30-07-2019 08:08:14	BTHUSB	5	None	The Bluetooth driver expected an HCI event with a certain size but did not receive it.
Information	30-07-2019 08:08:13	BTHUSB	18	None	Windows cannot store Bluetooth authentication codes (link keys) on the local adapter. Bluetooth keyboards might not work in the system BIOS during startup.
Information	30-07-2019 08:08:13	Microsoft-Windows-Kernel-Boot	27	(33)	The boot type was 0x1.
Information	30-07-2019 08:08:13	Microsoft-Windows-Kernel-Boot	25	(32)	The boot menu policy was 0x1.
Information	30-07-2019 08:08:13	Microsoft-Windows-Kernel-Boot	32	(58)	The bootmgr spent 0 ms waiting for user input.
Information	30-07-2019 08:08:13	Microsoft-Windows-Kernel-Boot	18	(57)	There are 0x1 boot options on this system.
Information	30-07-2019 08:08:13	Microsoft-Windows-Kernel-Boot	30	(21)	The firmware reported boot metrics.
