Warning	30-07-2019 08:08:12	Microsoft-Windows-WHEA-Logger	17	None	"A corrected hardware error has occurred.

Component: PCI Express Root Port
Error Source: Advanced Error Reporting (PCI Express)

Bus:Device:Function: 0x0:0x1C:0x0
Vendor ID:Device ID: 0x8086:0x9D14
Class Code: 0x30400

The details view of this entry contains further information."
Warning	30-07-2019 08:08:12	Microsoft-Windows-WHEA-Logger	17	None	"A corrected hardware error has occurred.

Component: PCI Express Root Port
Error Source: Advanced Error Reporting (PCI Express)

Bus:Device:Function: 0x0:0x1C:0x0
Vendor ID:Device ID: 0x8086:0x9D14
Class Code: 0x30400

The details view of this entry contains further information."
Warning	30-07-2019 08:08:12	rt640x64	1	None	Realtek PCIe FE Family Controller is disconnected from network.
Information	30-07-2019 08:08:11	Microsoft-Windows-Kernel-General	1	(5)	"The system time has changed to ‎2019‎-‎07‎-‎30T02:38:11.500000000Z from ‎2019‎-‎07‎-‎24T00:39:15.324341500Z.

Change Reason: System time synchronized with the hardware clock."
Information	30-07-2019 08:08:12	EventLog	6013	None	The system uptime is 728146 seconds.
Information	24-07-2019 06:09:15	Microsoft-Windows-Kernel-Power	107	(102)	The system has resumed from sleep.
Information	24-07-2019 06:09:08	Microsoft-Windows-Kernel-Power	42	(64)	"The system is entering sleep.

Sleep Reason: Application API"
Information	24-07-2019 06:08:59	Microsoft-Windows-Winlogon	7002	(1102)	User Logoff Notification for Customer Experience Improvement Program
Information	24-07-2019 05:45:49	Microsoft-Windows-Kernel-General	16	None	The access history in hive \??\C:\ProgramData\Microsoft\Provisioning\Microsoft-Desktop-Provisioning-Sequence.dat was cleared updating 0 keys and creating 0 modified pages.
Information	24-07-2019 05:32:02	Microsoft-Windows-Kernel-General	16	None	The access history in hive \??\C:\ProgramData\Packages\Microsoft.Office.Desktop_8wekyb3d8bbwe\S-1-5-21-2479648021-1448410262-2704196919-1001\SystemAppData\Helium\UserClasses.dat was cleared updating 21 keys and creating 3 modified pages.
Information	24-07-2019 05:32:02	Microsoft-Windows-Kernel-General	16	None	The access history in hive \??\C:\ProgramData\Packages\Microsoft.Office.Desktop_8wekyb3d8bbwe\S-1-5-21-2479648021-1448410262-2704196919-1001\SystemAppData\Helium\User.dat was cleared updating 822 keys and creating 99 modified pages.
Error	24-07-2019 05:31:06	Microsoft-Windows-DistributedCOM	10016	None	"The application-specific permission settings do not grant Local Activation permission for the COM Server application with CLSID 
{D63B10C5-BB46-4990-A94F-E40B9D520160}
 and APPID 
{9CA88EE3-ACB7-47C8-AFC4-AB702511C276}
 to the user NT AUTHORITY\LOCAL SERVICE SID (S-1-5-19) from address LocalHost (Using LRPC) running in the application container Unavailable SID (Unavailable). This security permission can be modified using the Component Services administrative tool."
Information	24-07-2019 05:30:30	Microsoft-Windows-Kernel-General	16	None	The access history in hive \??\C:\Users\karthikeyaram\AppData\Local\Packages\Microsoft.Office.Desktop_8wekyb3d8bbwe\Settings\settings.dat was cleared updating 1 keys and creating 1 modified pages.
Information	24-07-2019 05:30:27	Microsoft-Windows-Kernel-General	16	None	The access history in hive \??\C:\ProgramData\Microsoft\Windows\AppRepository\Packages\Microsoft.Office.Desktop_16031.11727.20244.0_x86__8wekyb3d8bbwe\ActivationStore.dat was cleared updating 0 keys and creating 0 modified pages.
Information	24-07-2019 05:09:23	Microsoft-Windows-WindowsUpdateClient	19	Windows Update Agent	Installation Successful: Windows successfully installed the following update: 2019-06 Security Update for Adobe Flash Player for Windows 10 Version 1803 for x64-based Systems (KB4503308)
Information	24-07-2019 05:09:18	Service Control Manager	7040	None	The start type of the Windows Modules Installer service was changed from auto start to demand start.
Information	24-07-2019 05:09:17	Microsoft-Windows-WindowsUpdateClient	43	Windows Update Agent	Installation Started: Windows has started installing the following update: 2019-06 Security Update for Adobe Flash Player for Windows 10 Version 1803 for x64-based Systems (KB4503308)
Information	24-07-2019 05:09:17	Microsoft-Windows-WindowsUpdateClient	19	Windows Update Agent	Installation Successful: Windows successfully installed the following update: Update for Adobe Flash Player for Windows 10 Version 1803 for x64-based Systems (KB4462930)
Information	24-07-2019 05:09:13	Service Control Manager	7040	None	The start type of the Windows Modules Installer service was changed from demand start to auto start.
Information	24-07-2019 05:09:11	Service Control Manager	7040	None	The start type of the Windows Modules Installer service was changed from auto start to demand start.
Information	24-07-2019 05:08:57	Microsoft-Windows-WindowsUpdateClient	43	Windows Update Agent	Installation Started: Windows has started installing the following update: Update for Adobe Flash Player for Windows 10 Version 1803 for x64-based Systems (KB4462930)
Information	24-07-2019 05:08:54	Microsoft-Windows-Ntfs	98	None	Volume OS (\Device\HarddiskVolumeShadowCopy1) is healthy.  No action is needed.
Information	24-07-2019 05:08:54	Service Control Manager	7040	None	The start type of the Windows Modules Installer service was changed from demand start to auto start.
Information	24-07-2019 05:05:38	Microsoft-Windows-Kernel-General	16	None	The access history in hive \??\C:\Users\karthikeyaram\AppData\Local\Packages\Microsoft.OneConnect_8wekyb3d8bbwe\Settings\settings.dat was cleared updating 1 keys and creating 1 modified pages.
Information	24-07-2019 05:05:22	Microsoft-Windows-Kernel-General	16	None	The access history in hive \??\C:\Users\karthikeyaram\AppData\Local\Packages\Microsoft.People_8wekyb3d8bbwe\Settings\settings.dat was cleared updating 1 keys and creating 1 modified pages.
Information	24-07-2019 05:04:59	Microsoft-Windows-Kernel-General	16	None	The access history in hive \??\C:\Users\karthikeyaram\AppData\Local\Packages\1527c705-839a-4832-9118-54d4Bd6a0c89_cw5n1h2txyewy\Settings\settings.dat was cleared updating 3 keys and creating 1 modified pages.
Information	24-07-2019 05:04:54	Microsoft-Windows-Kernel-General	16	None	The access history in hive \??\C:\Users\karthikeyaram\AppData\Local\Packages\c5e2524a-ea46-4f67-841f-6a9465d9d515_cw5n1h2txyewy\Settings\settings.dat was cleared updating 3 keys and creating 1 modified pages.
Information	24-07-2019 05:04:50	Microsoft-Windows-Kernel-General	16	None	The access history in hive \??\C:\Users\karthikeyaram\AppData\Local\Packages\E2A4F912-2574-4A75-9BB0-0D023378592B_cw5n1h2txyewy\Settings\settings.dat was cleared updating 3 keys and creating 1 modified pages.
Information	24-07-2019 05:04:46	Microsoft-Windows-Kernel-General	16	None	The access history in hive \??\C:\Users\karthikeyaram\AppData\Local\Packages\F46D4000-FD22-4DB4-AC8E-4E1DDDE828FE_cw5n1h2txyewy\Settings\settings.dat was cleared updating 3 keys and creating 1 modified pages.
Information	24-07-2019 05:04:42	Microsoft-Windows-Kernel-General	16	None	The access history in hive \??\C:\Users\karthikeyaram\AppData\Local\Packages\InputApp_cw5n1h2txyewy\Settings\settings.dat was cleared updating 3 keys and creating 1 modified pages.
Information	24-07-2019 05:04:38	Microsoft-Windows-Kernel-General	16	None	The access history in hive \??\C:\Users\karthikeyaram\AppData\Local\Packages\Microsoft.AccountsControl_cw5n1h2txyewy\Settings\settings.dat was cleared updating 3 keys and creating 1 modified pages.
Information	24-07-2019 05:04:28	Microsoft-Windows-Kernel-General	16	None	The access history in hive \??\C:\Users\karthikeyaram\AppData\Local\Packages\Microsoft.BioEnrollment_cw5n1h2txyewy\Settings\settings.dat was cleared updating 3 keys and creating 1 modified pages.
Information	24-07-2019 05:04:21	Microsoft-Windows-Kernel-General	16	None	The access history in hive \??\C:\Users\karthikeyaram\AppData\Local\Packages\Microsoft.CredDialogHost_cw5n1h2txyewy\Settings\settings.dat was cleared updating 3 keys and creating 1 modified pages.
Information	24-07-2019 05:04:17	Microsoft-Windows-Kernel-General	16	None	The access history in hive \??\C:\Users\karthikeyaram\AppData\Local\Packages\Microsoft.ECApp_8wekyb3d8bbwe\Settings\settings.dat was cleared updating 3 keys and creating 1 modified pages.
Information	24-07-2019 05:04:13	Microsoft-Windows-Kernel-General	16	None	The access history in hive \??\C:\Users\karthikeyaram\AppData\Local\Packages\Microsoft.LockApp_cw5n1h2txyewy\Settings\settings.dat was cleared updating 3 keys and creating 1 modified pages.
Information	24-07-2019 05:03:59	Microsoft-Windows-Kernel-General	16	None	The access history in hive \??\C:\Users\karthikeyaram\AppData\Local\Packages\Microsoft.PPIProjection_cw5n1h2txyewy\Settings\settings.dat was cleared updating 3 keys and creating 1 modified pages.
Information	24-07-2019 05:03:57	Microsoft-Windows-Kernel-Power	520	(218)	The brightness on this system is managed by high-precision brightness aware service.
Information	24-07-2019 05:03:39	Microsoft-Windows-Kernel-General	16	None	The access history in hive \??\C:\Users\karthikeyaram\AppData\Local\Packages\Microsoft.Windows.Apprep.ChxApp_cw5n1h2txyewy\Settings\settings.dat was cleared updating 3 keys and creating 1 modified pages.
Information	24-07-2019 05:03:26	Microsoft-Windows-Kernel-General	16	None	The access history in hive \??\C:\Users\karthikeyaram\AppData\Local\Packages\Microsoft.Windows.HolographicFirstRun_cw5n1h2txyewy\Settings\settings.dat was cleared updating 3 keys and creating 1 modified pages.
Information	24-07-2019 05:03:20	Microsoft-Windows-Kernel-General	16	None	The access history in hive \??\C:\Users\karthikeyaram\AppData\Local\Packages\Microsoft.Windows.OOBENetworkCaptivePortal_cw5n1h2txyewy\Settings\settings.dat was cleared updating 3 keys and creating 1 modified pages.
Information	24-07-2019 05:03:07	Microsoft-Windows-Kernel-General	16	None	The access history in hive \??\C:\Users\karthikeyaram\AppData\Local\Packages\Microsoft.Windows.OOBENetworkConnectionFlow_cw5n1h2txyewy\Settings\settings.dat was cleared updating 3 keys and creating 1 modified pages.
Information	24-07-2019 05:02:44	Microsoft-Windows-Kernel-General	16	None	The access history in hive \??\C:\Users\karthikeyaram\AppData\Local\Packages\Microsoft.Windows.ParentalControls_cw5n1h2txyewy\Settings\settings.dat was cleared updating 3 keys and creating 1 modified pages.
Information	24-07-2019 05:02:40	Microsoft-Windows-Kernel-General	16	None	The access history in hive \??\C:\Users\karthikeyaram\AppData\Local\Packages\Microsoft.Windows.PeopleExperienceHost_cw5n1h2txyewy\Settings\settings.dat was cleared updating 2 keys and creating 1 modified pages.
Information	24-07-2019 05:02:33	Microsoft-Windows-Kernel-General	16	None	The access history in hive \??\C:\Users\karthikeyaram\AppData\Local\Packages\Microsoft.Windows.PinningConfirmationDialog_cw5n1h2txyewy\Settings\settings.dat was cleared updating 3 keys and creating 1 modified pages.
Information	24-07-2019 05:02:06	Microsoft-Windows-Kernel-General	16	None	The access history in hive \??\C:\Users\karthikeyaram\AppData\Local\Packages\Microsoft.XboxGameCallableUI_cw5n1h2txyewy\Settings\settings.dat was cleared updating 3 keys and creating 1 modified pages.
Information	24-07-2019 05:02:05	Microsoft-Windows-WindowsUpdateClient	44	Windows Update Agent	Windows Update started downloading an update.
Information	24-07-2019 05:02:02	Microsoft-Windows-WindowsUpdateClient	44	Windows Update Agent	Windows Update started downloading an update.
Information	24-07-2019 05:02:01	Service Control Manager	7040	None	The start type of the Windows Modules Installer service was changed from auto start to demand start.
Information	24-07-2019 05:01:57	Service Control Manager	7040	None	The start type of the Windows Modules Installer service was changed from demand start to auto start.
Information	24-07-2019 05:01:50	Service Control Manager	7040	None	The start type of the Delivery Optimization service was changed from demand start to auto start.
Error	24-07-2019 05:01:26	Microsoft-Windows-DistributedCOM	10016	None	"The application-specific permission settings do not grant Local Activation permission for the COM Server application with CLSID 
{8BC3F05E-D86B-11D0-A075-00C04FB68820}
 and APPID 
{8BC3F05E-D86B-11D0-A075-00C04FB68820}
 to the user DESKTOP-HNCA8IM\karthikeyaram SID (S-1-5-21-2479648021-1448410262-2704196919-1001) from address LocalHost (Using LRPC) running in the application container Microsoft.Windows.ContentDeliveryManager_10.0.17134.1_neutral_neutral_cw5n1h2txyewy SID (S-1-15-2-350187224-1905355452-1037786396-3028148496-2624191407-3283318427-1255436723). This security permission can be modified using the Component Services administrative tool."
Error	24-07-2019 05:00:42	Microsoft-Windows-DistributedCOM	10016	None	"The application-specific permission settings do not grant Local Activation permission for the COM Server application with CLSID 
{8BC3F05E-D86B-11D0-A075-00C04FB68820}
 and APPID 
{8BC3F05E-D86B-11D0-A075-00C04FB68820}
 to the user DESKTOP-HNCA8IM\karthikeyaram SID (S-1-5-21-2479648021-1448410262-2704196919-1001) from address LocalHost (Using LRPC) running in the application container Microsoft.Windows.ContentDeliveryManager_10.0.17134.1_neutral_neutral_cw5n1h2txyewy SID (S-1-15-2-350187224-1905355452-1037786396-3028148496-2624191407-3283318427-1255436723). This security permission can be modified using the Component Services administrative tool."
Information	24-07-2019 05:00:11	Microsoft-Windows-Kernel-General	16	None	The access history in hive \??\C:\Users\karthikeyaram\AppData\Local\Packages\Windows.PrintDialog_cw5n1h2txyewy\Settings\settings.dat was cleared updating 3 keys and creating 1 modified pages.
Error	24-07-2019 04:59:45	Service Control Manager	7011	None	A timeout (30000 milliseconds) was reached while waiting for a transaction response from the sedsvc service.
Information	24-07-2019 04:59:35	Microsoft-Windows-Kernel-General	16	None	The access history in hive \??\C:\ProgramData\Microsoft\Windows\AppRepository\Packages\Windows.PrintDialog_6.2.0.0_neutral_neutral_cw5n1h2txyewy\ActivationStore.dat was cleared updating 0 keys and creating 0 modified pages.
Information	24-07-2019 04:59:15	Service Control Manager	7040	None	The start type of the Windows Remediation Service service was changed from auto start to disabled.
Information	24-07-2019 04:59:11	Microsoft-Windows-Kernel-General	16	None	The access history in hive \??\C:\Users\karthikeyaram\AppData\Local\Packages\DellInc.DellCustomerConnect_htrsf667h5kn2\Settings\settings.dat was cleared updating 2 keys and creating 1 modified pages.
Information	24-07-2019 04:59:03	Microsoft-Windows-Kernel-General	16	None	The access history in hive \??\C:\ProgramData\Microsoft\Windows\AppRepository\Packages\DellInc.DellCustomerConnect_5.2.17.0_x64__htrsf667h5kn2\ActivationStore.dat was cleared updating 0 keys and creating 0 modified pages.
Error	24-07-2019 04:58:06	Microsoft-Windows-DistributedCOM	10016	None	"The application-specific permission settings do not grant Local Activation permission for the COM Server application with CLSID 
{6B3B8D23-FA8D-40B9-8DBD-B950333E2C52}
 and APPID 
{4839DDB7-58C2-48F5-8283-E1D1807D0D7D}
 to the user NT AUTHORITY\LOCAL SERVICE SID (S-1-5-19) from address LocalHost (Using LRPC) running in the application container Unavailable SID (Unavailable). This security permission can be modified using the Component Services administrative tool."
Error	24-07-2019 04:58:06	Microsoft-Windows-DistributedCOM	10016	None	"The application-specific permission settings do not grant Local Activation permission for the COM Server application with CLSID 
{6B3B8D23-FA8D-40B9-8DBD-B950333E2C52}
 and APPID 
{4839DDB7-58C2-48F5-8283-E1D1807D0D7D}
 to the user NT AUTHORITY\LOCAL SERVICE SID (S-1-5-19) from address LocalHost (Using LRPC) running in the application container Unavailable SID (Unavailable). This security permission can be modified using the Component Services administrative tool."
Error	24-07-2019 04:58:02	Microsoft-Windows-DistributedCOM	10016	None	"The application-specific permission settings do not grant Local Activation permission for the COM Server application with CLSID 
{D63B10C5-BB46-4990-A94F-E40B9D520160}
 and APPID 
{9CA88EE3-ACB7-47C8-AFC4-AB702511C276}
 to the user NT AUTHORITY\LOCAL SERVICE SID (S-1-5-19) from address LocalHost (Using LRPC) running in the application container Unavailable SID (Unavailable). This security permission can be modified using the Component Services administrative tool."
Information	24-07-2019 04:57:52	Microsoft-Windows-Winlogon	7001	(1101)	User Logon Notification for Customer Experience Improvement Program
Information	24-07-2019 04:57:37	Microsoft-Windows-Ntfs	98	None	Volume E: (\Device\HarddiskVolume6) is healthy.  No action is needed.
Information	24-07-2019 04:57:24	Microsoft-Windows-Ntfs	98	None	Volume D: (\Device\HarddiskVolume5) is healthy.  No action is needed.
Information	24-07-2019 04:57:19	Microsoft-Windows-Power-Troubleshooter	1	None	"The system has returned from a low power state.

Sleep Time: ‎2019‎-‎07‎-‎21T16:55:51.980443800Z
Wake Time: ‎2019‎-‎07‎-‎23T23:27:09.330167700Z

Wake Source: Unknown"
Warning	24-07-2019 04:57:18	Microsoft-Windows-WHEA-Logger	17	None	"A corrected hardware error has occurred.

Component: PCI Express Root Port
Error Source: Advanced Error Reporting (PCI Express)

Bus:Device:Function: 0x0:0x1C:0x0
Vendor ID:Device ID: 0x8086:0x9D14
Class Code: 0x30400

The details view of this entry contains further information."
Warning	24-07-2019 04:57:18	Microsoft-Windows-WHEA-Logger	17	None	"A corrected hardware error has occurred.

Component: PCI Express Root Port
Error Source: Advanced Error Reporting (PCI Express)

Bus:Device:Function: 0x0:0x1C:0x0
Vendor ID:Device ID: 0x8086:0x9D14
Class Code: 0x30400

The details view of this entry contains further information."
Warning	24-07-2019 04:57:18	Microsoft-Windows-WHEA-Logger	17	None	"A corrected hardware error has occurred.

Component: PCI Express Root Port
Error Source: Advanced Error Reporting (PCI Express)

Bus:Device:Function: 0x0:0x1C:0x0
Vendor ID:Device ID: 0x8086:0x9D14
Class Code: 0x30400

The details view of this entry contains further information."
Information	24-07-2019 04:57:09	Microsoft-Windows-Kernel-Boot	27	(33)	The boot type was 0x1.
Information	24-07-2019 04:57:09	Microsoft-Windows-Kernel-Boot	25	(32)	The boot menu policy was 0x1.
Information	24-07-2019 04:57:09	Microsoft-Windows-Kernel-Boot	32	(58)	The bootmgr spent 0 ms waiting for user input.
Information	24-07-2019 04:57:09	Microsoft-Windows-Kernel-Boot	18	(57)	There are 0x1 boot options on this system.
Information	24-07-2019 04:57:09	Microsoft-Windows-Kernel-Boot	30	(21)	The firmware reported boot metrics.
Error	24-07-2019 04:57:08	BTHUSB	5	None	The Bluetooth driver expected an HCI event with a certain size but did not receive it.
Information	24-07-2019 04:57:08	BTHUSB	18	None	Windows cannot store Bluetooth authentication codes (link keys) on the local adapter. Bluetooth keyboards might not work in the system BIOS during startup.
Warning	24-07-2019 04:57:06	rt640x64	1	None	Realtek PCIe FE Family Controller is disconnected from network.
Information	24-07-2019 04:57:06	EventLog	6013	None	The system uptime is 198280 seconds.
Information	24-07-2019 04:57:05	Microsoft-Windows-Kernel-General	1	(5)	"The system time has changed to ‎2019‎-‎07‎-‎23T23:27:05.500000000Z from ‎2019‎-‎07‎-‎21T16:55:57.404588500Z.

Change Reason: System time synchronized with the hardware clock."
Information	21-07-2019 22:25:57	Microsoft-Windows-Kernel-Power	107	(102)	The system has resumed from sleep.
Information	21-07-2019 22:25:53	Microsoft-Windows-Kernel-Power	42	(64)	"The system is entering sleep.

Sleep Reason: Application API"
Information	21-07-2019 22:25:49	Microsoft-Windows-Winlogon	7002	(1102)	User Logoff Notification for Customer Experience Improvement Program
Error	21-07-2019 22:25:46	Microsoft-Windows-DistributedCOM	10010	None	The server {F9717507-6651-4EDB-BFF7-AE615179BCCF} did not register with DCOM within the required timeout.
Information	21-07-2019 22:25:40	User32	1074	None	"The process C:\Windows\System32\RuntimeBroker.exe (DESKTOP-HNCA8IM) has initiated the power off of computer DESKTOP-HNCA8IM on behalf of user DESKTOP-HNCA8IM\karthikeyaram for the following reason: Other (Unplanned)
 Reason Code: 0x0
 Shutdown Type: power off
 Comment: "
Information	21-07-2019 22:24:25	Microsoft-Windows-Kernel-General	16	None	The access history in hive \??\C:\Users\karthikeyaram\AppData\Local\Packages\Microsoft.Windows.SecHealthUI_cw5n1h2txyewy\Settings\settings.dat was cleared updating 3 keys and creating 1 modified pages.
Information	21-07-2019 22:20:44	Microsoft-Windows-Kernel-General	16	None	The access history in hive \??\C:\ProgramData\Microsoft\Provisioning\Microsoft-Desktop-Provisioning-Sequence.dat was cleared updating 0 keys and creating 0 modified pages.
Information	21-07-2019 22:18:14	Service Control Manager	7045	None	"A service was installed in the system.

Service Name:  DBUtil_2_3
Service File Name:  C:\WINDOWS\TEMP\DBUtil_2_3.Sys
Service Type:  kernel mode driver
Service Start Type:  demand start
Service Account:  "
Information	21-07-2019 22:16:39	Microsoft-Windows-FilterManager	6	None	File System Filter 'wcnfs' (10.0, ‎2008‎-‎01‎-‎24T07:08:29.000000000Z) has successfully loaded and registered with Filter Manager.
Information	21-07-2019 22:16:38	Microsoft-Windows-Kernel-General	16	None	The access history in hive \??\C:\ProgramData\Packages\5A894077.McAfeeSecurity_wafk5atnkzcwy\S-1-5-21-2479648021-1448410262-2704196919-1001\SystemAppData\Helium\UserClasses.dat was cleared updating 7 keys and creating 1 modified pages.
Information	21-07-2019 22:16:37	Microsoft-Windows-Kernel-General	16	None	The access history in hive \??\C:\ProgramData\Packages\5A894077.McAfeeSecurity_wafk5atnkzcwy\S-1-5-21-2479648021-1448410262-2704196919-1001\SystemAppData\Helium\User.dat was cleared updating 1 keys and creating 1 modified pages.
Information	21-07-2019 22:16:08	Microsoft-Windows-Kernel-General	16	None	The access history in hive \??\C:\Users\karthikeyaram\AppData\Local\Packages\Microsoft.Messaging_8wekyb3d8bbwe\Settings\settings.dat was cleared updating 2 keys and creating 1 modified pages.
Information	21-07-2019 22:14:00	Microsoft-Windows-Kernel-General	16	None	The access history in hive \??\C:\Users\karthikeyaram\AppData\Local\Packages\DellInc.DellSupportAssistforPCs_htrsf667h5kn2\Settings\settings.dat was cleared updating 2 keys and creating 1 modified pages.
Information	21-07-2019 22:13:54	Microsoft-Windows-Kernel-General	16	None	The access history in hive \??\C:\Users\karthikeyaram\AppData\Local\Packages\5A894077.McAfeeSecurity_wafk5atnkzcwy\Settings\settings.dat was cleared updating 1 keys and creating 1 modified pages.
Information	21-07-2019 22:13:53	Microsoft-Windows-Kernel-General	16	None	The access history in hive \??\C:\ProgramData\Microsoft\Windows\AppRepository\Packages\5A894077.McAfeeSecurity_1.4.3.0_x64__wafk5atnkzcwy\ActivationStore.dat was cleared updating 0 keys and creating 0 modified pages.
Information	21-07-2019 22:13:25	Microsoft-Windows-Kernel-General	16	None	The access history in hive \??\C:\Users\karthikeyaram\AppData\Local\Packages\windows.immersivecontrolpanel_cw5n1h2txyewy\Settings\settings.dat was cleared updating 2 keys and creating 1 modified pages.
Information	21-07-2019 22:13:12	Service Control Manager	7040	None	The start type of the Background Intelligent Transfer Service service was changed from demand start to auto start.
Information	21-07-2019 22:13:03	Microsoft-Windows-Kernel-General	16	None	The access history in hive \??\C:\Users\karthikeyaram\AppData\Local\Packages\Microsoft.AAD.BrokerPlugin_cw5n1h2txyewy\Settings\settings.dat was cleared updating 4 keys and creating 1 modified pages.
Information	21-07-2019 22:12:49	Microsoft-Windows-Kernel-General	16	None	The access history in hive \??\C:\Users\karthikeyaram\AppData\Local\Packages\Microsoft.Windows.CloudExperienceHost_cw5n1h2txyewy\Settings\settings.dat was cleared updating 3 keys and creating 1 modified pages.
Error	21-07-2019 22:12:37	Service Control Manager	7000	None	"The Windows Presentation Foundation Font Cache 3.0.0.0 service failed to start due to the following error: 
The service did not respond to the start or control request in a timely fashion."
Error	21-07-2019 22:12:37	Service Control Manager	7009	None	A timeout was reached (30000 milliseconds) while waiting for the Windows Presentation Foundation Font Cache 3.0.0.0 service to connect.
Error	21-07-2019 22:12:24	Microsoft-Windows-DistributedCOM	10016	None	"The application-specific permission settings do not grant Local Activation permission for the COM Server application with CLSID 
{6B3B8D23-FA8D-40B9-8DBD-B950333E2C52}
 and APPID 
{4839DDB7-58C2-48F5-8283-E1D1807D0D7D}
 to the user NT AUTHORITY\LOCAL SERVICE SID (S-1-5-19) from address LocalHost (Using LRPC) running in the application container Unavailable SID (Unavailable). This security permission can be modified using the Component Services administrative tool."
Error	21-07-2019 22:12:24	Microsoft-Windows-DistributedCOM	10016	None	"The application-specific permission settings do not grant Local Activation permission for the COM Server application with CLSID 
{6B3B8D23-FA8D-40B9-8DBD-B950333E2C52}
 and APPID 
{4839DDB7-58C2-48F5-8283-E1D1807D0D7D}
 to the user NT AUTHORITY\LOCAL SERVICE SID (S-1-5-19) from address LocalHost (Using LRPC) running in the application container Unavailable SID (Unavailable). This security permission can be modified using the Component Services administrative tool."
Error	21-07-2019 22:12:16	Microsoft-Windows-DistributedCOM	10016	None	"The application-specific permission settings do not grant Local Activation permission for the COM Server application with CLSID 
{D63B10C5-BB46-4990-A94F-E40B9D520160}
 and APPID 
{9CA88EE3-ACB7-47C8-AFC4-AB702511C276}
 to the user NT AUTHORITY\LOCAL SERVICE SID (S-1-5-19) from address LocalHost (Using LRPC) running in the application container Unavailable SID (Unavailable). This security permission can be modified using the Component Services administrative tool."
Information	21-07-2019 22:12:02	Microsoft-Windows-HttpEvent	15007	None	Reservation for namespace identified by URL prefix http://127.0.0.1:8884:127.0.0.1/ was successfully added.
Information	21-07-2019 22:12:02	Microsoft-Windows-HttpEvent	15008	None	Reservation for namespace identified by URL prefix http://127.0.0.1:8884:127.0.0.1/ was successfully deleted.
Information	21-07-2019 22:12:01	Microsoft-Windows-GroupPolicy	1501	None	The Group Policy settings for the user were processed successfully. There were no changes detected since the last successful processing of Group Policy.
Information	21-07-2019 22:11:58	Microsoft-Windows-Winlogon	7001	(1101)	User Logon Notification for Customer Experience Improvement Program
Information	21-07-2019 22:11:13	Microsoft-Windows-Kernel-General	16	None	The access history in hive \??\C:\WINDOWS\AppCompat\Programs\Amcache.hve was cleared updating 0 keys and creating 0 modified pages.
Information	21-07-2019 22:11:04	Microsoft-Windows-WindowsUpdateClient	19	Windows Update Agent	Installation Successful: Windows successfully installed the following update: Feature update to Windows 10, version 1803 x64 2019-07C
Information	21-07-2019 22:11:02	Microsoft-Windows-TPM-WMI	1025	None	The TPM was successfully provisioned and is now ready for use.
Information	21-07-2019 22:10:59	Microsoft-Windows-TPM-WMI	1025	None	The TPM was successfully provisioned and is now ready for use.
Information	21-07-2019 22:10:30	Microsoft-Windows-TPM-WMI	1031	None	The triggering of the NGC certificate enrollment task failed.
Information	21-07-2019 22:10:15	Service Control Manager	7040	None	The start type of the Windows Defender Antivirus Mini-Filter Driver service was changed from boot start to demand start.
Information	21-07-2019 22:10:14	Service Control Manager	7040	None	The start type of the Windows Defender Antivirus Boot Driver service was changed from boot start to demand start.
Information	21-07-2019 22:10:13	Service Control Manager	7040	None	The start type of the Windows Defender Antivirus Service service was changed from auto start to demand start.
Information	21-07-2019 22:09:23	Microsoft-Windows-UserModePowerService	22	(18)	Reapply power settings upon completion of the provisioning engine's turn 1
Information	21-07-2019 22:09:10	Microsoft-Windows-Kernel-General	16	None	The access history in hive \??\C:\ProgramData\Microsoft\Provisioning\Microsoft-Desktop-Provisioning-Sequence.dat was cleared updating 0 keys and creating 0 modified pages.
Information	21-07-2019 22:07:45	Microsoft-Windows-Kernel-General	16	None	The access history in hive \??\C:\ProgramData\Microsoft\Windows\AppRepository\Packages\Microsoft.BingWeather_4.31.11905.0_x64__8wekyb3d8bbwe\ActivationStore.dat was cleared updating 0 keys and creating 0 modified pages.
Information	21-07-2019 22:07:42	Microsoft-Windows-Kernel-General	16	None	The access history in hive \??\C:\ProgramData\Microsoft\Windows\AppRepository\Packages\Microsoft.Office.OneNote_16001.11901.20096.0_x64__8wekyb3d8bbwe\ActivationStore.dat was cleared updating 0 keys and creating 0 modified pages.
Information	21-07-2019 22:07:40	Microsoft-Windows-Kernel-General	16	None	The access history in hive \??\C:\ProgramData\Microsoft\Windows\AppRepository\Packages\Microsoft.Windows.Photos_2019.19041.20110.0_x64__8wekyb3d8bbwe\ActivationStore.dat was cleared updating 0 keys and creating 0 modified pages.
Information	21-07-2019 22:07:38	Microsoft-Windows-Kernel-General	16	None	The access history in hive \??\C:\ProgramData\Microsoft\Windows\AppRepository\Packages\Microsoft.XboxIdentityProvider_12.54.26001.0_x64__8wekyb3d8bbwe\ActivationStore.dat was cleared updating 0 keys and creating 0 modified pages.
Information	21-07-2019 22:07:36	Microsoft-Windows-Kernel-General	16	None	The access history in hive \??\C:\ProgramData\Microsoft\Windows\AppRepository\Packages\Microsoft.WindowsFeedbackHub_1.1903.1582.0_x64__8wekyb3d8bbwe\ActivationStore.dat was cleared updating 0 keys and creating 0 modified pages.
Information	21-07-2019 22:07:33	Microsoft-Windows-Kernel-General	16	None	The access history in hive \??\C:\ProgramData\Microsoft\Windows\AppRepository\Packages\microsoft.windowscommunicationsapps_16005.11629.20316.0_x64__8wekyb3d8bbwe\ActivationStore.dat was cleared updating 0 keys and creating 0 modified pages.
Information	21-07-2019 22:07:31	Microsoft-Windows-Kernel-General	16	None	The access history in hive \??\C:\ProgramData\Microsoft\Windows\AppRepository\Packages\Microsoft.WindowsStore_11905.1001.4.0_x64__8wekyb3d8bbwe\ActivationStore.dat was cleared updating 0 keys and creating 0 modified pages.
Information	21-07-2019 22:07:29	Microsoft-Windows-Kernel-General	16	None	The access history in hive \??\C:\ProgramData\Microsoft\Windows\AppRepository\Packages\Microsoft.SkypeApp_14.48.51.0_x64__kzf8qxf38zg5c\ActivationStore.dat was cleared updating 0 keys and creating 0 modified pages.
Information	21-07-2019 22:07:27	Microsoft-Windows-Kernel-General	16	None	The access history in hive \??\C:\ProgramData\Microsoft\Windows\AppRepository\Packages\Microsoft.MicrosoftStickyNotes_2.1.18.0_x64__8wekyb3d8bbwe\ActivationStore.dat was cleared updating 0 keys and creating 0 modified pages.
Information	21-07-2019 22:07:25	Microsoft-Windows-Kernel-General	16	None	The access history in hive \??\C:\ProgramData\Microsoft\Windows\AppRepository\Packages\Microsoft.WindowsMaps_5.1809.2762.0_x64__8wekyb3d8bbwe\ActivationStore.dat was cleared updating 0 keys and creating 0 modified pages.
Information	21-07-2019 22:07:23	Microsoft-Windows-Kernel-General	16	None	The access history in hive \??\C:\ProgramData\Microsoft\Windows\AppRepository\Packages\Microsoft.Getstarted_6.15.12641.0_x64__8wekyb3d8bbwe\ActivationStore.dat was cleared updating 0 keys and creating 0 modified pages.
Information	21-07-2019 22:07:21	Microsoft-Windows-Kernel-General	16	None	The access history in hive \??\C:\ProgramData\Microsoft\Windows\AppRepository\Packages\Microsoft.MicrosoftSolitaireCollection_4.4.6132.0_x64__8wekyb3d8bbwe\ActivationStore.dat was cleared updating 0 keys and creating 0 modified pages.
Information	21-07-2019 22:07:19	Microsoft-Windows-Kernel-General	16	None	The access history in hive \??\C:\ProgramData\Microsoft\Windows\AppRepository\Packages\C27EB4BA.DropboxOEM_20.4.1.0_x64__xbfy0k16fey96\ActivationStore.dat was cleared updating 0 keys and creating 0 modified pages.
Information	21-07-2019 22:07:17	Microsoft-Windows-Kernel-General	16	None	The access history in hive \??\C:\ProgramData\Microsoft\Windows\AppRepository\Packages\Microsoft.DesktopAppInstaller_1.0.31351.0_x64__8wekyb3d8bbwe\ActivationStore.dat was cleared updating 0 keys and creating 0 modified pages.
Information	21-07-2019 22:07:15	Microsoft-Windows-Kernel-General	16	None	The access history in hive \??\C:\ProgramData\Microsoft\Windows\AppRepository\Packages\Microsoft.Messaging_4.1901.10241.1000_x64__8wekyb3d8bbwe\ActivationStore.dat was cleared updating 0 keys and creating 0 modified pages.
Information	21-07-2019 22:07:12	Microsoft-Windows-Kernel-General	16	None	The access history in hive \??\C:\ProgramData\Microsoft\Windows\AppRepository\Packages\Microsoft.WindowsCamera_2019.124.60.0_x64__8wekyb3d8bbwe\ActivationStore.dat was cleared updating 0 keys and creating 0 modified pages.
Information	21-07-2019 22:07:10	Microsoft-Windows-Kernel-General	16	None	The access history in hive \??\C:\ProgramData\Microsoft\Windows\AppRepository\Packages\Microsoft.ZuneVideo_10.19031.11411.0_x64__8wekyb3d8bbwe\ActivationStore.dat was cleared updating 0 keys and creating 0 modified pages.
Information	21-07-2019 22:07:08	Microsoft-Windows-Kernel-General	16	None	The access history in hive \??\C:\ProgramData\Microsoft\Windows\AppRepository\Packages\Microsoft.ZuneMusic_10.19031.11411.0_x64__8wekyb3d8bbwe\ActivationStore.dat was cleared updating 0 keys and creating 0 modified pages.
Information	21-07-2019 22:07:06	Microsoft-Windows-Kernel-General	16	None	The access history in hive \??\C:\ProgramData\Microsoft\Windows\AppRepository\Packages\Microsoft.Microsoft3DViewer_6.1903.4012.0_x64__8wekyb3d8bbwe\ActivationStore.dat was cleared updating 0 keys and creating 0 modified pages.
Information	21-07-2019 22:07:04	Microsoft-Windows-Kernel-General	16	None	The access history in hive \??\C:\ProgramData\Microsoft\Windows\AppRepository\Packages\Microsoft.MSPaint_5.1904.8017.0_x64__8wekyb3d8bbwe\ActivationStore.dat was cleared updating 0 keys and creating 0 modified pages.
Information	21-07-2019 22:07:02	Microsoft-Windows-Kernel-General	16	None	The access history in hive \??\C:\ProgramData\Microsoft\Windows\AppRepository\Packages\Microsoft.Print3D_3.3.791.0_x64__8wekyb3d8bbwe\ActivationStore.dat was cleared updating 0 keys and creating 0 modified pages.
Information	21-07-2019 22:07:01	Microsoft-Windows-Kernel-General	16	None	The access history in hive \??\C:\ProgramData\Microsoft\Windows\AppRepository\Packages\Microsoft.MicrosoftOfficeHub_18.1903.1152.0_x64__8wekyb3d8bbwe\ActivationStore.dat was cleared updating 0 keys and creating 0 modified pages.
Information	21-07-2019 22:06:59	Microsoft-Windows-Kernel-General	16	None	The access history in hive \??\C:\ProgramData\Microsoft\Windows\AppRepository\Packages\Microsoft.StorePurchaseApp_11811.1001.18.0_x64__8wekyb3d8bbwe\ActivationStore.dat was cleared updating 0 keys and creating 0 modified pages.
Information	21-07-2019 22:06:52	Microsoft-Windows-Kernel-General	16	None	The access history in hive \??\C:\ProgramData\Microsoft\Windows\AppRepository\Packages\Microsoft.ZuneVideo_10.17112.19011.0_x64__8wekyb3d8bbwe\ActivationStore.dat was cleared updating 0 keys and creating 0 modified pages.
Information	21-07-2019 22:06:44	Microsoft-Windows-Kernel-General	16	None	The access history in hive \??\C:\ProgramData\Microsoft\Windows\AppRepository\Packages\Microsoft.ZuneMusic_10.17112.19011.0_x64__8wekyb3d8bbwe\ActivationStore.dat was cleared updating 0 keys and creating 0 modified pages.
Information	21-07-2019 22:06:35	Microsoft-Windows-Kernel-General	16	None	The access history in hive \??\C:\ProgramData\Microsoft\Windows\AppRepository\Packages\Microsoft.XboxSpeechToTextOverlay_1.17.29001.0_x64__8wekyb3d8bbwe\ActivationStore.dat was cleared updating 0 keys and creating 0 modified pages.
Information	21-07-2019 22:06:32	Microsoft-Windows-Kernel-General	16	None	The access history in hive \??\C:\ProgramData\Microsoft\Windows\AppRepository\Packages\Microsoft.XboxIdentityProvider_12.36.15002.0_x64__8wekyb3d8bbwe\ActivationStore.dat was cleared updating 0 keys and creating 0 modified pages.
Information	21-07-2019 22:06:29	Microsoft-Windows-Kernel-General	16	None	The access history in hive \??\C:\ProgramData\Microsoft\Windows\AppRepository\Packages\Microsoft.XboxGamingOverlay_1.15.1001.0_x64__8wekyb3d8bbwe\ActivationStore.dat was cleared updating 0 keys and creating 0 modified pages.
Information	21-07-2019 22:06:26	Microsoft-Windows-Kernel-General	16	None	The access history in hive \??\C:\ProgramData\Microsoft\Windows\AppRepository\Packages\Microsoft.XboxGameOverlay_1.26.6001.0_x64__8wekyb3d8bbwe\ActivationStore.dat was cleared updating 0 keys and creating 0 modified pages.
Information	21-07-2019 22:06:21	Microsoft-Windows-Kernel-General	16	None	The access history in hive \??\C:\ProgramData\Microsoft\Windows\AppRepository\Packages\Microsoft.XboxApp_38.38.14002.0_x64__8wekyb3d8bbwe\ActivationStore.dat was cleared updating 0 keys and creating 0 modified pages.
Information	21-07-2019 22:06:12	Microsoft-Windows-Kernel-General	16	None	The access history in hive \??\C:\ProgramData\Microsoft\Windows\AppRepository\Packages\Microsoft.Xbox.TCUI_1.11.28003.0_x64__8wekyb3d8bbwe\ActivationStore.dat was cleared updating 0 keys and creating 0 modified pages.
Information	21-07-2019 22:06:08	Microsoft-Windows-Kernel-General	16	None	The access history in hive \??\C:\ProgramData\Microsoft\Windows\AppRepository\Packages\Microsoft.WindowsStore_11712.1001.23.0_x64__8wekyb3d8bbwe\ActivationStore.dat was cleared updating 0 keys and creating 0 modified pages.
Information	21-07-2019 22:06:01	Microsoft-Windows-Kernel-General	16	None	The access history in hive \??\C:\ProgramData\Microsoft\Windows\AppRepository\Packages\Microsoft.WindowsSoundRecorder_10.1712.10611.0_x64__8wekyb3d8bbwe\ActivationStore.dat was cleared updating 0 keys and creating 0 modified pages.
Information	21-07-2019 22:05:55	Microsoft-Windows-Kernel-General	16	None	The access history in hive \??\C:\ProgramData\Microsoft\Windows\AppRepository\Packages\Microsoft.WindowsMaps_5.1711.10401.0_x64__8wekyb3d8bbwe\ActivationStore.dat was cleared updating 0 keys and creating 0 modified pages.
Information	21-07-2019 22:05:30	Microsoft-Windows-Kernel-General	16	None	The access history in hive \??\C:\ProgramData\Microsoft\Windows\AppRepository\Packages\Microsoft.WindowsFeedbackHub_1.1712.612.0_x64__8wekyb3d8bbwe\ActivationStore.dat was cleared updating 0 keys and creating 0 modified pages.
Information	21-07-2019 22:05:17	Microsoft-Windows-Kernel-General	16	None	The access history in hive \??\C:\ProgramData\Microsoft\Windows\AppRepository\Packages\microsoft.windowscommunicationsapps_17.8827.22055.0_x64__8wekyb3d8bbwe\ActivationStore.dat was cleared updating 0 keys and creating 0 modified pages.
Information	21-07-2019 22:04:38	Microsoft-Windows-Kernel-General	16	None	The access history in hive \??\C:\ProgramData\Microsoft\Windows\AppRepository\Packages\Microsoft.WindowsCamera_2017.1117.80.0_x64__8wekyb3d8bbwe\ActivationStore.dat was cleared updating 0 keys and creating 0 modified pages.
Information	21-07-2019 22:04:30	Microsoft-Windows-Kernel-General	16	None	The access history in hive \??\C:\ProgramData\Microsoft\Windows\AppRepository\Packages\Microsoft.WindowsCalculator_10.1712.10601.0_x64__8wekyb3d8bbwe\ActivationStore.dat was cleared updating 0 keys and creating 0 modified pages.
Information	21-07-2019 22:04:26	Microsoft-Windows-Kernel-General	16	None	The access history in hive \??\C:\ProgramData\Microsoft\Windows\AppRepository\Packages\Microsoft.WindowsAlarms_10.1712.10611.0_x64__8wekyb3d8bbwe\ActivationStore.dat was cleared updating 0 keys and creating 0 modified pages.
Information	21-07-2019 22:04:18	Microsoft-Windows-Kernel-General	16	None	The access history in hive \??\C:\ProgramData\Microsoft\Windows\AppRepository\Packages\Microsoft.Windows.Photos_2018.18011.15918.0_x64__8wekyb3d8bbwe\ActivationStore.dat was cleared updating 0 keys and creating 0 modified pages.
Information	21-07-2019 22:03:52	Microsoft-Windows-Kernel-General	16	None	The access history in hive \??\C:\ProgramData\Microsoft\Windows\AppRepository\Packages\Microsoft.WebMediaExtensions_1.0.3102.0_x64__8wekyb3d8bbwe\ActivationStore.dat was cleared updating 0 keys and creating 0 modified pages.
Information	21-07-2019 22:03:47	Microsoft-Windows-Kernel-General	16	None	The access history in hive \??\C:\ProgramData\Microsoft\Windows\AppRepository\Packages\Microsoft.Wallet_2.1.18009.0_x64__8wekyb3d8bbwe\ActivationStore.dat was cleared updating 0 keys and creating 0 modified pages.
Information	21-07-2019 22:03:42	Microsoft-Windows-Kernel-General	16	None	The access history in hive \??\C:\ProgramData\Microsoft\Windows\AppRepository\Packages\Microsoft.StorePurchaseApp_11712.1801.10002.0_x64__8wekyb3d8bbwe\ActivationStore.dat was cleared updating 0 keys and creating 0 modified pages.
Information	21-07-2019 22:03:37	Microsoft-Windows-Kernel-General	16	None	The access history in hive \??\C:\ProgramData\Microsoft\Windows\AppRepository\Packages\Microsoft.SkypeApp_12.13.274.0_x64__kzf8qxf38zg5c\ActivationStore.dat was cleared updating 0 keys and creating 0 modified pages.
Information	21-07-2019 22:03:13	Microsoft-Windows-Kernel-General	16	None	The access history in hive \??\C:\ProgramData\Microsoft\Windows\AppRepository\Packages\Microsoft.Services.Store.Engagement_10.0.1610.0_x86__8wekyb3d8bbwe\ActivationStore.dat was cleared updating 0 keys and creating 0 modified pages.
Information	21-07-2019 22:03:12	Microsoft-Windows-Kernel-General	16	None	The access history in hive \??\C:\ProgramData\Microsoft\Windows\AppRepository\Packages\Microsoft.Services.Store.Engagement_10.0.1610.0_x64__8wekyb3d8bbwe\ActivationStore.dat was cleared updating 0 keys and creating 0 modified pages.
Information	21-07-2019 22:03:09	Microsoft-Windows-Kernel-General	16	None	The access history in hive \??\C:\ProgramData\Microsoft\Windows\AppRepository\Packages\Microsoft.Print3D_2.0.3621.0_x64__8wekyb3d8bbwe\ActivationStore.dat was cleared updating 0 keys and creating 0 modified pages.
Information	21-07-2019 22:03:03	Microsoft-Windows-Kernel-General	16	None	The access history in hive \??\C:\ProgramData\Microsoft\Windows\AppRepository\Packages\Microsoft.People_10.3.10452.0_x64__8wekyb3d8bbwe\ActivationStore.dat was cleared updating 0 keys and creating 0 modified pages.
Information	21-07-2019 22:02:59	Microsoft-Windows-Kernel-General	16	None	The access history in hive \??\C:\ProgramData\Microsoft\Windows\AppRepository\Packages\Microsoft.OneConnect_4.1801.521.0_x64__8wekyb3d8bbwe\ActivationStore.dat was cleared updating 0 keys and creating 0 modified pages.
Information	21-07-2019 22:02:52	Microsoft-Windows-Kernel-General	16	None	The access history in hive \??\C:\ProgramData\Microsoft\Windows\AppRepository\Packages\Microsoft.Office.OneNote_17.8827.20991.0_x64__8wekyb3d8bbwe\ActivationStore.dat was cleared updating 0 keys and creating 0 modified pages.
Information	21-07-2019 22:02:02	Microsoft-Windows-Kernel-General	16	None	The access history in hive \??\C:\ProgramData\Microsoft\Windows\AppRepository\Packages\Microsoft.MSPaint_3.1803.5027.0_x64__8wekyb3d8bbwe\ActivationStore.dat was cleared updating 0 keys and creating 0 modified pages.
Information	21-07-2019 22:01:49	Microsoft-Windows-Kernel-General	16	None	The access history in hive \??\C:\ProgramData\Microsoft\Windows\AppRepository\Packages\Microsoft.MicrosoftStickyNotes_2.0.13.0_x64__8wekyb3d8bbwe\ActivationStore.dat was cleared updating 0 keys and creating 0 modified pages.
Information	21-07-2019 22:01:41	Microsoft-Windows-Kernel-General	16	None	The access history in hive \??\C:\ProgramData\Microsoft\Windows\AppRepository\Packages\Microsoft.MicrosoftSolitaireCollection_4.0.1301.0_x86__8wekyb3d8bbwe\ActivationStore.dat was cleared updating 0 keys and creating 0 modified pages.
Information	21-07-2019 22:01:32	Microsoft-Windows-Kernel-General	16	None	The access history in hive \??\C:\ProgramData\Microsoft\Windows\AppRepository\Packages\Microsoft.MicrosoftOfficeHub_17.8918.5926.0_x64__8wekyb3d8bbwe\ActivationStore.dat was cleared updating 0 keys and creating 0 modified pages.
Information	21-07-2019 22:01:22	Microsoft-Windows-Kernel-General	16	None	The access history in hive \??\C:\ProgramData\Microsoft\Windows\AppRepository\Packages\Microsoft.Microsoft3DViewer_2.1803.8022.0_x64__8wekyb3d8bbwe\ActivationStore.dat was cleared updating 0 keys and creating 0 modified pages.
Information	21-07-2019 22:01:12	Service Control Manager	7040	None	The start type of the Background Intelligent Transfer Service service was changed from auto start to demand start.
Information	21-07-2019 22:01:10	Microsoft-Windows-Kernel-General	16	None	The access history in hive \??\C:\ProgramData\Microsoft\Windows\AppRepository\Packages\Microsoft.Messaging_3.38.22001.0_x64__8wekyb3d8bbwe\ActivationStore.dat was cleared updating 0 keys and creating 0 modified pages.
Information	21-07-2019 22:01:02	Microsoft-Windows-Kernel-General	16	None	The access history in hive \??\C:\ProgramData\Microsoft\Windows\AppRepository\Packages\Microsoft.Getstarted_6.9.10602.0_x64__8wekyb3d8bbwe\ActivationStore.dat was cleared updating 0 keys and creating 0 modified pages.
Information	21-07-2019 22:00:55	Microsoft-Windows-Kernel-General	16	None	The access history in hive \??\C:\ProgramData\Microsoft\Windows\AppRepository\Packages\Microsoft.GetHelp_10.1706.10441.0_x64__8wekyb3d8bbwe\ActivationStore.dat was cleared updating 0 keys and creating 0 modified pages.
Information	21-07-2019 22:00:49	Microsoft-Windows-Kernel-General	16	None	The access history in hive \??\C:\ProgramData\Microsoft\Windows\AppRepository\Packages\Microsoft.DesktopAppInstaller_1.0.12271.0_x64__8wekyb3d8bbwe\ActivationStore.dat was cleared updating 0 keys and creating 0 modified pages.
Information	21-07-2019 22:00:41	Microsoft-Windows-Kernel-General	16	None	The access history in hive \??\C:\ProgramData\Microsoft\Windows\AppRepository\Packages\Microsoft.BingWeather_4.22.3254.0_x64__8wekyb3d8bbwe\ActivationStore.dat was cleared updating 0 keys and creating 0 modified pages.
Information	21-07-2019 22:00:26	Microsoft-Windows-Kernel-General	16	None	The access history in hive \??\C:\ProgramData\Microsoft\Windows\AppRepository\Packages\Microsoft.Advertising.Xaml_10.1705.4.0_x86__8wekyb3d8bbwe\ActivationStore.dat was cleared updating 0 keys and creating 0 modified pages.
Information	21-07-2019 22:00:22	Microsoft-Windows-Kernel-General	16	None	The access history in hive \??\C:\ProgramData\Microsoft\Windows\AppRepository\Packages\Microsoft.Advertising.Xaml_10.1705.4.0_x64__8wekyb3d8bbwe\ActivationStore.dat was cleared updating 0 keys and creating 0 modified pages.
Information	21-07-2019 22:00:20	Microsoft-Windows-Kernel-General	16	None	The access history in hive \??\C:\ProgramData\Microsoft\Windows\AppRepository\Packages\DellInc.DellSupportAssistforPCs_3.2.5.0_x64__htrsf667h5kn2\ActivationStore.dat was cleared updating 0 keys and creating 0 modified pages.
Information	21-07-2019 22:00:10	Microsoft-Windows-Kernel-General	16	None	The access history in hive \??\C:\ProgramData\Microsoft\Windows\AppRepository\Packages\windows.immersivecontrolpanel_10.0.2.1000_neutral_neutral_cw5n1h2txyewy\ActivationStore.dat was cleared updating 0 keys and creating 0 modified pages.
Information	21-07-2019 22:00:08	Microsoft-Windows-Kernel-General	16	None	The access history in hive \??\C:\ProgramData\Microsoft\Windows\AppRepository\Packages\Windows.CBSPreview_10.0.17134.48_neutral_neutral_cw5n1h2txyewy\ActivationStore.dat was cleared updating 0 keys and creating 0 modified pages.
Information	21-07-2019 22:00:06	Microsoft-Windows-Kernel-General	16	None	The access history in hive \??\C:\ProgramData\Microsoft\Windows\AppRepository\Packages\Microsoft.XboxGameCallableUI_1000.17134.1.0_neutral_neutral_cw5n1h2txyewy\ActivationStore.dat was cleared updating 0 keys and creating 0 modified pages.
Information	21-07-2019 22:00:05	Microsoft-Windows-Kernel-General	16	None	The access history in hive \??\C:\ProgramData\Microsoft\Windows\AppRepository\Packages\Microsoft.Windows.ShellExperienceHost_10.0.17134.112_neutral_neutral_cw5n1h2txyewy\ActivationStore.dat was cleared updating 0 keys and creating 0 modified pages.
Information	21-07-2019 22:00:03	Microsoft-Windows-Kernel-General	16	None	The access history in hive \??\C:\ProgramData\Microsoft\Windows\AppRepository\Packages\Microsoft.Windows.SecHealthUI_10.0.17134.1_neutral__cw5n1h2txyewy\ActivationStore.dat was cleared updating 0 keys and creating 0 modified pages.
Information	21-07-2019 22:00:02	Microsoft-Windows-Kernel-General	16	None	The access history in hive \??\C:\ProgramData\Microsoft\Windows\AppRepository\Packages\Microsoft.Windows.PinningConfirmationDialog_1000.17134.1.0_neutral__cw5n1h2txyewy\ActivationStore.dat was cleared updating 0 keys and creating 0 modified pages.
