Error	03-08-2019 11:16:20	Service Control Manager	7011	None	A timeout (30000 milliseconds) was reached while waiting for a transaction response from the ModuleCoreService service.
Error	03-08-2019 11:16:20	Service Control Manager	7011	None	A timeout (30000 milliseconds) was reached while waiting for a transaction response from the mfemms service.
Information	03-08-2019 11:16:14	Microsoft-Windows-WLAN-AutoConfig	4001	None	"WLAN AutoConfig service has successfully stopped.
"
Information	03-08-2019 11:17:14	EventLog	6013	None	The system uptime is 30 seconds.
Information	03-08-2019 11:16:00	Microsoft-Windows-Kernel-Power	109	(103)	"The kernel power manager has initiated a shutdown transition.

Shutdown Reason: Kernel API"
Information	03-08-2019 11:17:14	EventLog	6005	None	The Event log service was started.
Information	03-08-2019 11:17:14	EventLog	6009	None	Microsoft (R) Windows (R) 10.00. 17134  Multiprocessor Free.
Information	03-08-2019 11:15:55	EventLog	6006	None	The Event log service was stopped.
Information	03-08-2019 11:15:53	Microsoft-Windows-Dhcp-Client	50037	Service State Event	DHCPv4 client service is stopped. ShutDown Flag value is 1
Information	03-08-2019 11:15:51	Microsoft-Windows-Dhcp-Client	50106	Service State Event	DHCPv4 is waiting on DHCPv6 service to stop
Information	03-08-2019 11:15:51	Microsoft-Windows-DHCPv6-Client	51057	Service State Event	DHCPv6 client service stop is almost done.DHCP Context Ref count is 1
Information	03-08-2019 11:15:52	McAfee Service Controller	4	None	The mcbootdelaystartsvc MMS Service entered the Post-Shutdown state.
Information	03-08-2019 11:15:51	McAfee Service Controller	4	None	The mcpltsvc MMS Service entered the Post-Shutdown state.
Information	03-08-2019 11:15:51	Microsoft-Windows-DHCPv6-Client	51047	Service State Event	DHCPv6 client service is stopped. ShutDown Flag value is 1
Information	03-08-2019 11:15:50	Microsoft-Windows-Dhcp-Client	50105	Service State Event	DHCPv4 client ProcessDHCPRequestForever received TERMINATE_EVENT
Information	03-08-2019 11:15:50	Microsoft-Windows-Dhcp-Client	50104	Service State Event	DHCPv4 client received shutdown notification
Information	03-08-2019 11:15:51	McAfee Service Controller	4	None	The mfeavsvc MMS Service entered the Post-Shutdown state.
Information	03-08-2019 11:15:50	McAfee Service Controller	4	None	The mfefire MMS Service entered the Post-Shutdown state.
Information	03-08-2019 11:15:47	Microsoft-Windows-Winlogon	7002	(1102)	User Logoff Notification for Customer Experience Improvement Program
Information	03-08-2019 11:15:36	User32	1074	None	"The process C:\Windows\System32\RuntimeBroker.exe (DESKTOP-HNCA8IM) has initiated the restart of computer DESKTOP-HNCA8IM on behalf of user DESKTOP-HNCA8IM\karthikeyaram for the following reason: Other (Unplanned)
 Reason Code: 0x0
 Shutdown Type: restart
 Comment: "
Information	03-08-2019 11:13:00	Microsoft-Windows-HttpEvent	15007	None	Reservation for namespace identified by URL prefix http://127.0.0.1:8884:127.0.0.1/ was successfully added.
Information	03-08-2019 11:13:00	Microsoft-Windows-HttpEvent	15008	None	Reservation for namespace identified by URL prefix http://127.0.0.1:8884:127.0.0.1/ was successfully deleted.
Information	03-08-2019 11:12:31	Service Control Manager	7040	None	The start type of the Background Intelligent Transfer Service service was changed from demand start to auto start.
Information	03-08-2019 11:12:27	Microsoft-Windows-Kernel-General	16	None	The access history in hive \??\C:\WINDOWS\ServiceProfiles\NetworkService\AppData\Local\Microsoft\Windows\DeliveryOptimization\State\dosvcState.dat was cleared updating 292 keys and creating 79 modified pages.
Information	03-08-2019 11:12:04	Service Control Manager	7040	None	The start type of the Background Intelligent Transfer Service service was changed from auto start to demand start.
Error	03-08-2019 11:11:14	Service Control Manager	7000	None	"The Dell Hardware Support service failed to start due to the following error: 
The service did not respond to the start or control request in a timely fashion."
Error	03-08-2019 11:11:14	Service Control Manager	7009	None	A timeout was reached (30000 milliseconds) while waiting for the Dell Hardware Support service to connect.
Information	03-08-2019 11:11:12	Microsoft-Windows-Kernel-Power	520	(218)	The brightness on this system is managed by high-precision brightness aware service.
Error	03-08-2019 11:09:57	Microsoft-Windows-DistributedCOM	10001	None	"Unable to start a DCOM Server: Microsoft.AAD.BrokerPlugin_1000.17134.1.0_neutral_neutral_cw5n1h2txyewy!Windows.Security.Authentication.Web.Core.BackgroundGetTokenTask.ClassId.WebAccountProvider as Unavailable/Unavailable. The error:
""298""
Happened while starting this command:
""C:\WINDOWS\system32\BackgroundTaskHost.exe"" -ServerName:BackgroundTaskHost.WebAccountProvider"
Error	03-08-2019 11:09:47	Microsoft-Windows-DistributedCOM	10016	None	"The application-specific permission settings do not grant Local Launch permission for the COM Server application with CLSID 
Windows.SecurityCenter.WscBrokerManager
 and APPID 
Unavailable
 to the user NT AUTHORITY\SYSTEM SID (S-1-5-18) from address LocalHost (Using LRPC) running in the application container Unavailable SID (Unavailable). This security permission can be modified using the Component Services administrative tool."
Information	03-08-2019 11:09:46	Microsoft-Windows-FilterManager	6	None	File System Filter 'wcnfs' (10.0, ‎2008‎-‎01‎-‎24T07:08:29.000000000Z) has successfully loaded and registered with Filter Manager.
Information	03-08-2019 11:08:50	McAfee Service Controller	1	None	The homenetsvc MMS Service entered the running state.
Information	03-08-2019 11:08:49	McAfee Service Controller	1	None	The msk80service MMS Service entered the running state.
Information	03-08-2019 11:08:29	McAfee Service Controller	1	None	The mcpltsvc MMS Service entered the running state.
Error	03-08-2019 11:08:09	Microsoft-Windows-DistributedCOM	10016	None	"The application-specific permission settings do not grant Local Activation permission for the COM Server application with CLSID 
{6B3B8D23-FA8D-40B9-8DBD-B950333E2C52}
 and APPID 
{4839DDB7-58C2-48F5-8283-E1D1807D0D7D}
 to the user NT AUTHORITY\LOCAL SERVICE SID (S-1-5-19) from address LocalHost (Using LRPC) running in the application container Unavailable SID (Unavailable). This security permission can be modified using the Component Services administrative tool."
Error	03-08-2019 11:08:09	Microsoft-Windows-DistributedCOM	10016	None	"The application-specific permission settings do not grant Local Activation permission for the COM Server application with CLSID 
{6B3B8D23-FA8D-40B9-8DBD-B950333E2C52}
 and APPID 
{4839DDB7-58C2-48F5-8283-E1D1807D0D7D}
 to the user NT AUTHORITY\LOCAL SERVICE SID (S-1-5-19) from address LocalHost (Using LRPC) running in the application container Unavailable SID (Unavailable). This security permission can be modified using the Component Services administrative tool."
Error	03-08-2019 11:07:49	Service Control Manager	7000	None	"The Windows Presentation Foundation Font Cache 3.0.0.0 service failed to start due to the following error: 
The service did not respond to the start or control request in a timely fashion."
Error	03-08-2019 11:07:48	Service Control Manager	7009	None	A timeout was reached (30000 milliseconds) while waiting for the FontCache3.0.0.0 service to connect.
Information	03-08-2019 11:07:35	Microsoft-Windows-TPM-WMI	1025	None	The TPM was successfully provisioned and is now ready for use.
Information	03-08-2019 11:07:34	Microsoft-Windows-TPM-WMI	1025	None	The TPM was successfully provisioned and is now ready for use.
Error	03-08-2019 11:07:19	Microsoft-Windows-DistributedCOM	10016	None	"The application-specific permission settings do not grant Local Activation permission for the COM Server application with CLSID 
{D63B10C5-BB46-4990-A94F-E40B9D520160}
 and APPID 
{9CA88EE3-ACB7-47C8-AFC4-AB702511C276}
 to the user NT AUTHORITY\LOCAL SERVICE SID (S-1-5-19) from address LocalHost (Using LRPC) running in the application container Unavailable SID (Unavailable). This security permission can be modified using the Component Services administrative tool."
Information	03-08-2019 11:07:14	TPM	18	None	This event triggers the Trusted Platform Module (TPM) provisioning/status check to run.
Information	03-08-2019 11:07:14	Service Control Manager	7026	None	"The following boot-start or system-start driver(s) did not load: 
dam"
Error	03-08-2019 11:07:13	Service Control Manager	7000	None	"The RNDBWM service failed to start due to the following error: 
The service did not respond to the start or control request in a timely fashion."
Error	03-08-2019 11:07:13	Service Control Manager	7009	None	A timeout was reached (30000 milliseconds) while waiting for the RNDBWM service to connect.
Information	03-08-2019 11:07:11	Microsoft-Windows-Kernel-General	16	None	The access history in hive \??\C:\Users\karthikeyaram\AppData\Local\Microsoft\Windows\UsrClass.dat was cleared updating 9837 keys and creating 953 modified pages.
Information	03-08-2019 11:07:09	Microsoft-Windows-Kernel-General	16	None	The access history in hive \??\C:\Users\karthikeyaram\ntuser.dat was cleared updating 4649 keys and creating 371 modified pages.
Information	03-08-2019 11:07:08	Microsoft-Windows-Winlogon	7001	(1101)	User Logon Notification for Customer Experience Improvement Program
Information	03-08-2019 11:07:06	McAfee Service Controller	1	None	The mfecore MMS Service entered the running state.
Information	03-08-2019 11:07:04	McAfee Service Controller	1	None	The mfeavsvc MMS Service entered the running state.
Information	03-08-2019 11:07:04	McAfee Service Controller	1	None	The protectedmodulehostservice MMS Service entered the running state.
Information	03-08-2019 11:07:02	McAfee Service Controller	1	None	The mcproxy MMS Service entered the running state.
Information	03-08-2019 11:07:01	Microsoft-Windows-Kernel-General	16	None	The access history in hive \??\C:\WINDOWS\AppCompat\Programs\Amcache.hve was cleared updating 1730 keys and creating 677 modified pages.
Information	03-08-2019 11:07:02	McAfee Service Controller	1	None	The mmscom MMS Service entered the running state.
Information	03-08-2019 11:07:02	McAfee Service Controller	1	None	The mcbootdelaystartsvc MMS Service entered the running state.
Information	03-08-2019 11:07:00	McAfee Service Controller	1	None	The mfefire MMS Service entered the running state.
Information	03-08-2019 11:06:55	Microsoft-Windows-GroupPolicy	1500	None	The Group Policy settings for the computer were processed successfully. There were no changes detected since the last successful processing of Group Policy.
Warning	03-08-2019 11:06:54	Microsoft-Windows-WHEA-Logger	17	None	"A corrected hardware error has occurred.

Component: PCI Express Root Port
Error Source: Advanced Error Reporting (PCI Express)

Bus:Device:Function: 0x0:0x1C:0x0
Vendor ID:Device ID: 0x8086:0x9D14
Class Code: 0x30400

The details view of this entry contains further information."
Warning	03-08-2019 11:06:54	Microsoft-Windows-WHEA-Logger	17	None	"A corrected hardware error has occurred.

Component: PCI Express Root Port
Error Source: Advanced Error Reporting (PCI Express)

Bus:Device:Function: 0x0:0x1C:0x0
Vendor ID:Device ID: 0x8086:0x9D14
Class Code: 0x30400

The details view of this entry contains further information."
Information	03-08-2019 11:06:49	McAfee Service Controller	1	None	The mfevtp MMS Service entered the running state.
Information	03-08-2019 11:06:49	SmartByte Network Service	16	(1)	"The description for Event ID 16 from source SmartByte Network Service cannot be found. Either the component that raises this event is not installed on your local computer or the installation is corrupted. You can install or repair the component on the local computer.

If the event originated on another computer, the display information had to be saved with the event.

The following information was included with the event: 

Service Starting

The message resource is present but the message was not found in the message table
"
Information	03-08-2019 11:06:48	SmartByte Network Service	0	None	"The description for Event ID 0 from source SmartByte Network Service cannot be found. Either the component that raises this event is not installed on your local computer or the installation is corrupted. You can install or repair the component on the local computer.

If the event originated on another computer, the display information had to be saved with the event.

The following information was included with the event: 

Service started/resumed

The message resource is present but the message was not found in the message table
"
Information	03-08-2019 11:06:38	Microsoft-Windows-WLAN-AutoConfig	4000	None	"WLAN AutoConfig service has successfully started.
"
Information	03-08-2019 11:06:25	Microsoft-Windows-Kernel-General	16	None	The access history in hive \SystemRoot\System32\Config\bbimigrate\BBI was cleared updating 238 keys and creating 63 modified pages.
Information	03-08-2019 11:06:25	Microsoft-Windows-DHCPv6-Client	51046	Service State Event	DHCPv6 client service is started
Information	03-08-2019 11:06:24	Microsoft-Windows-Dhcp-Client	50103	Service State Event	DHCPv4 client registered for shutdown notification
Information	03-08-2019 11:06:24	Microsoft-Windows-Dhcp-Client	50036	Service State Event	DHCPv4 client service is started
Information	03-08-2019 11:06:24	Microsoft-Windows-FilterManager	6	None	File System Filter 'storqosflt' (10.0, ‎2027‎-‎11‎-‎11T21:41:39.000000000Z) has successfully loaded and registered with Filter Manager.
Information	03-08-2019 11:06:23	Microsoft-Windows-FilterManager	6	None	File System Filter 'CldFlt' (10.0, ‎2055‎-‎06‎-‎16T02:37:10.000000000Z) has successfully loaded and registered with Filter Manager.
Information	03-08-2019 11:06:23	Microsoft-Windows-FilterManager	1	None	File System Filter 'CldFlt' (Version 10.0, ‎2055‎-‎06‎-‎16T02:37:10.000000000Z) unloaded successfully.
Information	03-08-2019 11:06:23	Microsoft-Windows-FilterManager	6	None	File System Filter 'CldFlt' (10.0, ‎2055‎-‎06‎-‎16T02:37:10.000000000Z) has successfully loaded and registered with Filter Manager.
Information	03-08-2019 11:06:22	Microsoft-Windows-FilterManager	6	None	File System Filter 'luafv' (10.0, ‎2024‎-‎04‎-‎14T10:40:21.000000000Z) has successfully loaded and registered with Filter Manager.
Information	03-08-2019 11:06:20	Microsoft-Windows-FilterManager	6	None	File System Filter 'wcifs' (10.0, ‎2004‎-‎12‎-‎04T07:01:13.000000000Z) has successfully loaded and registered with Filter Manager.
Information	03-08-2019 11:06:20	Microsoft-Windows-Kernel-General	16	None	The access history in hive \SystemRoot\System32\Config\BBI was cleared updating 506 keys and creating 84 modified pages.
Information	03-08-2019 11:06:16	Microsoft-Windows-UserModePowerService	12	(10)	Process C:\Windows\System32\WUDFHost.exe (process ID:672) reset policy scheme from {49EF8FC0-BB7F-488E-B6A0-F1FC77EC649B} to {49EF8FC0-BB7F-488E-B6A0-F1FC77EC649B}
Information	03-08-2019 11:06:16	Microsoft-Windows-UserModePowerService	12	(10)	Process C:\Windows\System32\WUDFHost.exe (process ID:672) reset policy scheme from {49EF8FC0-BB7F-488E-B6A0-F1FC77EC649B} to {49EF8FC0-BB7F-488E-B6A0-F1FC77EC649B}
Information	03-08-2019 11:06:16	Microsoft-Windows-UserModePowerService	12	(10)	Process C:\Windows\System32\WUDFHost.exe (process ID:672) reset policy scheme from {49EF8FC0-BB7F-488E-B6A0-F1FC77EC649B} to {49EF8FC0-BB7F-488E-B6A0-F1FC77EC649B}
Information	03-08-2019 11:06:16	Microsoft-Windows-Kernel-General	16	None	The access history in hive \??\C:\WINDOWS\ServiceProfiles\NetworkService\NTUSER.DAT was cleared updating 664 keys and creating 38 modified pages.
Information	03-08-2019 11:06:16	Microsoft-Windows-UserModePowerService	12	(10)	Process C:\Windows\System32\WUDFHost.exe (process ID:672) reset policy scheme from {49EF8FC0-BB7F-488E-B6A0-F1FC77EC649B} to {49EF8FC0-BB7F-488E-B6A0-F1FC77EC649B}
Information	03-08-2019 11:06:15	Microsoft-Windows-Kernel-General	16	None	The access history in hive \??\C:\WINDOWS\ServiceProfiles\LocalService\NTUSER.DAT was cleared updating 689 keys and creating 40 modified pages.
Information	03-08-2019 11:06:15	Microsoft-Windows-Directory-Services-SAM	16962	None	"Remote calls to the SAM database are being restricted using the default security descriptor: O:SYG:SYD:(A;;RC;;;BA).
For more information please see http://go.microsoft.com/fwlink/?LinkId=787651."
Information	03-08-2019 11:06:15	Microsoft-Windows-Wininit	14	None	Credential Guard (LsaIso.exe) configuration: 0x0, 0
Error	03-08-2019 11:06:12	BTHUSB	5	None	The Bluetooth driver expected an HCI event with a certain size but did not receive it.
Information	03-08-2019 11:06:12	BTHUSB	18	None	Windows cannot store Bluetooth authentication codes (link keys) on the local adapter. Bluetooth keyboards might not work in the system BIOS during startup.
Information	03-08-2019 11:06:09	Microsoft-Windows-Kernel-General	16	None	The access history in hive \SystemRoot\System32\Config\DEFAULT was cleared updating 663 keys and creating 70 modified pages.
Information	03-08-2019 11:06:09	Microsoft-Windows-Kernel-General	16	None	The access history in hive \SystemRoot\System32\Config\SAM was cleared updating 53 keys and creating 6 modified pages.
Information	03-08-2019 11:06:09	Microsoft-Windows-Kernel-General	16	None	The access history in hive \SystemRoot\System32\Config\SECURITY was cleared updating 104 keys and creating 5 modified pages.
Information	03-08-2019 11:06:09	Microsoft-Windows-Kernel-General	15	None	Hive \SystemRoot\System32\Config\SOFTWARE was reorganized with a starting size of 91533312 bytes and an ending size of 92094464 bytes.
Information	03-08-2019 11:06:02	Microsoft-Windows-Ntfs	98	None	Volume \\?\Volume{95c669f6-da48-46c1-8919-85b16e4f7733} (\Device\HarddiskVolume4) is healthy.  No action is needed.
Information	03-08-2019 11:06:01	Microsoft-Windows-Ntfs	98	None	Volume \\?\Volume{63a575af-8a39-4cd1-b27e-7d51c09f397e} (\Device\HarddiskVolume9) is healthy.  No action is needed.
Information	03-08-2019 11:06:01	Microsoft-Windows-Ntfs	98	None	Volume \\?\Volume{724896b8-88c6-45f4-9950-4c354cad8cdf} (\Device\HarddiskVolume8) is healthy.  No action is needed.
Information	03-08-2019 11:06:00	Microsoft-Windows-Ntfs	98	None	Volume \\?\Volume{d64d8e01-5445-42ad-9f34-915eb5fc966f} (\Device\HarddiskVolume7) is healthy.  No action is needed.
Warning	03-08-2019 11:06:00	rt640x64	1	None	Realtek PCIe FE Family Controller is disconnected from network.
Information	03-08-2019 11:05:59	Microsoft-Windows-Kernel-Power	521	(220)	Active battery count change.
Information	03-08-2019 11:05:59	MEIx64	2	None	Intel(R) Management Engine Interface driver has started successfully.
Information	03-08-2019 11:05:58	Microsoft-Windows-Kernel-Power	521	(220)	Active battery count change.
Information	03-08-2019 11:05:58	Microsoft-Windows-Kernel-Processor-Power	55	(47)	"Processor 3 in group 0 exposes the following power management capabilities:

Idle state type: ACPI Idle (C) States (3 state(s))

Performance state type: ACPI Performance (P) / Throttle (T) States
Nominal Frequency (MHz): 2300
Maximum performance percentage: 100
Minimum performance percentage: 17
Minimum throttle percentage: 17"
Information	03-08-2019 11:05:58	Microsoft-Windows-Kernel-Processor-Power	55	(47)	"Processor 1 in group 0 exposes the following power management capabilities:

Idle state type: ACPI Idle (C) States (3 state(s))

Performance state type: ACPI Performance (P) / Throttle (T) States
Nominal Frequency (MHz): 2300
Maximum performance percentage: 100
Minimum performance percentage: 17
Minimum throttle percentage: 17"
Information	03-08-2019 11:05:58	Microsoft-Windows-Kernel-Processor-Power	55	(47)	"Processor 2 in group 0 exposes the following power management capabilities:

Idle state type: ACPI Idle (C) States (3 state(s))

Performance state type: ACPI Performance (P) / Throttle (T) States
Nominal Frequency (MHz): 2300
Maximum performance percentage: 100
Minimum performance percentage: 17
Minimum throttle percentage: 17"
Information	03-08-2019 11:05:58	Microsoft-Windows-Kernel-Processor-Power	55	(47)	"Processor 0 in group 0 exposes the following power management capabilities:

Idle state type: ACPI Idle (C) States (3 state(s))

Performance state type: ACPI Performance (P) / Throttle (T) States
Nominal Frequency (MHz): 2300
Maximum performance percentage: 100
Minimum performance percentage: 17
Minimum throttle percentage: 17"
Warning	03-08-2019 11:05:58	Microsoft-Windows-Kernel-PnP	219	(212)	The driver \Driver\WUDFRd failed to load for the device ACPI\INT3400\2&daba3ff&0.
Information	03-08-2019 11:05:58	Microsoft-Windows-DriverFrameworks-UserMode	10118	Startup of the UMDF reflector	UMDF reflector is unable to connect to service control manager (SCM). This is expected during boot, when SCM has not started yet. Will retry when it starts.
Information	03-08-2019 11:05:49	Microsoft-Windows-Kernel-Power	172	(203)	Connectivity state in standby: Disconnected, Reason: NIC compliance
Information	03-08-2019 11:05:48	Microsoft-Windows-FilterManager	6	None	File System Filter 'npsvctrig' (10.0, ‎2094‎-‎02‎-‎20T15:44:30.000000000Z) has successfully loaded and registered with Filter Manager.
Information	03-08-2019 11:05:48	Microsoft-Windows-FilterManager	6	None	File System Filter 'FileCrypt' (10.0, ‎2070‎-‎12‎-‎16T04:43:56.000000000Z) has successfully loaded and registered with Filter Manager.
Information	03-08-2019 11:05:46	Microsoft-Windows-Ntfs	98	None	Volume C: (\Device\HarddiskVolume3) is healthy.  No action is needed.
Information	03-08-2019 11:05:46	Microsoft-Windows-Ntfs	98	None	Volume D: (\Device\HarddiskVolume5) is healthy.  No action is needed.
Information	03-08-2019 11:05:45	Microsoft-Windows-Ntfs	98	None	Volume E: (\Device\HarddiskVolume6) is healthy.  No action is needed.
Information	03-08-2019 11:05:43	Microsoft-Windows-FilterManager	6	None	File System Filter 'mfehidk' (0.0, ‎2019‎-‎04‎-‎26T08:39:33.000000000Z) has successfully loaded and registered with Filter Manager.
Information	03-08-2019 11:05:43	Microsoft-Windows-FilterManager	6	None	File System Filter 'Wof' (10.0, ‎2036‎-‎09‎-‎29T19:17:10.000000000Z) has successfully loaded and registered with Filter Manager.
Information	03-08-2019 11:05:43	Microsoft-Windows-FilterManager	6	None	File System Filter 'FileInfo' (10.0, ‎2063‎-‎09‎-‎07T20:36:45.000000000Z) has successfully loaded and registered with Filter Manager.
Information	03-08-2019 11:05:43	Microsoft-Windows-Kernel-Boot	30	(21)	The firmware reported boot metrics.
Information	03-08-2019 11:05:43	Microsoft-Windows-Kernel-Boot	25	(32)	The boot menu policy was 0x1.
Information	03-08-2019 11:05:43	Microsoft-Windows-Kernel-Boot	27	(33)	The boot type was 0x0.
Information	03-08-2019 11:05:43	Microsoft-Windows-Kernel-Boot	20	(31)	The last shutdown's success status was true. The last boot's success status was true.
Information	03-08-2019 11:05:43	Microsoft-Windows-Kernel-Boot	32	(58)	The bootmgr spent 0 ms waiting for user input.
Information	03-08-2019 11:05:43	Microsoft-Windows-Kernel-Boot	18	(57)	There are 0x1 boot options on this system.
Information	03-08-2019 11:05:43	Microsoft-Windows-Kernel-Boot	153	(62)	Virtualization-based security (policies: 0) is disabled.
Information	03-08-2019 11:05:43	Microsoft-Windows-Kernel-General	12	(1)	The operating system started at system time ‎2019‎-‎08‎-‎03T05:35:42.500000000Z.
Information	03-08-2019 11:02:26	Microsoft-Windows-Kernel-General	13	(2)	The operating system is shutting down at system time ‎2019‎-‎08‎-‎03T05:32:26.330401400Z.
Information	03-08-2019 11:02:08	Microsoft-Windows-WLAN-AutoConfig	4001	None	"WLAN AutoConfig service has successfully stopped.
"
Error	03-08-2019 11:01:57	Service Control Manager	7011	None	A timeout (30000 milliseconds) was reached while waiting for a transaction response from the mccspsvc service.
Error	03-08-2019 11:01:57	Service Control Manager	7011	None	A timeout (30000 milliseconds) was reached while waiting for a transaction response from the mfemms service.
Error	03-08-2019 11:01:57	Service Control Manager	7011	None	A timeout (30000 milliseconds) was reached while waiting for a transaction response from the ModuleCoreService service.
Information	03-08-2019 11:01:37	Microsoft-Windows-Kernel-Power	109	(103)	"The kernel power manager has initiated a shutdown transition.

Shutdown Reason: Kernel API"
Information	03-08-2019 11:06:22	EventLog	6013	None	The system uptime is 39 seconds.
Information	03-08-2019 11:06:22	EventLog	6005	None	The Event log service was started.
Information	03-08-2019 11:06:22	EventLog	6009	None	Microsoft (R) Windows (R) 10.00. 17134  Multiprocessor Free.
Information	03-08-2019 11:01:31	EventLog	6006	None	The Event log service was stopped.
Information	03-08-2019 11:01:29	Microsoft-Windows-Dhcp-Client	50037	Service State Event	DHCPv4 client service is stopped. ShutDown Flag value is 1
Information	03-08-2019 11:01:29	Microsoft-Windows-DHCPv6-Client	51057	Service State Event	DHCPv6 client service stop is almost done.DHCP Context Ref count is 1
Information	03-08-2019 11:01:29	Microsoft-Windows-DHCPv6-Client	51047	Service State Event	DHCPv6 client service is stopped. ShutDown Flag value is 1
Information	03-08-2019 11:01:28	Microsoft-Windows-Dhcp-Client	50106	Service State Event	DHCPv4 is waiting on DHCPv6 service to stop
Information	03-08-2019 11:01:28	Microsoft-Windows-Dhcp-Client	50105	Service State Event	DHCPv4 client ProcessDHCPRequestForever received TERMINATE_EVENT
Information	03-08-2019 11:01:27	Microsoft-Windows-Dhcp-Client	50104	Service State Event	DHCPv4 client received shutdown notification
Information	03-08-2019 11:01:27	McAfee Service Controller	4	None	The mfefire MMS Service entered the Post-Shutdown state.
Information	03-08-2019 11:01:15	Microsoft-Windows-Winlogon	7002	(1102)	User Logoff Notification for Customer Experience Improvement Program
Error	03-08-2019 11:01:01	Microsoft-Windows-DistributedCOM	10010	None	The server {4AA0A5C4-1B9B-4F2E-99D7-99C6AEC83474} did not register with DCOM within the required timeout.
Information	03-08-2019 10:32:57	Microsoft-Windows-WindowsUpdateClient	19	Windows Update Agent	Installation Successful: Windows successfully installed the following update: 9WZDNCRFHVQM-MICROSOFT.WINDOWSCOMMUNICATIONSAPPS
Error	03-08-2019 10:24:59	Microsoft-Windows-DistributedCOM	10016	None	"The application-specific permission settings do not grant Local Activation permission for the COM Server application with CLSID 
{8BC3F05E-D86B-11D0-A075-00C04FB68820}
 and APPID 
{8BC3F05E-D86B-11D0-A075-00C04FB68820}
 to the user DESKTOP-HNCA8IM\karthikeyaram SID (S-1-5-21-2479648021-1448410262-2704196919-1001) from address LocalHost (Using LRPC) running in the application container Microsoft.Office.Desktop_16051.11901.20176.0_x86__8wekyb3d8bbwe SID (S-1-15-2-3133724006-601146078-3362236007-3646430149-2733950695-88948405-3932091522-745874277-2788866562-3637036130-2704591983). This security permission can be modified using the Component Services administrative tool."
Error	03-08-2019 10:24:18	Microsoft-Windows-DistributedCOM	10016	None	"The application-specific permission settings do not grant Local Activation permission for the COM Server application with CLSID 
{8BC3F05E-D86B-11D0-A075-00C04FB68820}
 and APPID 
{8BC3F05E-D86B-11D0-A075-00C04FB68820}
 to the user DESKTOP-HNCA8IM\karthikeyaram SID (S-1-5-21-2479648021-1448410262-2704196919-1001) from address LocalHost (Using LRPC) running in the application container Microsoft.Office.Desktop_16051.11901.20176.0_x86__8wekyb3d8bbwe SID (S-1-15-2-3133724006-601146078-3362236007-3646430149-2733950695-88948405-3932091522-2294745554-4231508747-2212609044-4064588823). This security permission can be modified using the Component Services administrative tool."
Information	03-08-2019 10:22:55	Microsoft-Windows-Kernel-General	16	None	The access history in hive \??\C:\ProgramData\Packages\Microsoft.Office.Desktop_8wekyb3d8bbwe\S-1-5-21-2479648021-1448410262-2704196919-1001\SystemAppData\Helium\UserClasses.dat was cleared updating 41 keys and creating 2 modified pages.
Information	03-08-2019 10:22:55	Microsoft-Windows-Kernel-General	16	None	The access history in hive \??\C:\ProgramData\Packages\Microsoft.Office.Desktop_8wekyb3d8bbwe\S-1-5-21-2479648021-1448410262-2704196919-1001\SystemAppData\Helium\User.dat was cleared updating 628 keys and creating 103 modified pages.
Information	03-08-2019 10:17:26	Microsoft-Windows-WindowsUpdateClient	43	Windows Update Agent	Installation Started: Windows has started installing the following update: 9WZDNCRFHVQM-MICROSOFT.WINDOWSCOMMUNICATIONSAPPS
Information	03-08-2019 10:14:50	Microsoft-Windows-Kernel-General	16	None	The access history in hive \??\C:\ProgramData\Microsoft\Windows\AppRepository\Packages\microsoft.windowscommunicationsapps_16005.11901.20184.0_x64__8wekyb3d8bbwe\ActivationStore.dat was cleared updating 0 keys and creating 0 modified pages.
Information	03-08-2019 10:14:48	Microsoft-Windows-Kernel-General	16	None	The access history in hive \Device\HarddiskVolume1\EFI\Microsoft\Recovery\BCD was cleared updating 29 keys and creating 3 modified pages.
Information	03-08-2019 10:09:53	Microsoft-Windows-WindowsUpdateClient	19	Windows Update Agent	Installation Successful: Windows successfully installed the following update: 9WZDNCRFJBMP-MICROSOFT.WINDOWSSTORE
Information	03-08-2019 10:09:30	Microsoft-Windows-WindowsUpdateClient	43	Windows Update Agent	Installation Started: Windows has started installing the following update: 9WZDNCRFJBMP-MICROSOFT.WINDOWSSTORE
Information	03-08-2019 10:09:22	Microsoft-Windows-Kernel-General	16	None	The access history in hive \??\C:\ProgramData\Microsoft\Windows\AppRepository\Packages\Microsoft.WindowsStore_11906.1001.24.0_x64__8wekyb3d8bbwe\ActivationStore.dat was cleared updating 0 keys and creating 0 modified pages.
Information	03-08-2019 10:08:44	Microsoft-Windows-WindowsUpdateClient	19	Windows Update Agent	Installation Successful: Windows successfully installed the following update: 9WZDNCRFJBD8-Microsoft.XboxApp
Information	03-08-2019 10:08:36	Microsoft-Windows-WindowsUpdateClient	44	Windows Update Agent	Windows Update started downloading an update.
Information	03-08-2019 10:08:36	Microsoft-Windows-WindowsUpdateClient	43	Windows Update Agent	Installation Started: Windows has started installing the following update: 9WZDNCRFJBD8-Microsoft.XboxApp
Information	03-08-2019 10:08:36	Microsoft-Windows-WindowsUpdateClient	19	Windows Update Agent	Installation Successful: Windows successfully installed the following update: 9NCBCSZSJRSB-SpotifyAB.SpotifyMusic
Information	03-08-2019 10:08:31	Microsoft-Windows-WindowsUpdateClient	44	Windows Update Agent	Windows Update started downloading an update.
Information	03-08-2019 10:08:27	Microsoft-Windows-Kernel-General	16	None	The access history in hive \??\C:\Users\karthikeyaram\AppData\Local\Packages\SpotifyAB.SpotifyMusic_zpdnekdrzrea0\Settings\settings.dat was cleared updating 3 keys and creating 1 modified pages.
Information	03-08-2019 10:08:25	Microsoft-Windows-WindowsUpdateClient	43	Windows Update Agent	Installation Started: Windows has started installing the following update: 9NCBCSZSJRSB-SpotifyAB.SpotifyMusic
Information	03-08-2019 10:08:25	Microsoft-Windows-WindowsUpdateClient	19	Windows Update Agent	Installation Successful: Windows successfully installed the following update: ApplicationSet-CFQ7TTC0K56C-Microsoft.Office.Desktop
Information	03-08-2019 10:08:16	Microsoft-Windows-Kernel-General	16	None	The access history in hive \??\C:\ProgramData\Microsoft\Windows\AppRepository\Packages\Microsoft.XboxApp_48.55.30001.0_x64__8wekyb3d8bbwe\ActivationStore.dat was cleared updating 0 keys and creating 0 modified pages.
Information	03-08-2019 10:07:37	Microsoft-Windows-Kernel-General	16	None	The access history in hive \??\C:\ProgramData\Microsoft\Windows\AppRepository\Packages\SpotifyAB.SpotifyMusic_1.112.449.0_x86__zpdnekdrzrea0\ActivationStore.dat was cleared updating 0 keys and creating 0 modified pages.
Information	03-08-2019 10:07:37	Microsoft-Windows-WindowsUpdateClient	43	Windows Update Agent	Installation Started: Windows has started installing the following update: ApplicationSet-CFQ7TTC0K56C-Microsoft.Office.Desktop
Information	03-08-2019 10:07:21	Microsoft-Windows-Kernel-General	16	None	The access history in hive \??\C:\ProgramData\Microsoft\Windows\AppRepository\Packages\Microsoft.Office.Desktop_16051.11901.20176.0_x86__8wekyb3d8bbwe\ActivationStore.dat was cleared updating 0 keys and creating 0 modified pages.
Information	03-08-2019 10:06:56	Microsoft-Windows-Kernel-General	16	None	The access history in hive \??\C:\ProgramData\Microsoft\Windows\AppRepository\Packages\Microsoft.Office.Desktop.Excel_16051.11901.20176.0_x86__8wekyb3d8bbwe\ActivationStore.dat was cleared updating 0 keys and creating 0 modified pages.
Information	03-08-2019 09:51:42	Microsoft-Windows-Kernel-General	16	None	The access history in hive \??\C:\ProgramData\Microsoft\Windows\AppRepository\Packages\Microsoft.Office.Desktop.Publisher_16051.11901.20176.0_x86__8wekyb3d8bbwe\ActivationStore.dat was cleared updating 0 keys and creating 0 modified pages.
Information	03-08-2019 09:49:59	Microsoft-Windows-Kernel-Power	105	(100)	Power source change.
Information	03-08-2019 09:41:19	Microsoft-Windows-WindowsUpdateClient	44	Windows Update Agent	Windows Update started downloading an update.
Information	03-08-2019 09:41:19	Microsoft-Windows-WindowsUpdateClient	19	Windows Update Agent	Installation Successful: Windows successfully installed the following update: 9WZDNCRFJ3PG-MICROSOFT.BINGTRANSLATOR
Information	03-08-2019 09:41:04	Microsoft-Windows-Kernel-General	16	None	The access history in hive \??\C:\ProgramData\Microsoft\Windows\AppRepository\Packages\Microsoft.Office.Desktop.Outlook_16051.11901.20176.0_x86__8wekyb3d8bbwe\ActivationStore.dat was cleared updating 0 keys and creating 0 modified pages.
Information	03-08-2019 09:40:27	Microsoft-Windows-Kernel-General	16	None	The access history in hive \??\C:\Users\karthikeyaram\AppData\Local\Packages\1527c705-839a-4832-9118-54d4bd6a0c89_cw5n1h2txyewy\Settings\settings.dat was cleared updating 2 keys and creating 1 modified pages.
Information	03-08-2019 09:40:22	Microsoft-Windows-Kernel-General	16	None	The access history in hive \??\C:\ProgramData\Microsoft\Windows\AppRepository\Packages\Microsoft.Office.Desktop.Access_16051.11901.20176.0_x86__8wekyb3d8bbwe\ActivationStore.dat was cleared updating 0 keys and creating 0 modified pages.
Information	03-08-2019 09:40:20	Microsoft-Windows-Kernel-General	16	None	The access history in hive \??\C:\Users\karthikeyaram\AppData\Local\Packages\c5e2524a-ea46-4f67-841f-6a9465d9d515_cw5n1h2txyewy\Settings\settings.dat was cleared updating 2 keys and creating 1 modified pages.
Information	03-08-2019 09:40:02	Microsoft-Windows-Kernel-General	16	None	The access history in hive \??\C:\Users\karthikeyaram\AppData\Local\Packages\e2a4f912-2574-4a75-9bb0-0d023378592b_cw5n1h2txyewy\Settings\settings.dat was cleared updating 2 keys and creating 1 modified pages.
Information	03-08-2019 09:40:00	Microsoft-Windows-Kernel-General	16	None	The access history in hive \??\C:\Users\karthikeyaram\AppData\Local\Packages\f46d4000-fd22-4db4-ac8e-4e1ddde828fe_cw5n1h2txyewy\Settings\settings.dat was cleared updating 2 keys and creating 1 modified pages.
Information	03-08-2019 09:39:49	Microsoft-Windows-Kernel-General	16	None	The access history in hive \??\C:\Users\karthikeyaram\AppData\Local\Packages\inputapp_cw5n1h2txyewy\Settings\settings.dat was cleared updating 2 keys and creating 1 modified pages.
Information	03-08-2019 09:39:48	Microsoft-Windows-Kernel-General	16	None	The access history in hive \??\C:\Users\karthikeyaram\AppData\Local\Packages\microsoft.accountscontrol_cw5n1h2txyewy\Settings\settings.dat was cleared updating 2 keys and creating 1 modified pages.
Information	03-08-2019 09:39:37	Microsoft-Windows-Kernel-General	16	None	The access history in hive \??\C:\Users\karthikeyaram\AppData\Local\Packages\microsoft.bioenrollment_cw5n1h2txyewy\Settings\settings.dat was cleared updating 2 keys and creating 1 modified pages.
Information	03-08-2019 09:39:32	Microsoft-Windows-Kernel-General	16	None	The access history in hive \??\C:\Users\karthikeyaram\AppData\Local\Packages\microsoft.creddialoghost_cw5n1h2txyewy\Settings\settings.dat was cleared updating 2 keys and creating 1 modified pages.
Information	03-08-2019 09:39:24	Microsoft-Windows-Kernel-General	16	None	The access history in hive \??\C:\Users\karthikeyaram\AppData\Local\Packages\microsoft.ecapp_8wekyb3d8bbwe\Settings\settings.dat was cleared updating 2 keys and creating 1 modified pages.
Information	03-08-2019 09:39:10	Microsoft-Windows-Kernel-General	16	None	The access history in hive \??\C:\ProgramData\Microsoft\Windows\AppRepository\Packages\Microsoft.Office.Desktop.Word_16051.11901.20176.0_x86__8wekyb3d8bbwe\ActivationStore.dat was cleared updating 0 keys and creating 0 modified pages.
Information	03-08-2019 09:38:57	Microsoft-Windows-Kernel-General	16	None	The access history in hive \??\C:\Users\karthikeyaram\AppData\Local\Packages\microsoft.office.desktop_8wekyb3d8bbwe\Settings\settings.dat was cleared updating 2 keys and creating 1 modified pages.
Information	03-08-2019 09:38:54	Microsoft-Windows-Kernel-General	16	None	The access history in hive \??\C:\Users\karthikeyaram\AppData\Local\Packages\microsoft.people_8wekyb3d8bbwe\Settings\settings.dat was cleared updating 2 keys and creating 1 modified pages.
Information	03-08-2019 09:38:54	Microsoft-Windows-WindowsUpdateClient	43	Windows Update Agent	Installation Started: Windows has started installing the following update: 9WZDNCRFJ3PG-MICROSOFT.BINGTRANSLATOR
Information	03-08-2019 09:38:53	Microsoft-Windows-Kernel-General	16	None	The access history in hive \??\C:\Users\karthikeyaram\AppData\Local\Packages\microsoft.ppiprojection_cw5n1h2txyewy\Settings\settings.dat was cleared updating 2 keys and creating 1 modified pages.
Information	03-08-2019 09:38:47	Microsoft-Windows-Kernel-General	16	None	The access history in hive \??\C:\Users\karthikeyaram\AppData\Local\Packages\microsoft.windows.apprep.chxapp_cw5n1h2txyewy\Settings\settings.dat was cleared updating 2 keys and creating 1 modified pages.
Information	03-08-2019 09:38:38	Microsoft-Windows-Kernel-General	16	None	The access history in hive \??\C:\Users\karthikeyaram\AppData\Local\Packages\microsoft.windows.holographicfirstrun_cw5n1h2txyewy\Settings\settings.dat was cleared updating 2 keys and creating 1 modified pages.
Information	03-08-2019 09:38:28	Microsoft-Windows-Kernel-General	16	None	The access history in hive \??\C:\Users\karthikeyaram\AppData\Local\Packages\microsoft.windows.oobenetworkcaptiveportal_cw5n1h2txyewy\Settings\settings.dat was cleared updating 2 keys and creating 1 modified pages.
Information	03-08-2019 09:38:26	Microsoft-Windows-Kernel-General	16	None	The access history in hive \??\C:\Users\karthikeyaram\AppData\Local\Packages\microsoft.windows.oobenetworkconnectionflow_cw5n1h2txyewy\Settings\settings.dat was cleared updating 2 keys and creating 1 modified pages.
Information	03-08-2019 09:38:25	Microsoft-Windows-Kernel-General	16	None	The access history in hive \??\C:\Users\karthikeyaram\AppData\Local\Packages\microsoft.windows.parentalcontrols_cw5n1h2txyewy\Settings\settings.dat was cleared updating 2 keys and creating 1 modified pages.
Information	03-08-2019 09:38:23	Microsoft-Windows-Kernel-General	16	None	The access history in hive \??\C:\Users\karthikeyaram\AppData\Local\Packages\microsoft.windows.peopleexperiencehost_cw5n1h2txyewy\Settings\settings.dat was cleared updating 2 keys and creating 1 modified pages.
Information	03-08-2019 09:38:21	Microsoft-Windows-Kernel-General	16	None	The access history in hive \??\C:\ProgramData\Microsoft\Windows\AppRepository\Packages\Microsoft.Office.Desktop.PowerPoint_16051.11901.20176.0_x86__8wekyb3d8bbwe\ActivationStore.dat was cleared updating 0 keys and creating 0 modified pages.
Information	03-08-2019 09:38:20	Microsoft-Windows-Kernel-General	16	None	The access history in hive \??\C:\Users\karthikeyaram\AppData\Local\Packages\microsoft.windows.pinningconfirmationdialog_cw5n1h2txyewy\Settings\settings.dat was cleared updating 2 keys and creating 1 modified pages.
Information	03-08-2019 09:38:20	Microsoft-Windows-Kernel-General	16	None	The access history in hive \??\C:\ProgramData\Microsoft\Windows\AppRepository\Packages\Microsoft.BingTranslator_5.6.0.0_x64__8wekyb3d8bbwe\ActivationStore.dat was cleared updating 0 keys and creating 0 modified pages.
Information	03-08-2019 09:38:00	Microsoft-Windows-Kernel-General	16	None	The access history in hive \??\C:\Users\karthikeyaram\AppData\Local\Packages\microsoft.xboxgamecallableui_cw5n1h2txyewy\Settings\settings.dat was cleared updating 2 keys and creating 1 modified pages.
Information	03-08-2019 09:37:46	Microsoft-Windows-Kernel-General	16	None	The access history in hive \??\C:\Users\karthikeyaram\AppData\Local\Packages\windows.printdialog_cw5n1h2txyewy\Settings\settings.dat was cleared updating 2 keys and creating 1 modified pages.
Error	03-08-2019 09:34:52	Service Control Manager	7011	None	A timeout (30000 milliseconds) was reached while waiting for a transaction response from the sedsvc service.
Information	03-08-2019 09:34:22	Service Control Manager	7040	None	The start type of the Windows Remediation Service service was changed from auto start to disabled.
Information	03-08-2019 09:33:26	Microsoft-Windows-WindowsUpdateClient	19	Windows Update Agent	Installation Successful: Windows successfully installed the following update: 2019-08 Update for Windows 10 Version 1803 for x64-based Systems (KB4023057)
Information	03-08-2019 09:33:16	Service Control Manager	7040	None	The start type of the Windows Remediation Service service was changed from disabled to auto start.
Information	03-08-2019 09:33:10	Microsoft-Windows-Ntfs	98	None	Volume OS (\Device\HarddiskVolumeShadowCopy2) is healthy.  No action is needed.
Information	03-08-2019 09:33:09	Microsoft-Windows-WindowsUpdateClient	43	Windows Update Agent	Installation Started: Windows has started installing the following update: 2019-08 Update for Windows 10 Version 1803 for x64-based Systems (KB4023057)
Information	03-08-2019 09:32:12	Microsoft-Windows-WindowsUpdateClient	44	Windows Update Agent	Windows Update started downloading an update.
Information	03-08-2019 09:32:08	Microsoft-Windows-WindowsUpdateClient	44	Windows Update Agent	Windows Update started downloading an update.
Information	03-08-2019 09:32:08	Microsoft-Windows-WindowsUpdateClient	44	Windows Update Agent	Windows Update started downloading an update.
Information	03-08-2019 09:31:35	Microsoft-Windows-WindowsUpdateClient	44	Windows Update Agent	Windows Update started downloading an update.
Warning	03-08-2019 09:30:17	Microsoft-Windows-DNS-Client	1014	(1014)	Name resolution for the name _ldap._tcp.dc._msdcs.DESKTOP-HNCA8IM timed out after none of the configured DNS servers responded.
Error	03-08-2019 09:28:28	Microsoft-Windows-DistributedCOM	10016	None	"The application-specific permission settings do not grant Local Activation permission for the COM Server application with CLSID 
{8BC3F05E-D86B-11D0-A075-00C04FB68820}
 and APPID 
{8BC3F05E-D86B-11D0-A075-00C04FB68820}
 to the user DESKTOP-HNCA8IM\karthikeyaram SID (S-1-5-21-2479648021-1448410262-2704196919-1001) from address LocalHost (Using LRPC) running in the application container Microsoft.Windows.ContentDeliveryManager_10.0.17134.1_neutral_neutral_cw5n1h2txyewy SID (S-1-15-2-350187224-1905355452-1037786396-3028148496-2624191407-3283318427-1255436723). This security permission can be modified using the Component Services administrative tool."
Error	03-08-2019 09:28:17	Microsoft-Windows-DistributedCOM	10016	None	"The application-specific permission settings do not grant Local Activation permission for the COM Server application with CLSID 
{8BC3F05E-D86B-11D0-A075-00C04FB68820}
 and APPID 
{8BC3F05E-D86B-11D0-A075-00C04FB68820}
 to the user DESKTOP-HNCA8IM\karthikeyaram SID (S-1-5-21-2479648021-1448410262-2704196919-1001) from address LocalHost (Using LRPC) running in the application container Microsoft.Windows.ContentDeliveryManager_10.0.17134.1_neutral_neutral_cw5n1h2txyewy SID (S-1-15-2-350187224-1905355452-1037786396-3028148496-2624191407-3283318427-1255436723). This security permission can be modified using the Component Services administrative tool."
Error	03-08-2019 09:27:12	Microsoft-Windows-DistributedCOM	10016	None	"The application-specific permission settings do not grant Local Activation permission for the COM Server application with CLSID 
{8BC3F05E-D86B-11D0-A075-00C04FB68820}
 and APPID 
{8BC3F05E-D86B-11D0-A075-00C04FB68820}
 to the user DESKTOP-HNCA8IM\karthikeyaram SID (S-1-5-21-2479648021-1448410262-2704196919-1001) from address LocalHost (Using LRPC) running in the application container Microsoft.Windows.ContentDeliveryManager_10.0.17134.1_neutral_neutral_cw5n1h2txyewy SID (S-1-15-2-350187224-1905355452-1037786396-3028148496-2624191407-3283318427-1255436723). This security permission can be modified using the Component Services administrative tool."
Error	03-08-2019 09:25:43	Microsoft-Windows-DistributedCOM	10001	None	"Unable to start a DCOM Server: Microsoft.AAD.BrokerPlugin_1000.17134.1.0_neutral_neutral_cw5n1h2txyewy!Windows.Security.Authentication.Web.Core.BackgroundGetTokenTask.ClassId.WebAccountProvider as Unavailable/Unavailable. The error:
""298""
Happened while starting this command:
""C:\WINDOWS\system32\BackgroundTaskHost.exe"" -ServerName:BackgroundTaskHost.WebAccountProvider"
Error	03-08-2019 09:24:48	Microsoft-Windows-DistributedCOM	10016	None	"The application-specific permission settings do not grant Local Activation permission for the COM Server application with CLSID 
{D63B10C5-BB46-4990-A94F-E40B9D520160}
 and APPID 
{9CA88EE3-ACB7-47C8-AFC4-AB702511C276}
 to the user NT AUTHORITY\LOCAL SERVICE SID (S-1-5-19) from address LocalHost (Using LRPC) running in the application container Unavailable SID (Unavailable). This security permission can be modified using the Component Services administrative tool."
Information	03-08-2019 09:24:48	Microsoft-Windows-Ntfs	98	None	Volume D: (\Device\HarddiskVolume5) is healthy.  No action is needed.
Error	03-08-2019 09:24:47	Microsoft-Windows-DistributedCOM	10016	None	"The application-specific permission settings do not grant Local Activation permission for the COM Server application with CLSID 
{6B3B8D23-FA8D-40B9-8DBD-B950333E2C52}
 and APPID 
{4839DDB7-58C2-48F5-8283-E1D1807D0D7D}
 to the user NT AUTHORITY\LOCAL SERVICE SID (S-1-5-19) from address LocalHost (Using LRPC) running in the application container Unavailable SID (Unavailable). This security permission can be modified using the Component Services administrative tool."
Error	03-08-2019 09:24:47	Microsoft-Windows-DistributedCOM	10016	None	"The application-specific permission settings do not grant Local Activation permission for the COM Server application with CLSID 
{6B3B8D23-FA8D-40B9-8DBD-B950333E2C52}
 and APPID 
{4839DDB7-58C2-48F5-8283-E1D1807D0D7D}
 to the user NT AUTHORITY\LOCAL SERVICE SID (S-1-5-19) from address LocalHost (Using LRPC) running in the application container Unavailable SID (Unavailable). This security permission can be modified using the Component Services administrative tool."
Information	03-08-2019 09:24:38	Microsoft-Windows-Winlogon	7001	(1101)	User Logon Notification for Customer Experience Improvement Program
Information	03-08-2019 09:24:37	Microsoft-Windows-Ntfs	98	None	Volume E: (\Device\HarddiskVolume6) is healthy.  No action is needed.
Information	03-08-2019 09:24:29	Microsoft-Windows-Power-Troubleshooter	1	None	"The system has returned from a low power state.

Sleep Time: ‎2019‎-‎07‎-‎31T04:47:49.750921400Z
Wake Time: ‎2019‎-‎08‎-‎03T03:54:23.542871000Z

Wake Source: Unknown"
Error	03-08-2019 09:24:25	BTHUSB	5	None	The Bluetooth driver expected an HCI event with a certain size but did not receive it.
Information	03-08-2019 09:24:24	BTHUSB	18	None	Windows cannot store Bluetooth authentication codes (link keys) on the local adapter. Bluetooth keyboards might not work in the system BIOS during startup.
Warning	03-08-2019 09:24:24	Microsoft-Windows-WHEA-Logger	17	None	"A corrected hardware error has occurred.

Component: PCI Express Root Port
Error Source: Advanced Error Reporting (PCI Express)

Bus:Device:Function: 0x0:0x1C:0x0
Vendor ID:Device ID: 0x8086:0x9D14
Class Code: 0x30400

The details view of this entry contains further information."
Warning	03-08-2019 09:24:24	Microsoft-Windows-WHEA-Logger	17	None	"A corrected hardware error has occurred.

Component: PCI Express Root Port
Error Source: Advanced Error Reporting (PCI Express)

Bus:Device:Function: 0x0:0x1C:0x0
Vendor ID:Device ID: 0x8086:0x9D14
Class Code: 0x30400

The details view of this entry contains further information."
Information	03-08-2019 09:24:23	Microsoft-Windows-Kernel-Boot	27	(33)	The boot type was 0x1.
Information	03-08-2019 09:24:23	Microsoft-Windows-Kernel-Boot	25	(32)	The boot menu policy was 0x1.
Information	03-08-2019 09:24:23	Microsoft-Windows-Kernel-Boot	32	(58)	The bootmgr spent 0 ms waiting for user input.
Information	03-08-2019 09:24:23	Microsoft-Windows-Kernel-Boot	18	(57)	There are 0x1 boot options on this system.
Information	03-08-2019 09:24:23	Microsoft-Windows-Kernel-Boot	30	(21)	The firmware reported boot metrics.
